# JRE version: OpenJDK Runtime Environment (11.0.6+10) (build 11.0.6+10-LTS)
# Java VM: OpenJDK 64-Bit Server VM (11.0.6+10-LTS, mixed mode, sharing, tiered, compressed oops, g1 gc, linux-amd64)
Heap:
 garbage-first heap   total 8388608K, used 6158247K [0x0000000600000000, 0x0000000800000000)
  region size 4096K, 1147 young (4698112K), 12 survivors (49152K)
 Metaspace       used 233841K, capacity 254505K, committed 254592K, reserved 1261568K
  class space    used 27132K, capacity 34170K, committed 34176K, reserved 1040384K
GC Heap History (20 events):
Event: 1409129.277 GC heap before
{Heap before GC invocations=15340 (full 0):
 garbage-first heap   total 8388608K, used 6489425K [0x0000000600000000, 0x0000000800000000)
  region size 4096K, 1228 young (5029888K), 11 survivors (45056K)
 Metaspace       used 233841K, capacity 254505K, committed 254592K, reserved 1261568K
  class space    used 27132K, capacity 34170K, committed 34176K, reserved 1040384K
}
Event: 1409129.467 GC heap after
{Heap after GC invocations=15341 (full 0):
 garbage-first heap   total 8388608K, used 1526105K [0x0000000600000000, 0x0000000800000000)
  region size 4096K, 15 young (61440K), 15 survivors (61440K)
 Metaspace       used 233841K, capacity 254505K, committed 254592K, reserved 1261568K
  class space    used 27132K, capacity 34170K, committed 34176K, reserved 1040384K
}
Event: 1409177.724 GC heap before
{Heap before GC invocations=15341 (full 0):
 garbage-first heap   total 8388608K, used 6490457K [0x0000000600000000, 0x0000000800000000)
  region size 4096K, 1228 young (5029888K), 15 survivors (61440K)
 Metaspace       used 233841K, capacity 254505K, committed 254592K, reserved 1261568K
  class space    used 27132K, capacity 34170K, committed 34176K, reserved 1040384K
}
Event: 1409177.908 GC heap after
{Heap after GC invocations=15342 (full 0):
 garbage-first heap   total 8388608K, used 1516638K [0x0000000600000000, 0x0000000800000000)
  region size 4096K, 13 young (53248K), 13 survivors (53248K)
 Metaspace       used 233841K, capacity 254505K, committed 254592K, reserved 1261568K
  class space    used 27132K, capacity 34170K, committed 34176K, reserved 1040384K
}
Event: 1409216.534 GC heap before
{Heap before GC invocations=15342 (full 0):
 garbage-first heap   total 8388608K, used 6489182K [0x0000000600000000, 0x0000000800000000)
  region size 4096K, 1228 young (5029888K), 13 survivors (53248K)
 Metaspace       used 233841K, capacity 254505K, committed 254592K, reserved 1261568K
  class space    used 27132K, capacity 34170K, committed 34176K, reserved 1040384K
}
Event: 1409216.704 GC heap after
{Heap after GC invocations=15343 (full 0):
 garbage-first heap   total 8388608K, used 1515265K [0x0000000600000000, 0x0000000800000000)
  region size 4096K, 13 young (53248K), 13 survivors (53248K)
 Metaspace       used 233841K, capacity 254505K, committed 254592K, reserved 1261568K
  class space    used 27132K, capacity 34170K, committed 34176K, reserved 1040384K
}
Event: 1409247.741 GC heap before
{Heap before GC invocations=15343 (full 0):
 garbage-first heap   total 8388608K, used 6487809K [0x0000000600000000, 0x0000000800000000)
  region size 4096K, 1228 young (5029888K), 13 survivors (53248K)
 Metaspace       used 233841K, capacity 254505K, committed 254592K, reserved 1261568K
  class space    used 27132K, capacity 34170K, committed 34176K, reserved 1040384K
}
Event: 1409247.931 GC heap after
{Heap after GC invocations=15344 (full 0):
 garbage-first heap   total 8388608K, used 1509382K [0x0000000600000000, 0x0000000800000000)
  region size 4096K, 11 young (45056K), 11 survivors (45056K)
 Metaspace       used 233841K, capacity 254505K, committed 254592K, reserved 1261568K
  class space    used 27132K, capacity 34170K, committed 34176K, reserved 1040384K
}
Event: 1409291.309 GC heap before
{Heap before GC invocations=15344 (full 0):
 garbage-first heap   total 8388608K, used 6490118K [0x0000000600000000, 0x0000000800000000)
  region size 4096K, 1228 young (5029888K), 11 survivors (45056K)
 Metaspace       used 233841K, capacity 254505K, committed 254592K, reserved 1261568K
  class space    used 27132K, capacity 34170K, committed 34176K, reserved 1040384K
}
Event: 1409291.493 GC heap after
{Heap after GC invocations=15345 (full 0):
 garbage-first heap   total 8388608K, used 1510126K [0x0000000600000000, 0x0000000800000000)
  region size 4096K, 11 young (45056K), 11 survivors (45056K)
 Metaspace       used 233841K, capacity 254505K, committed 254592K, reserved 1261568K
  class space    used 27132K, capacity 34170K, committed 34176K, reserved 1040384K
}
Event: 1409328.029 GC heap before
{Heap before GC invocations=15345 (full 0):
 garbage-first heap   total 8388608K, used 6494958K [0x0000000600000000, 0x0000000800000000)
  region size 4096K, 1228 young (5029888K), 11 survivors (45056K)
 Metaspace       used 233841K, capacity 254505K, committed 254592K, reserved 1261568K
  class space    used 27132K, capacity 34170K, committed 34176K, reserved 1040384K
}
Event: 1409328.210 GC heap after
{Heap after GC invocations=15346 (full 0):
 garbage-first heap   total 8388608K, used 1501020K [0x0000000600000000, 0x0000000800000000)
  region size 4096K, 9 young (36864K), 9 survivors (36864K)
 Metaspace       used 233841K, capacity 254505K, committed 254592K, reserved 1261568K
  class space    used 27132K, capacity 34170K, committed 34176K, reserved 1040384K
}
Event: 1409395.487 GC heap before
{Heap before GC invocations=15346 (full 0):
 garbage-first heap   total 8388608K, used 6494044K [0x0000000600000000, 0x0000000800000000)
  region size 4096K, 1228 young (5029888K), 9 survivors (36864K)
 Metaspace       used 233841K, capacity 254505K, committed 254592K, reserved 1261568K
  class space    used 27132K, capacity 34170K, committed 34176K, reserved 1040384K
}
Event: 1409395.677 GC heap after
{Heap after GC invocations=15347 (full 0):
 garbage-first heap   total 8388608K, used 1522723K [0x0000000600000000, 0x0000000800000000)
  region size 4096K, 14 young (57344K), 14 survivors (57344K)
 Metaspace       used 233841K, capacity 254505K, committed 254592K, reserved 1261568K
  class space    used 27132K, capacity 34170K, committed 34176K, reserved 1040384K
}
Event: 1409438.110 GC heap before
{Heap before GC invocations=15347 (full 0):
 garbage-first heap   total 8388608K, used 6495267K [0x0000000600000000, 0x0000000800000000)
  region size 4096K, 1228 young (5029888K), 14 survivors (57344K)
 Metaspace       used 233841K, capacity 254505K, committed 254592K, reserved 1261568K
  class space    used 27132K, capacity 34170K, committed 34176K, reserved 1040384K
}
Event: 1409438.287 GC heap after
{Heap after GC invocations=15348 (full 0):
 garbage-first heap   total 8388608K, used 1512926K [0x0000000600000000, 0x0000000800000000)
  region size 4096K, 12 young (49152K), 12 survivors (49152K)
 Metaspace       used 233841K, capacity 254505K, committed 254592K, reserved 1261568K
  class space    used 27132K, capacity 34170K, committed 34176K, reserved 1040384K
}
Event: 1409505.351 GC heap before
{Heap before GC invocations=15348 (full 0):
 garbage-first heap   total 8388608K, used 6493662K [0x0000000600000000, 0x0000000800000000)
  region size 4096K, 1228 young (5029888K), 12 survivors (49152K)
 Metaspace       used 233841K, capacity 254505K, committed 254592K, reserved 1261568K
  class space    used 27132K, capacity 34170K, committed 34176K, reserved 1040384K
}
Event: 1409505.537 GC heap after
{Heap after GC invocations=15349 (full 0):
 garbage-first heap   total 8388608K, used 1517279K [0x0000000600000000, 0x0000000800000000)
  region size 4096K, 13 young (53248K), 13 survivors (53248K)
 Metaspace       used 233841K, capacity 254505K, committed 254592K, reserved 1261568K
  class space    used 27132K, capacity 34170K, committed 34176K, reserved 1040384K
}
Event: 1409549.338 GC heap before
{Heap before GC invocations=15349 (full 0):
 garbage-first heap   total 8388608K, used 6489823K [0x0000000600000000, 0x0000000800000000)
  region size 4096K, 1228 young (5029888K), 13 survivors (53248K)
 Metaspace       used 233841K, capacity 254505K, committed 254592K, reserved 1261568K
  class space    used 27132K, capacity 34170K, committed 34176K, reserved 1040384K
}
Event: 1409549.521 GC heap after
{Heap after GC invocations=15350 (full 0):
 garbage-first heap   total 8388608K, used 1513383K [0x0000000600000000, 0x0000000800000000)
  region size 4096K, 12 young (49152K), 12 survivors (49152K)
 Metaspace       used 233841K, capacity 254505K, committed 254592K, reserved 1261568K
  class space    used 27132K, capacity 34170K, committed 34176K, reserved 1040384K
}

