# JRE version: OpenJDK Runtime Environment (8.0_322-b06) (build 1.8.0_322-b06)
# Java VM: OpenJDK 64-Bit Server VM (25.322-b06 mixed mode linux-amd64 compressed oops)
Heap:
 PSYoungGen      total 1864192K, used 4300K [0x0000000715580000, 0x00000007c0000000, 0x00000007c0000000)
  eden space 932352K, 0% used [0x0000000715580000,0x0000000715580000,0x000000074e400000)
  from space 931840K, 0% used [0x000000074e400000,0x000000074e833048,0x0000000787200000)
  to   space 931840K, 0% used [0x0000000787200000,0x0000000787200000,0x00000007c0000000)
 ParOldGen       total 3567104K, used 3567038K [0x00000005c0000000, 0x0000000699b80000, 0x0000000715580000)
  object space 3567104K, 99% used [0x00000005c0000000,0x0000000699b6fb08,0x0000000699b80000)
 Metaspace       used 481591K, capacity 507026K, committed 507136K, reserved 1486848K
  class space    used 64355K, capacity 69813K, committed 69888K, reserved 1048576K
GC Heap History (223 events):
Event: 1.780 GC heap before
{Heap before GC invocations=1 (full 0):
 PSYoungGen      total 305664K, used 262144K [0x0000000715580000, 0x000000072aa80000, 0x00000007c0000000)
  eden space 262144K, 100% used [0x0000000715580000,0x0000000725580000,0x0000000725580000)
  from space 43520K, 0% used [0x0000000728000000,0x0000000728000000,0x000000072aa80000)
  to   space 43520K, 0% used [0x0000000725580000,0x0000000725580000,0x0000000728000000)
 ParOldGen       total 699392K, used 0K [0x00000005c0000000, 0x00000005eab00000, 0x0000000715580000)
  object space 699392K, 0% used [0x00000005c0000000,0x00000005c0000000,0x00000005eab00000)
 Metaspace       used 22893K, capacity 24704K, committed 24960K, reserved 1071104K
  class space    used 2593K, capacity 3108K, committed 3200K, reserved 1048576K
Event: 1.800 GC heap after
Heap after GC invocations=1 (full 0):
 PSYoungGen      total 305664K, used 18614K [0x0000000715580000, 0x000000073aa80000, 0x00000007c0000000)
  eden space 262144K, 0% used [0x0000000715580000,0x0000000715580000,0x0000000725580000)
  from space 43520K, 42% used [0x0000000725580000,0x00000007267adac8,0x0000000728000000)
  to   space 43520K, 0% used [0x0000000738000000,0x0000000738000000,0x000000073aa80000)
 ParOldGen       total 699392K, used 16K [0x00000005c0000000, 0x00000005eab00000, 0x0000000715580000)
  object space 699392K, 0% used [0x00000005c0000000,0x00000005c0004000,0x00000005eab00000)
 Metaspace       used 22893K, capacity 24704K, committed 24960K, reserved 1071104K
  class space    used 2593K, capacity 3108K, committed 3200K, reserved 1048576K
}
Event: 10.593 GC heap before
{Heap before GC invocations=2 (full 0):
 PSYoungGen      total 305664K, used 280758K [0x0000000715580000, 0x000000073aa80000, 0x00000007c0000000)
  eden space 262144K, 100% used [0x0000000715580000,0x0000000725580000,0x0000000725580000)
  from space 43520K, 42% used [0x0000000725580000,0x00000007267adac8,0x0000000728000000)
  to   space 43520K, 0% used [0x0000000738000000,0x0000000738000000,0x000000073aa80000)
 ParOldGen       total 699392K, used 16K [0x00000005c0000000, 0x00000005eab00000, 0x0000000715580000)
  object space 699392K, 0% used [0x00000005c0000000,0x00000005c0004000,0x00000005eab00000)
 Metaspace       used 51322K, capacity 58232K, committed 58368K, reserved 1099776K
  class space    used 6487K, capacity 8391K, committed 8448K, reserved 1048576K
Event: 10.640 GC heap after
Heap after GC invocations=2 (full 0):
 PSYoungGen      total 305664K, used 43506K [0x0000000715580000, 0x000000073aa80000, 0x00000007c0000000)
  eden space 262144K, 0% used [0x0000000715580000,0x0000000715580000,0x0000000725580000)
  from space 43520K, 99% used [0x0000000738000000,0x000000073aa7caf8,0x000000073aa80000)
  to   space 43520K, 0% used [0x0000000725580000,0x0000000725580000,0x0000000728000000)
 ParOldGen       total 699392K, used 7665K [0x00000005c0000000, 0x00000005eab00000, 0x0000000715580000)
  object space 699392K, 1% used [0x00000005c0000000,0x00000005c077c458,0x00000005eab00000)
 Metaspace       used 51322K, capacity 58232K, committed 58368K, reserved 1099776K
  class space    used 6487K, capacity 8391K, committed 8448K, reserved 1048576K
}
Event: 12.784 GC heap before
{Heap before GC invocations=3 (full 0):
 PSYoungGen      total 305664K, used 305650K [0x0000000715580000, 0x000000073aa80000, 0x00000007c0000000)
  eden space 262144K, 100% used [0x0000000715580000,0x0000000725580000,0x0000000725580000)
  from space 43520K, 99% used [0x0000000738000000,0x000000073aa7caf8,0x000000073aa80000)
  to   space 43520K, 0% used [0x0000000725580000,0x0000000725580000,0x0000000728000000)
 ParOldGen       total 699392K, used 7673K [0x00000005c0000000, 0x00000005eab00000, 0x0000000715580000)
  object space 699392K, 1% used [0x00000005c0000000,0x00000005c077e5a8,0x00000005eab00000)
 Metaspace       used 62450K, capacity 70244K, committed 70272K, reserved 1110016K
  class space    used 7910K, capacity 10108K, committed 10112K, reserved 1048576K
Event: 12.867 GC heap after
Heap after GC invocations=3 (full 0):
 PSYoungGen      total 305664K, used 43503K [0x0000000715580000, 0x000000073aa80000, 0x00000007c0000000)
  eden space 262144K, 0% used [0x0000000715580000,0x0000000715580000,0x0000000725580000)
  from space 43520K, 99% used [0x0000000725580000,0x0000000727ffbfa8,0x0000000728000000)
  to   space 43520K, 0% used [0x0000000738000000,0x0000000738000000,0x000000073aa80000)
 ParOldGen       total 699392K, used 38595K [0x00000005c0000000, 0x00000005eab00000, 0x0000000715580000)
  object space 699392K, 5% used [0x00000005c0000000,0x00000005c25b0fd0,0x00000005eab00000)
 Metaspace       used 62450K, capacity 70244K, committed 70272K, reserved 1110016K
  class space    used 7910K, capacity 10108K, committed 10112K, reserved 1048576K
}
Event: 14.179 GC heap before
{Heap before GC invocations=4 (full 0):
 PSYoungGen      total 305664K, used 305647K [0x0000000715580000, 0x000000073aa80000, 0x00000007c0000000)
  eden space 262144K, 100% used [0x0000000715580000,0x0000000725580000,0x0000000725580000)
  from space 43520K, 99% used [0x0000000725580000,0x0000000727ffbfa8,0x0000000728000000)
  to   space 43520K, 0% used [0x0000000738000000,0x0000000738000000,0x000000073aa80000)
 ParOldGen       total 699392K, used 40913K [0x00000005c0000000, 0x00000005eab00000, 0x0000000715580000)
  object space 699392K, 5% used [0x00000005c0000000,0x00000005c27f47e0,0x00000005eab00000)
 Metaspace       used 62502K, capacity 70372K, committed 70528K, reserved 1110016K
  class space    used 7914K, capacity 10108K, committed 10112K, reserved 1048576K
Event: 14.273 GC heap after
Heap after GC invocations=4 (full 0):
 PSYoungGen      total 567808K, used 43489K [0x0000000715580000, 0x000000073aa80000, 0x00000007c0000000)
  eden space 524288K, 0% used [0x0000000715580000,0x0000000715580000,0x0000000735580000)
  from space 43520K, 99% used [0x0000000738000000,0x000000073aa78638,0x000000073aa80000)
  to   space 43520K, 0% used [0x0000000735580000,0x0000000735580000,0x0000000738000000)
 ParOldGen       total 699392K, used 88697K [0x00000005c0000000, 0x00000005eab00000, 0x0000000715580000)
  object space 699392K, 12% used [0x00000005c0000000,0x00000005c569e6b8,0x00000005eab00000)
 Metaspace       used 62502K, capacity 70372K, committed 70528K, reserved 1110016K
  class space    used 7914K, capacity 10108K, committed 10112K, reserved 1048576K
}
Event: 15.429 GC heap before
{Heap before GC invocations=5 (full 0):
 PSYoungGen      total 567808K, used 567777K [0x0000000715580000, 0x000000073aa80000, 0x00000007c0000000)
  eden space 524288K, 100% used [0x0000000715580000,0x0000000735580000,0x0000000735580000)
  from space 43520K, 99% used [0x0000000738000000,0x000000073aa78638,0x000000073aa80000)
  to   space 43520K, 0% used [0x0000000735580000,0x0000000735580000,0x0000000738000000)
 ParOldGen       total 699392K, used 88701K [0x00000005c0000000, 0x00000005eab00000, 0x0000000715580000)
  object space 699392K, 12% used [0x00000005c0000000,0x00000005c569f4c8,0x00000005eab00000)
 Metaspace       used 62593K, capacity 70372K, committed 70528K, reserved 1110016K
  class space    used 7929K, capacity 10108K, committed 10112K, reserved 1048576K
Event: 15.653 GC heap after
Heap after GC invocations=5 (full 0):
 PSYoungGen      total 567808K, used 43491K [0x0000000715580000, 0x000000076d980000, 0x00000007c0000000)
  eden space 524288K, 0% used [0x0000000715580000,0x0000000715580000,0x0000000735580000)
  from space 43520K, 99% used [0x0000000735580000,0x0000000737ff8d20,0x0000000738000000)
  to   space 198656K, 0% used [0x0000000761780000,0x0000000761780000,0x000000076d980000)
 ParOldGen       total 699392K, used 243252K [0x00000005c0000000, 0x00000005eab00000, 0x0000000715580000)
  object space 699392K, 34% used [0x00000005c0000000,0x00000005ced8d270,0x00000005eab00000)
 Metaspace       used 62593K, capacity 70372K, committed 70528K, reserved 1110016K
  class space    used 7929K, capacity 10108K, committed 10112K, reserved 1048576K
}
Event: 16.410 GC heap before
{Heap before GC invocations=6 (full 0):
 PSYoungGen      total 567808K, used 567779K [0x0000000715580000, 0x000000076d980000, 0x00000007c0000000)
  eden space 524288K, 100% used [0x0000000715580000,0x0000000735580000,0x0000000735580000)
  from space 43520K, 99% used [0x0000000735580000,0x0000000737ff8d20,0x0000000738000000)
  to   space 198656K, 0% used [0x0000000761780000,0x0000000761780000,0x000000076d980000)
 ParOldGen       total 699392K, used 243265K [0x00000005c0000000, 0x00000005eab00000, 0x0000000715580000)
  object space 699392K, 34% used [0x00000005c0000000,0x00000005ced90700,0x00000005eab00000)
 Metaspace       used 62802K, capacity 70620K, committed 70912K, reserved 1110016K
  class space    used 7947K, capacity 10145K, committed 10240K, reserved 1048576K
Event: 16.530 GC heap after
Heap after GC invocations=6 (full 0):
 PSYoungGen      total 1222144K, used 162403K [0x0000000715580000, 0x0000000770a80000, 0x00000007c0000000)
  eden space 1023488K, 0% used [0x0000000715580000,0x0000000715580000,0x0000000753d00000)
  from space 198656K, 81% used [0x0000000761780000,0x000000076b618dd8,0x000000076d980000)
  to   space 223744K, 0% used [0x0000000753d00000,0x0000000753d00000,0x0000000761780000)
 ParOldGen       total 699392K, used 243265K [0x00000005c0000000, 0x00000005eab00000, 0x0000000715580000)
  object space 699392K, 34% used [0x00000005c0000000,0x00000005ced90700,0x00000005eab00000)
 Metaspace       used 62802K, capacity 70620K, committed 70912K, reserved 1110016K
  class space    used 7947K, capacity 10145K, committed 10240K, reserved 1048576K
}
Event: 17.472 GC heap before
{Heap before GC invocations=7 (full 0):
 PSYoungGen      total 1222144K, used 1185891K [0x0000000715580000, 0x0000000770a80000, 0x00000007c0000000)
  eden space 1023488K, 100% used [0x0000000715580000,0x0000000753d00000,0x0000000753d00000)
  from space 198656K, 81% used [0x0000000761780000,0x000000076b618dd8,0x000000076d980000)
  to   space 223744K, 0% used [0x0000000753d00000,0x0000000753d00000,0x0000000761780000)
 ParOldGen       total 699392K, used 243429K [0x00000005c0000000, 0x00000005eab00000, 0x0000000715580000)
  object space 699392K, 34% used [0x00000005c0000000,0x00000005cedb94d0,0x00000005eab00000)
 Metaspace       used 62893K, capacity 70748K, committed 70912K, reserved 1110016K
  class space    used 7948K, capacity 10145K, committed 10240K, reserved 1048576K
Event: 17.695 GC heap after
Heap after GC invocations=7 (full 0):
 PSYoungGen      total 1247232K, used 223725K [0x0000000715580000, 0x00000007b7280000, 0x00000007c0000000)
  eden space 1023488K, 0% used [0x0000000715580000,0x0000000715580000,0x0000000753d00000)
  from space 223744K, 99% used [0x0000000753d00000,0x000000076177b498,0x0000000761780000)
  to   space 302080K, 0% used [0x00000007a4b80000,0x00000007a4b80000,0x00000007b7280000)
 ParOldGen       total 699392K, used 309615K [0x00000005c0000000, 0x00000005eab00000, 0x0000000715580000)
  object space 699392K, 44% used [0x00000005c0000000,0x00000005d2e5bf40,0x00000005eab00000)
 Metaspace       used 62893K, capacity 70748K, committed 70912K, reserved 1110016K
  class space    used 7948K, capacity 10145K, committed 10240K, reserved 1048576K
}
Event: 18.421 GC heap before
{Heap before GC invocations=8 (full 0):
 PSYoungGen      total 1247232K, used 1247213K [0x0000000715580000, 0x00000007b7280000, 0x00000007c0000000)
  eden space 1023488K, 100% used [0x0000000715580000,0x0000000753d00000,0x0000000753d00000)
  from space 223744K, 99% used [0x0000000753d00000,0x000000076177b498,0x0000000761780000)
  to   space 302080K, 0% used [0x00000007a4b80000,0x00000007a4b80000,0x00000007b7280000)
 ParOldGen       total 699392K, used 309624K [0x00000005c0000000, 0x00000005eab00000, 0x0000000715580000)
  object space 699392K, 44% used [0x00000005c0000000,0x00000005d2e5e090,0x00000005eab00000)
 Metaspace       used 62900K, capacity 70748K, committed 70912K, reserved 1110016K
  class space    used 7949K, capacity 10145K, committed 10240K, reserved 1048576K
Event: 18.659 GC heap after
Heap after GC invocations=8 (full 0):
 PSYoungGen      total 2280448K, used 302061K [0x0000000715580000, 0x00000007bf880000, 0x00000007c0000000)
  eden space 1978368K, 0% used [0x0000000715580000,0x0000000715580000,0x000000078e180000)
  from space 302080K, 99% used [0x00000007a4b80000,0x00000007b727b798,0x00000007b7280000)
  to   space 370688K, 0% used [0x000000078e180000,0x000000078e180000,0x00000007a4b80000)
 ParOldGen       total 699392K, used 338837K [0x00000005c0000000, 0x00000005eab00000, 0x0000000715580000)
  object space 699392K, 48% used [0x00000005c0000000,0x00000005d4ae5738,0x00000005eab00000)
 Metaspace       used 62900K, capacity 70748K, committed 70912K, reserved 1110016K
  class space    used 7949K, capacity 10145K, committed 10240K, reserved 1048576K
}
Event: 19.963 GC heap before
{Heap before GC invocations=9 (full 0):
 PSYoungGen      total 2280448K, used 2280429K [0x0000000715580000, 0x00000007bf880000, 0x00000007c0000000)
  eden space 1978368K, 100% used [0x0000000715580000,0x000000078e180000,0x000000078e180000)
  from space 302080K, 99% used [0x00000007a4b80000,0x00000007b727b798,0x00000007b7280000)
  to   space 370688K, 0% used [0x000000078e180000,0x000000078e180000,0x00000007a4b80000)
 ParOldGen       total 699392K, used 338897K [0x00000005c0000000, 0x00000005eab00000, 0x0000000715580000)
  object space 699392K, 48% used [0x00000005c0000000,0x00000005d4af4660,0x00000005eab00000)
 Metaspace       used 62917K, capacity 70760K, committed 70912K, reserved 1110016K
  class space    used 7951K, capacity 10147K, committed 10240K, reserved 1048576K
Event: 20.333 GC heap after
Heap after GC invocations=9 (full 0):
 PSYoungGen      total 2349056K, used 370670K [0x0000000715580000, 0x00000007c0000000, 0x00000007c0000000)
  eden space 1978368K, 0% used [0x0000000715580000,0x0000000715580000,0x000000078e180000)
  from space 370688K, 99% used [0x000000078e180000,0x00000007a4b7b988,0x00000007a4b80000)
  to   space 446976K, 0% used [0x00000007a4b80000,0x00000007a4b80000,0x00000007c0000000)
 ParOldGen       total 699392K, used 494072K [0x00000005c0000000, 0x00000005eab00000, 0x0000000715580000)
  object space 699392K, 70% used [0x00000005c0000000,0x00000005de27e3e0,0x00000005eab00000)
 Metaspace       used 62917K, capacity 70760K, committed 70912K, reserved 1110016K
  class space    used 7951K, capacity 10147K, committed 10240K, reserved 1048576K
}
Event: 21.357 GC heap before
{Heap before GC invocations=10 (full 0):
 PSYoungGen      total 2349056K, used 2349038K [0x0000000715580000, 0x00000007c0000000, 0x00000007c0000000)
  eden space 1978368K, 100% used [0x0000000715580000,0x000000078e180000,0x000000078e180000)
  from space 370688K, 99% used [0x000000078e180000,0x00000007a4b7b988,0x00000007a4b80000)
  to   space 446976K, 0% used [0x00000007a4b80000,0x00000007a4b80000,0x00000007c0000000)
 ParOldGen       total 699392K, used 494116K [0x00000005c0000000, 0x00000005eab00000, 0x0000000715580000)
  object space 699392K, 70% used [0x00000005c0000000,0x00000005de289170,0x00000005eab00000)
 Metaspace       used 62954K, capacity 70778K, committed 70912K, reserved 1110016K
  class space    used 7954K, capacity 10150K, committed 10240K, reserved 1048576K
Event: 21.722 GC heap after
Heap after GC invocations=10 (full 0):
 PSYoungGen      total 2150400K, used 404955K [0x0000000715580000, 0x00000007c0000000, 0x00000007c0000000)
  eden space 1703424K, 0% used [0x0000000715580000,0x0000000715580000,0x000000077d500000)
  from space 446976K, 90% used [0x00000007a4b80000,0x00000007bd6f6f88,0x00000007c0000000)
  to   space 546304K, 0% used [0x000000077d500000,0x000000077d500000,0x000000079ea80000)
 ParOldGen       total 699392K, used 596397K [0x00000005c0000000, 0x00000005eab00000, 0x0000000715580000)
  object space 699392K, 85% used [0x00000005c0000000,0x00000005e466b680,0x00000005eab00000)
 Metaspace       used 62954K, capacity 70778K, committed 70912K, reserved 1110016K
  class space    used 7954K, capacity 10150K, committed 10240K, reserved 1048576K
}
Event: 21.722 GC heap before
{Heap before GC invocations=11 (full 1):
 PSYoungGen      total 2150400K, used 404955K [0x0000000715580000, 0x00000007c0000000, 0x00000007c0000000)
  eden space 1703424K, 0% used [0x0000000715580000,0x0000000715580000,0x000000077d500000)
  from space 446976K, 90% used [0x00000007a4b80000,0x00000007bd6f6f88,0x00000007c0000000)
  to   space 546304K, 0% used [0x000000077d500000,0x000000077d500000,0x000000079ea80000)
 ParOldGen       total 699392K, used 596397K [0x00000005c0000000, 0x00000005eab00000, 0x0000000715580000)
  object space 699392K, 85% used [0x00000005c0000000,0x00000005e466b680,0x00000005eab00000)
 Metaspace       used 62954K, capacity 70778K, committed 70912K, reserved 1110016K
  class space    used 7954K, capacity 10150K, committed 10240K, reserved 1048576K
Event: 23.434 GC heap after
Heap after GC invocations=11 (full 1):
 PSYoungGen      total 2150400K, used 109281K [0x0000000715580000, 0x00000007c0000000, 0x00000007c0000000)
  eden space 1703424K, 0% used [0x0000000715580000,0x0000000715580000,0x000000077d500000)
  from space 446976K, 24% used [0x00000007a4b80000,0x00000007ab638400,0x00000007c0000000)
  to   space 546304K, 0% used [0x000000077d500000,0x000000077d500000,0x000000079ea80000)
 ParOldGen       total 1206272K, used 698978K [0x00000005c0000000, 0x0000000609a00000, 0x0000000715580000)
  object space 1206272K, 57% used [0x00000005c0000000,0x00000005eaa98a58,0x0000000609a00000)
 Metaspace       used 62945K, capacity 70754K, committed 70912K, reserved 1110016K
  class space    used 7952K, capacity 10146K, committed 10240K, reserved 1048576K
}
Event: 24.532 GC heap before
{Heap before GC invocations=12 (full 1):
 PSYoungGen      total 2150400K, used 1812705K [0x0000000715580000, 0x00000007c0000000, 0x00000007c0000000)
  eden space 1703424K, 100% used [0x0000000715580000,0x000000077d500000,0x000000077d500000)
  from space 446976K, 24% used [0x00000007a4b80000,0x00000007ab638400,0x00000007c0000000)
  to   space 546304K, 0% used [0x000000077d500000,0x000000077d500000,0x000000079ea80000)
 ParOldGen       total 1206272K, used 700470K [0x00000005c0000000, 0x0000000609a00000, 0x0000000715580000)
  object space 1206272K, 58% used [0x00000005c0000000,0x00000005eac0dbe0,0x0000000609a00000)
 Metaspace       used 62945K, capacity 70754K, committed 70912K, reserved 1110016K
  class space    used 7952K, capacity 10146K, committed 10240K, reserved 1048576K
Event: 24.798 GC heap after
Heap after GC invocations=12 (full 1):
 PSYoungGen      total 2249728K, used 289605K [0x0000000715580000, 0x00000007c0000000, 0x00000007c0000000)
  eden space 1703424K, 0% used [0x0000000715580000,0x0000000715580000,0x000000077d500000)
  from space 546304K, 53% used [0x000000077d500000,0x000000078efd1658,0x000000079ea80000)
  to   space 541696K, 0% used [0x000000079ef00000,0x000000079ef00000,0x00000007c0000000)
 ParOldGen       total 1206272K, used 757091K [0x00000005c0000000, 0x0000000609a00000, 0x0000000715580000)
  object space 1206272K, 62% used [0x00000005c0000000,0x00000005ee358c78,0x0000000609a00000)
 Metaspace       used 62945K, capacity 70754K, committed 70912K, reserved 1110016K
  class space    used 7952K, capacity 10146K, committed 10240K, reserved 1048576K
}
Event: 25.837 GC heap before
{Heap before GC invocations=13 (full 1):
 PSYoungGen      total 2249728K, used 1993029K [0x0000000715580000, 0x00000007c0000000, 0x00000007c0000000)
  eden space 1703424K, 100% used [0x0000000715580000,0x000000077d500000,0x000000077d500000)
  from space 546304K, 53% used [0x000000077d500000,0x000000078efd1658,0x000000079ea80000)
  to   space 541696K, 0% used [0x000000079ef00000,0x000000079ef00000,0x00000007c0000000)
 ParOldGen       total 1206272K, used 757126K [0x00000005c0000000, 0x0000000609a00000, 0x0000000715580000)
  object space 1206272K, 62% used [0x00000005c0000000,0x00000005ee361868,0x0000000609a00000)
 Metaspace       used 62949K, capacity 70760K, committed 70912K, reserved 1110016K
  class space    used 7952K, capacity 10147K, committed 10240K, reserved 1048576K
Event: 26.106 GC heap after
Heap after GC invocations=13 (full 1):
 PSYoungGen      total 2228736K, used 286088K [0x0000000715580000, 0x00000007beb80000, 0x00000007c0000000)
  eden space 1708032K, 0% used [0x0000000715580000,0x0000000715580000,0x000000077d980000)
  from space 520704K, 54% used [0x000000079ef00000,0x00000007b06623a8,0x00000007beb80000)
  to   space 533504K, 0% used [0x000000077d980000,0x000000077d980000,0x000000079e280000)
 ParOldGen       total 1206272K, used 828617K [0x00000005c0000000, 0x0000000609a00000, 0x0000000715580000)
  object space 1206272K, 68% used [0x00000005c0000000,0x00000005f29327d8,0x0000000609a00000)
 Metaspace       used 62949K, capacity 70760K, committed 70912K, reserved 1110016K
  class space    used 7952K, capacity 10147K, committed 10240K, reserved 1048576K
}
Event: 27.109 GC heap before
{Heap before GC invocations=14 (full 1):
 PSYoungGen      total 2228736K, used 1994120K [0x0000000715580000, 0x00000007beb80000, 0x00000007c0000000)
  eden space 1708032K, 100% used [0x0000000715580000,0x000000077d980000,0x000000077d980000)
  from space 520704K, 54% used [0x000000079ef00000,0x00000007b06623a8,0x00000007beb80000)
  to   space 533504K, 0% used [0x000000077d980000,0x000000077d980000,0x000000079e280000)
 ParOldGen       total 1206272K, used 828671K [0x00000005c0000000, 0x0000000609a00000, 0x0000000715580000)
  object space 1206272K, 68% used [0x00000005c0000000,0x00000005f293fec0,0x0000000609a00000)
 Metaspace       used 62949K, capacity 70760K, committed 70912K, reserved 1110016K
  class space    used 7952K, capacity 10147K, committed 10240K, reserved 1048576K
Event: 27.352 GC heap after
Heap after GC invocations=14 (full 1):
 PSYoungGen      total 2241536K, used 284218K [0x0000000715580000, 0x00000007bfa80000, 0x00000007c0000000)
  eden space 1708032K, 0% used [0x0000000715580000,0x0000000715580000,0x000000077d980000)
  from space 533504K, 53% used [0x000000077d980000,0x000000078ef0e858,0x000000079e280000)
  to   space 524288K, 0% used [0x000000079fa80000,0x000000079fa80000,0x00000007bfa80000)
 ParOldGen       total 1206272K, used 891915K [0x00000005c0000000, 0x0000000609a00000, 0x0000000715580000)
  object space 1206272K, 73% used [0x00000005c0000000,0x00000005f6702d38,0x0000000609a00000)
 Metaspace       used 62949K, capacity 70760K, committed 70912K, reserved 1110016K
  class space    used 7952K, capacity 10147K, committed 10240K, reserved 1048576K
}
Event: 28.129 GC heap before
{Heap before GC invocations=15 (full 1):
 PSYoungGen      total 2241536K, used 1992250K [0x0000000715580000, 0x00000007bfa80000, 0x00000007c0000000)
  eden space 1708032K, 100% used [0x0000000715580000,0x000000077d980000,0x000000077d980000)
  from space 533504K, 53% used [0x000000077d980000,0x000000078ef0e858,0x000000079e280000)
  to   space 524288K, 0% used [0x000000079fa80000,0x000000079fa80000,0x00000007bfa80000)
 ParOldGen       total 1206272K, used 891918K [0x00000005c0000000, 0x0000000609a00000, 0x0000000715580000)
  object space 1206272K, 73% used [0x00000005c0000000,0x00000005f67038f8,0x0000000609a00000)
 Metaspace       used 62949K, capacity 70760K, committed 70912K, reserved 1110016K
  class space    used 7952K, capacity 10147K, committed 10240K, reserved 1048576K
Event: 28.347 GC heap after
Heap after GC invocations=15 (full 1):
 PSYoungGen      total 2224128K, used 264913K [0x0000000715580000, 0x00000007bd500000, 0x00000007c0000000)
  eden space 1738240K, 0% used [0x0000000715580000,0x0000000715580000,0x000000077f700000)
  from space 485888K, 54% used [0x000000079fa80000,0x00000007afd344c0,0x00000007bd500000)
  to   space 506880K, 0% used [0x000000077f700000,0x000000077f700000,0x000000079e600000)
 ParOldGen       total 1206272K, used 954459K [0x00000005c0000000, 0x0000000609a00000, 0x0000000715580000)
  object space 1206272K, 79% used [0x00000005c0000000,0x00000005fa416ca0,0x0000000609a00000)
 Metaspace       used 62949K, capacity 70760K, committed 70912K, reserved 1110016K
  class space    used 7952K, capacity 10147K, committed 10240K, reserved 1048576K
}
Event: 29.401 GC heap before
{Heap before GC invocations=16 (full 1):
 PSYoungGen      total 2224128K, used 2003153K [0x0000000715580000, 0x00000007bd500000, 0x00000007c0000000)
  eden space 1738240K, 100% used [0x0000000715580000,0x000000077f700000,0x000000077f700000)
  from space 485888K, 54% used [0x000000079fa80000,0x00000007afd344c0,0x00000007bd500000)
  to   space 506880K, 0% used [0x000000077f700000,0x000000077f700000,0x000000079e600000)
 ParOldGen       total 1206272K, used 954490K [0x00000005c0000000, 0x0000000609a00000, 0x0000000715580000)
  object space 1206272K, 79% used [0x00000005c0000000,0x00000005fa41ea18,0x0000000609a00000)
 Metaspace       used 62957K, capacity 70760K, committed 70912K, reserved 1110016K
  class space    used 7952K, capacity 10147K, committed 10240K, reserved 1048576K
Event: 29.637 GC heap after
Heap after GC invocations=16 (full 1):
 PSYoungGen      total 2245120K, used 307127K [0x0000000715580000, 0x00000007c0000000, 0x00000007c0000000)
  eden space 1738240K, 0% used [0x0000000715580000,0x0000000715580000,0x000000077f700000)
  from space 506880K, 60% used [0x000000077f700000,0x00000007922edef8,0x000000079e600000)
  to   space 506368K, 0% used [0x00000007a1180000,0x00000007a1180000,0x00000007c0000000)
 ParOldGen       total 1206272K, used 1013648K [0x00000005c0000000, 0x0000000609a00000, 0x0000000715580000)
  object space 1206272K, 84% used [0x00000005c0000000,0x00000005fdde4250,0x0000000609a00000)
 Metaspace       used 62957K, capacity 70760K, committed 70912K, reserved 1110016K
  class space    used 7952K, capacity 10147K, committed 10240K, reserved 1048576K
}
Event: 32.501 GC heap before
{Heap before GC invocations=17 (full 1):
 PSYoungGen      total 2245120K, used 2045367K [0x0000000715580000, 0x00000007c0000000, 0x00000007c0000000)
  eden space 1738240K, 100% used [0x0000000715580000,0x000000077f700000,0x000000077f700000)
  from space 506880K, 60% used [0x000000077f700000,0x00000007922edef8,0x000000079e600000)
  to   space 506368K, 0% used [0x00000007a1180000,0x00000007a1180000,0x00000007c0000000)
 ParOldGen       total 1206272K, used 1013664K [0x00000005c0000000, 0x0000000609a00000, 0x0000000715580000)
  object space 1206272K, 84% used [0x00000005c0000000,0x00000005fdde83c0,0x0000000609a00000)
 Metaspace       used 63469K, capacity 71300K, committed 71424K, reserved 1110016K
  class space    used 8015K, capacity 10221K, committed 10240K, reserved 1048576K
Event: 32.791 GC heap after
Heap after GC invocations=17 (full 1):
 PSYoungGen      total 2268160K, used 343907K [0x0000000715580000, 0x00000007c0000000, 0x00000007c0000000)
  eden space 1761792K, 0% used [0x0000000715580000,0x0000000715580000,0x0000000780e00000)
  from space 506368K, 67% used [0x00000007a1180000,0x00000007b6158e08,0x00000007c0000000)
  to   space 517120K, 0% used [0x0000000780e00000,0x0000000780e00000,0x00000007a0700000)
 ParOldGen       total 1206272K, used 1089653K [0x00000005c0000000, 0x0000000609a00000, 0x0000000715580000)
  object space 1206272K, 90% used [0x00000005c0000000,0x000000060281d458,0x0000000609a00000)
 Metaspace       used 63469K, capacity 71300K, committed 71424K, reserved 1110016K
  class space    used 8015K, capacity 10221K, committed 10240K, reserved 1048576K
}
Event: 32.791 GC heap before
{Heap before GC invocations=18 (full 2):
 PSYoungGen      total 2268160K, used 343907K [0x0000000715580000, 0x00000007c0000000, 0x00000007c0000000)
  eden space 1761792K, 0% used [0x0000000715580000,0x0000000715580000,0x0000000780e00000)
  from space 506368K, 67% used [0x00000007a1180000,0x00000007b6158e08,0x00000007c0000000)
  to   space 517120K, 0% used [0x0000000780e00000,0x0000000780e00000,0x00000007a0700000)
 ParOldGen       total 1206272K, used 1089653K [0x00000005c0000000, 0x0000000609a00000, 0x0000000715580000)
  object space 1206272K, 90% used [0x00000005c0000000,0x000000060281d458,0x0000000609a00000)
 Metaspace       used 63469K, capacity 71300K, committed 71424K, reserved 1110016K
  class space    used 8015K, capacity 10221K, committed 10240K, reserved 1048576K
Event: 35.097 GC heap after
Heap after GC invocations=18 (full 2):
 PSYoungGen      total 2268160K, used 0K [0x0000000715580000, 0x00000007c0000000, 0x00000007c0000000)
  eden space 1761792K, 0% used [0x0000000715580000,0x0000000715580000,0x0000000780e00000)
  from space 506368K, 0% used [0x00000007a1180000,0x00000007a1180000,0x00000007c0000000)
  to   space 517120K, 0% used [0x0000000780e00000,0x0000000780e00000,0x00000007a0700000)
 ParOldGen       total 1807360K, used 1188676K [0x00000005c0000000, 0x000000062e500000, 0x0000000715580000)
  object space 1807360K, 65% used [0x00000005c0000000,0x00000006088d11b8,0x000000062e500000)
 Metaspace       used 63469K, capacity 71300K, committed 71424K, reserved 1110016K
  class space    used 8015K, capacity 10221K, committed 10240K, reserved 1048576K
}
Event: 36.881 GC heap before
{Heap before GC invocations=19 (full 2):
 PSYoungGen      total 2268160K, used 1761792K [0x0000000715580000, 0x00000007c0000000, 0x00000007c0000000)
  eden space 1761792K, 100% used [0x0000000715580000,0x0000000780e00000,0x0000000780e00000)
  from space 506368K, 0% used [0x00000007a1180000,0x00000007a1180000,0x00000007c0000000)
  to   space 517120K, 0% used [0x0000000780e00000,0x0000000780e00000,0x00000007a0700000)
 ParOldGen       total 1807360K, used 1189361K [0x00000005c0000000, 0x000000062e500000, 0x0000000715580000)
  object space 1807360K, 65% used [0x00000005c0000000,0x000000060897c468,0x000000062e500000)
 Metaspace       used 65180K, capacity 73102K, committed 73344K, reserved 1112064K
  class space    used 8177K, capacity 10363K, committed 10368K, reserved 1048576K
Event: 37.067 GC heap after
Heap after GC invocations=19 (full 2):
 PSYoungGen      total 2278912K, used 321034K [0x0000000715580000, 0x00000007c0000000, 0x00000007c0000000)
  eden space 1761792K, 0% used [0x0000000715580000,0x0000000715580000,0x0000000780e00000)
  from space 517120K, 62% used [0x0000000780e00000,0x00000007947829a0,0x00000007a0700000)
  to   space 516096K, 0% used [0x00000007a0800000,0x00000007a0800000,0x00000007c0000000)
 ParOldGen       total 1807360K, used 1189369K [0x00000005c0000000, 0x000000062e500000, 0x0000000715580000)
  object space 1807360K, 65% used [0x00000005c0000000,0x000000060897e468,0x000000062e500000)
 Metaspace       used 65180K, capacity 73102K, committed 73344K, reserved 1112064K
  class space    used 8177K, capacity 10363K, committed 10368K, reserved 1048576K
}
Event: 38.653 GC heap before
{Heap before GC invocations=20 (full 2):
 PSYoungGen      total 2278912K, used 2082826K [0x0000000715580000, 0x00000007c0000000, 0x00000007c0000000)
  eden space 1761792K, 100% used [0x0000000715580000,0x0000000780e00000,0x0000000780e00000)
  from space 517120K, 62% used [0x0000000780e00000,0x00000007947829a0,0x00000007a0700000)
  to   space 516096K, 0% used [0x00000007a0800000,0x00000007a0800000,0x00000007c0000000)
 ParOldGen       total 1807360K, used 1189397K [0x00000005c0000000, 0x000000062e500000, 0x0000000715580000)
  object space 1807360K, 65% used [0x00000005c0000000,0x00000006089857a8,0x000000062e500000)
 Metaspace       used 69842K, capacity 77988K, committed 78208K, reserved 1116160K
  class space    used 8751K, capacity 11025K, committed 11136K, reserved 1048576K
Event: 38.940 GC heap after
Heap after GC invocations=20 (full 2):
 PSYoungGen      total 2260480K, used 306041K [0x0000000715580000, 0x00000007bee00000, 0x00000007c0000000)
  eden space 1762816K, 0% used [0x0000000715580000,0x0000000715580000,0x0000000780f00000)
  from space 497664K, 61% used [0x00000007a0800000,0x00000007b32de5d8,0x00000007bee00000)
  to   space 507392K, 0% used [0x0000000780f00000,0x0000000780f00000,0x000000079fe80000)
 ParOldGen       total 1807360K, used 1315811K [0x00000005c0000000, 0x000000062e500000, 0x0000000715580000)
  object space 1807360K, 72% used [0x00000005c0000000,0x00000006104f8c38,0x000000062e500000)
 Metaspace       used 69842K, capacity 77988K, committed 78208K, reserved 1116160K
  class space    used 8751K, capacity 11025K, committed 11136K, reserved 1048576K
}
Event: 40.121 GC heap before
{Heap before GC invocations=21 (full 2):
 PSYoungGen      total 2260480K, used 2068857K [0x0000000715580000, 0x00000007bee00000, 0x00000007c0000000)
  eden space 1762816K, 100% used [0x0000000715580000,0x0000000780f00000,0x0000000780f00000)
  from space 497664K, 61% used [0x00000007a0800000,0x00000007b32de5d8,0x00000007bee00000)
  to   space 507392K, 0% used [0x0000000780f00000,0x0000000780f00000,0x000000079fe80000)
 ParOldGen       total 1807360K, used 1316073K [0x00000005c0000000, 0x000000062e500000, 0x0000000715580000)
  object space 1807360K, 72% used [0x00000005c0000000,0x000000061053a798,0x000000062e500000)
 Metaspace       used 73443K, capacity 81614K, committed 81920K, reserved 1120256K
  class space    used 9166K, capacity 11415K, committed 11520K, reserved 1048576K
Event: 40.380 GC heap after
Heap after GC invocations=21 (full 2):
 PSYoungGen      total 2270208K, used 288052K [0x0000000715580000, 0x00000007beb80000, 0x00000007c0000000)
  eden space 1762816K, 0% used [0x0000000715580000,0x0000000715580000,0x0000000780f00000)
  from space 507392K, 56% used [0x0000000780f00000,0x000000079284d310,0x000000079fe80000)
  to   space 492032K, 0% used [0x00000007a0b00000,0x00000007a0b00000,0x00000007beb80000)
 ParOldGen       total 1807360K, used 1419498K [0x00000005c0000000, 0x000000062e500000, 0x0000000715580000)
  object space 1807360K, 78% used [0x00000005c0000000,0x0000000616a3abf8,0x000000062e500000)
 Metaspace       used 73443K, capacity 81614K, committed 81920K, reserved 1120256K
  class space    used 9166K, capacity 11415K, committed 11520K, reserved 1048576K
}
Event: 41.613 GC heap before
{Heap before GC invocations=22 (full 2):
 PSYoungGen      total 2270208K, used 2050868K [0x0000000715580000, 0x00000007beb80000, 0x00000007c0000000)
  eden space 1762816K, 100% used [0x0000000715580000,0x0000000780f00000,0x0000000780f00000)
  from space 507392K, 56% used [0x0000000780f00000,0x000000079284d310,0x000000079fe80000)
  to   space 492032K, 0% used [0x00000007a0b00000,0x00000007a0b00000,0x00000007beb80000)
 ParOldGen       total 1807360K, used 1419558K [0x00000005c0000000, 0x000000062e500000, 0x0000000715580000)
  object space 1807360K, 78% used [0x00000005c0000000,0x0000000616a49a58,0x000000062e500000)
 Metaspace       used 74416K, capacity 82610K, committed 82688K, reserved 1120256K
  class space    used 9263K, capacity 11511K, committed 11520K, reserved 1048576K
Event: 41.853 GC heap after
Heap after GC invocations=22 (full 2):
 PSYoungGen      total 2280960K, used 309922K [0x0000000715580000, 0x00000007be400000, 0x00000007c0000000)
  eden space 1796608K, 0% used [0x0000000715580000,0x0000000715580000,0x0000000783000000)
  from space 484352K, 63% used [0x00000007a0b00000,0x00000007b39a8928,0x00000007be400000)
  to   space 485376K, 0% used [0x0000000783000000,0x0000000783000000,0x00000007a0a00000)
 ParOldGen       total 1807360K, used 1488953K [0x00000005c0000000, 0x000000062e500000, 0x0000000715580000)
  object space 1807360K, 82% used [0x00000005c0000000,0x000000061ae0e708,0x000000062e500000)
 Metaspace       used 74416K, capacity 82610K, committed 82688K, reserved 1120256K
  class space    used 9263K, capacity 11511K, committed 11520K, reserved 1048576K
}
Event: 43.042 GC heap before
{Heap before GC invocations=23 (full 2):
 PSYoungGen      total 2280960K, used 2106530K [0x0000000715580000, 0x00000007be400000, 0x00000007c0000000)
  eden space 1796608K, 100% used [0x0000000715580000,0x0000000783000000,0x0000000783000000)
  from space 484352K, 63% used [0x00000007a0b00000,0x00000007b39a8928,0x00000007be400000)
  to   space 485376K, 0% used [0x0000000783000000,0x0000000783000000,0x00000007a0a00000)
 ParOldGen       total 1807360K, used 1488965K [0x00000005c0000000, 0x000000062e500000, 0x0000000715580000)
  object space 1807360K, 82% used [0x00000005c0000000,0x000000061ae11488,0x000000062e500000)
 Metaspace       used 74917K, capacity 83128K, committed 83328K, reserved 1120256K
  class space    used 9323K, capacity 11581K, committed 11648K, reserved 1048576K
Event: 43.308 GC heap after
Heap after GC invocations=23 (full 2):
 PSYoungGen      total 2281984K, used 297427K [0x0000000715580000, 0x00000007bea00000, 0x00000007c0000000)
  eden space 1796608K, 0% used [0x0000000715580000,0x0000000715580000,0x0000000783000000)
  from space 485376K, 61% used [0x0000000783000000,0x0000000795274d00,0x00000007a0a00000)
  to   space 473600K, 0% used [0x00000007a1b80000,0x00000007a1b80000,0x00000007bea00000)
 ParOldGen       total 1807360K, used 1567954K [0x00000005c0000000, 0x000000062e500000, 0x0000000715580000)
  object space 1807360K, 86% used [0x00000005c0000000,0x000000061fb348a0,0x000000062e500000)
 Metaspace       used 74917K, capacity 83128K, committed 83328K, reserved 1120256K
  class space    used 9323K, capacity 11581K, committed 11648K, reserved 1048576K
}
Event: 44.935 GC heap before
{Heap before GC invocations=24 (full 2):
 PSYoungGen      total 2281984K, used 2094035K [0x0000000715580000, 0x00000007bea00000, 0x00000007c0000000)
  eden space 1796608K, 100% used [0x0000000715580000,0x0000000783000000,0x0000000783000000)
  from space 485376K, 61% used [0x0000000783000000,0x0000000795274d00,0x00000007a0a00000)
  to   space 473600K, 0% used [0x00000007a1b80000,0x00000007a1b80000,0x00000007bea00000)
 ParOldGen       total 1807360K, used 1567954K [0x00000005c0000000, 0x000000062e500000, 0x0000000715580000)
  object space 1807360K, 86% used [0x00000005c0000000,0x000000061fb34900,0x000000062e500000)
 Metaspace       used 75745K, capacity 83914K, committed 84224K, reserved 1122304K
  class space    used 9422K, capacity 11652K, committed 11776K, reserved 1048576K
Event: 45.206 GC heap after
Heap after GC invocations=24 (full 2):
 PSYoungGen      total 2284544K, used 277417K [0x0000000715580000, 0x00000007bd080000, 0x00000007c0000000)
  eden space 1837056K, 0% used [0x0000000715580000,0x0000000715580000,0x0000000785780000)
  from space 447488K, 61% used [0x00000007a1b80000,0x00000007b2a6a588,0x00000007bd080000)
  to   space 455168K, 0% used [0x0000000785780000,0x0000000785780000,0x00000007a1400000)
 ParOldGen       total 1807360K, used 1653676K [0x00000005c0000000, 0x000000062e500000, 0x0000000715580000)
  object space 1807360K, 91% used [0x00000005c0000000,0x0000000624eeb078,0x000000062e500000)
 Metaspace       used 75745K, capacity 83914K, committed 84224K, reserved 1122304K
  class space    used 9422K, capacity 11652K, committed 11776K, reserved 1048576K
}
Event: 47.936 GC heap before
{Heap before GC invocations=25 (full 2):
 PSYoungGen      total 2284544K, used 2114473K [0x0000000715580000, 0x00000007bd080000, 0x00000007c0000000)
  eden space 1837056K, 100% used [0x0000000715580000,0x0000000785780000,0x0000000785780000)
  from space 447488K, 61% used [0x00000007a1b80000,0x00000007b2a6a588,0x00000007bd080000)
  to   space 455168K, 0% used [0x0000000785780000,0x0000000785780000,0x00000007a1400000)
 ParOldGen       total 1807360K, used 1653706K [0x00000005c0000000, 0x000000062e500000, 0x0000000715580000)
  object space 1807360K, 91% used [0x00000005c0000000,0x0000000624ef2b88,0x000000062e500000)
 Metaspace       used 81117K, capacity 89862K, committed 90112K, reserved 1126400K
  class space    used 10178K, capacity 12693K, committed 12800K, reserved 1048576K
Event: 48.204 GC heap after
Heap after GC invocations=25 (full 2):
 PSYoungGen      total 2292224K, used 249030K [0x0000000715580000, 0x00000007bec80000, 0x00000007c0000000)
  eden space 1837056K, 0% used [0x0000000715580000,0x0000000715580000,0x0000000785780000)
  from space 455168K, 54% used [0x0000000785780000,0x0000000794ab1880,0x00000007a1400000)
  to   space 441344K, 0% used [0x00000007a3d80000,0x00000007a3d80000,0x00000007bec80000)
 ParOldGen       total 1807360K, used 1735754K [0x00000005c0000000, 0x000000062e500000, 0x0000000715580000)
  object space 1807360K, 96% used [0x00000005c0000000,0x0000000629f12b78,0x000000062e500000)
 Metaspace       used 81117K, capacity 89862K, committed 90112K, reserved 1126400K
  class space    used 10178K, capacity 12693K, committed 12800K, reserved 1048576K
}
Event: 48.204 GC heap before
{Heap before GC invocations=26 (full 3):
 PSYoungGen      total 2292224K, used 249030K [0x0000000715580000, 0x00000007bec80000, 0x00000007c0000000)
  eden space 1837056K, 0% used [0x0000000715580000,0x0000000715580000,0x0000000785780000)
  from space 455168K, 54% used [0x0000000785780000,0x0000000794ab1880,0x00000007a1400000)
  to   space 441344K, 0% used [0x00000007a3d80000,0x00000007a3d80000,0x00000007bec80000)
 ParOldGen       total 1807360K, used 1735754K [0x00000005c0000000, 0x000000062e500000, 0x0000000715580000)
  object space 1807360K, 96% used [0x00000005c0000000,0x0000000629f12b78,0x000000062e500000)
 Metaspace       used 81117K, capacity 89862K, committed 90112K, reserved 1126400K
  class space    used 10178K, capacity 12693K, committed 12800K, reserved 1048576K
Event: 50.974 GC heap after
Heap after GC invocations=26 (full 3):
 PSYoungGen      total 2292224K, used 0K [0x0000000715580000, 0x00000007bec80000, 0x00000007c0000000)
  eden space 1837056K, 0% used [0x0000000715580000,0x0000000715580000,0x0000000785780000)
  from space 455168K, 0% used [0x0000000785780000,0x0000000785780000,0x00000007a1400000)
  to   space 441344K, 0% used [0x00000007a3d80000,0x00000007a3d80000,0x00000007bec80000)
 ParOldGen       total 2568192K, used 1786349K [0x00000005c0000000, 0x000000065cc00000, 0x0000000715580000)
  object space 2568192K, 69% used [0x00000005c0000000,0x000000062d07b560,0x000000065cc00000)
 Metaspace       used 81109K, capacity 89850K, committed 90112K, reserved 1126400K
  class space    used 10177K, capacity 12691K, committed 12800K, reserved 1048576K
}
Event: 55.313 GC heap before
{Heap before GC invocations=27 (full 3):
 PSYoungGen      total 2292224K, used 1837056K [0x0000000715580000, 0x00000007bec80000, 0x00000007c0000000)
  eden space 1837056K, 100% used [0x0000000715580000,0x0000000785780000,0x0000000785780000)
  from space 455168K, 0% used [0x0000000785780000,0x0000000785780000,0x00000007a1400000)
  to   space 441344K, 0% used [0x00000007a3d80000,0x00000007a3d80000,0x00000007bec80000)
 ParOldGen       total 2568192K, used 1786356K [0x00000005c0000000, 0x000000065cc00000, 0x0000000715580000)
  object space 2568192K, 69% used [0x00000005c0000000,0x000000062d07d388,0x000000065cc00000)
 Metaspace       used 133266K, capacity 144114K, committed 144384K, reserved 1173504K
  class space    used 17225K, capacity 20365K, committed 20480K, reserved 1048576K
Event: 55.423 GC heap after
Heap after GC invocations=27 (full 3):
 PSYoungGen      total 2329600K, used 223170K [0x0000000715580000, 0x00000007be180000, 0x00000007c0000000)
  eden space 1899520K, 0% used [0x0000000715580000,0x0000000715580000,0x0000000789480000)
  from space 430080K, 51% used [0x00000007a3d80000,0x00000007b1770a98,0x00000007be180000)
  to   space 432640K, 0% used [0x0000000789480000,0x0000000789480000,0x00000007a3b00000)
 ParOldGen       total 2568192K, used 1786364K [0x00000005c0000000, 0x000000065cc00000, 0x0000000715580000)
  object space 2568192K, 69% used [0x00000005c0000000,0x000000062d07f388,0x000000065cc00000)
 Metaspace       used 133266K, capacity 144114K, committed 144384K, reserved 1173504K
  class space    used 17225K, capacity 20365K, committed 20480K, reserved 1048576K
}
Event: 60.277 GC heap before
{Heap before GC invocations=28 (full 3):
 PSYoungGen      total 2329600K, used 2122690K [0x0000000715580000, 0x00000007be180000, 0x00000007c0000000)
  eden space 1899520K, 100% used [0x0000000715580000,0x0000000789480000,0x0000000789480000)
  from space 430080K, 51% used [0x00000007a3d80000,0x00000007b1770a98,0x00000007be180000)
  to   space 432640K, 0% used [0x0000000789480000,0x0000000789480000,0x00000007a3b00000)
 ParOldGen       total 2568192K, used 1786364K [0x00000005c0000000, 0x000000065cc00000, 0x0000000715580000)
  object space 2568192K, 69% used [0x00000005c0000000,0x000000062d07f388,0x000000065cc00000)
 Metaspace       used 199597K, capacity 211392K, committed 211584K, reserved 1228800K
  class space    used 28091K, capacity 31569K, committed 31616K, reserved 1048576K
Event: 60.644 GC heap after
Heap after GC invocations=28 (full 3):
 PSYoungGen      total 2332160K, used 371459K [0x0000000715580000, 0x00000007c0000000, 0x00000007c0000000)
  eden space 1899520K, 0% used [0x0000000715580000,0x0000000715580000,0x0000000789480000)
  from space 432640K, 85% used [0x0000000789480000,0x000000079ff40f80,0x00000007a3b00000)
  to   space 454656K, 0% used [0x00000007a4400000,0x00000007a4400000,0x00000007c0000000)
 ParOldGen       total 2568192K, used 1786372K [0x00000005c0000000, 0x000000065cc00000, 0x0000000715580000)
  object space 2568192K, 69% used [0x00000005c0000000,0x000000062d081388,0x000000065cc00000)
 Metaspace       used 199597K, capacity 211392K, committed 211584K, reserved 1228800K
  class space    used 28091K, capacity 31569K, committed 31616K, reserved 1048576K
}
Event: 61.858 GC heap before
{Heap before GC invocations=29 (full 3):
 PSYoungGen      total 2332160K, used 2270979K [0x0000000715580000, 0x00000007c0000000, 0x00000007c0000000)
  eden space 1899520K, 100% used [0x0000000715580000,0x0000000789480000,0x0000000789480000)
  from space 432640K, 85% used [0x0000000789480000,0x000000079ff40f80,0x00000007a3b00000)
  to   space 454656K, 0% used [0x00000007a4400000,0x00000007a4400000,0x00000007c0000000)
 ParOldGen       total 2568192K, used 1789431K [0x00000005c0000000, 0x000000065cc00000, 0x0000000715580000)
  object space 2568192K, 69% used [0x00000005c0000000,0x000000062d37dc98,0x000000065cc00000)
 Metaspace       used 200241K, capacity 212172K, committed 212480K, reserved 1230848K
  class space    used 28130K, capacity 31635K, committed 31744K, reserved 1048576K
Event: 62.229 GC heap after
Heap after GC invocations=29 (full 3):
 PSYoungGen      total 2304512K, used 374461K [0x0000000715580000, 0x00000007c0000000, 0x00000007c0000000)
  eden space 1849856K, 0% used [0x0000000715580000,0x0000000715580000,0x0000000786400000)
  from space 454656K, 82% used [0x00000007a4400000,0x00000007bb1af688,0x00000007c0000000)
  to   space 473088K, 0% used [0x0000000786400000,0x0000000786400000,0x00000007a3200000)
 ParOldGen       total 2568192K, used 1789439K [0x00000005c0000000, 0x000000065cc00000, 0x0000000715580000)
  object space 2568192K, 69% used [0x00000005c0000000,0x000000062d37fc98,0x000000065cc00000)
 Metaspace       used 200241K, capacity 212172K, committed 212480K, reserved 1230848K
  class space    used 28130K, capacity 31635K, committed 31744K, reserved 1048576K
}
Event: 63.178 GC heap before
{Heap before GC invocations=30 (full 3):
 PSYoungGen      total 2304512K, used 2224317K [0x0000000715580000, 0x00000007c0000000, 0x00000007c0000000)
  eden space 1849856K, 100% used [0x0000000715580000,0x0000000786400000,0x0000000786400000)
  from space 454656K, 82% used [0x00000007a4400000,0x00000007bb1af688,0x00000007c0000000)
  to   space 473088K, 0% used [0x0000000786400000,0x0000000786400000,0x00000007a3200000)
 ParOldGen       total 2568192K, used 1789693K [0x00000005c0000000, 0x000000065cc00000, 0x0000000715580000)
  object space 2568192K, 69% used [0x00000005c0000000,0x000000062d3bf780,0x000000065cc00000)
 Metaspace       used 200655K, capacity 212568K, committed 212736K, reserved 1230848K
  class space    used 28151K, capacity 31669K, committed 31744K, reserved 1048576K
Event: 63.592 GC heap after
Heap after GC invocations=30 (full 3):
 PSYoungGen      total 2231296K, used 381152K [0x0000000715580000, 0x00000007c0000000, 0x00000007c0000000)
  eden space 1849856K, 0% used [0x0000000715580000,0x0000000715580000,0x0000000786400000)
  from space 381440K, 99% used [0x0000000786400000,0x000000079d8383c0,0x000000079d880000)
  to   space 488960K, 0% used [0x00000007a2280000,0x00000007a2280000,0x00000007c0000000)
 ParOldGen       total 2568192K, used 1789701K [0x00000005c0000000, 0x000000065cc00000, 0x0000000715580000)
  object space 2568192K, 69% used [0x00000005c0000000,0x000000062d3c1780,0x000000065cc00000)
 Metaspace       used 200655K, capacity 212568K, committed 212736K, reserved 1230848K
  class space    used 28151K, capacity 31669K, committed 31744K, reserved 1048576K
}
Event: 64.477 GC heap before
{Heap before GC invocations=31 (full 3):
 PSYoungGen      total 2231296K, used 2231008K [0x0000000715580000, 0x00000007c0000000, 0x00000007c0000000)
  eden space 1849856K, 100% used [0x0000000715580000,0x0000000786400000,0x0000000786400000)
  from space 381440K, 99% used [0x0000000786400000,0x000000079d8383c0,0x000000079d880000)
  to   space 488960K, 0% used [0x00000007a2280000,0x00000007a2280000,0x00000007c0000000)
 ParOldGen       total 2568192K, used 1789950K [0x00000005c0000000, 0x000000065cc00000, 0x0000000715580000)
  object space 2568192K, 69% used [0x00000005c0000000,0x000000062d3ff8a0,0x000000065cc00000)
 Metaspace       used 201086K, capacity 213076K, committed 213248K, reserved 1230848K
  class space    used 28157K, capacity 31679K, committed 31744K, reserved 1048576K
Event: 64.932 GC heap after
Heap after GC invocations=31 (full 3):
 PSYoungGen      total 2320896K, used 264822K [0x0000000715580000, 0x00000007c0000000, 0x00000007c0000000)
  eden space 1831936K, 0% used [0x0000000715580000,0x0000000715580000,0x0000000785280000)
  from space 488960K, 54% used [0x00000007a2280000,0x00000007b251d9e0,0x00000007c0000000)
  to   space 475136K, 0% used [0x0000000785280000,0x0000000785280000,0x00000007a2280000)
 ParOldGen       total 2568192K, used 1919953K [0x00000005c0000000, 0x000000065cc00000, 0x0000000715580000)
  object space 2568192K, 74% used [0x00000005c0000000,0x00000006352f45c0,0x000000065cc00000)
 Metaspace       used 201086K, capacity 213076K, committed 213248K, reserved 1230848K
  class space    used 28157K, capacity 31679K, committed 31744K, reserved 1048576K
}
Event: 65.954 GC heap before
{Heap before GC invocations=32 (full 3):
 PSYoungGen      total 2320896K, used 2096758K [0x0000000715580000, 0x00000007c0000000, 0x00000007c0000000)
  eden space 1831936K, 100% used [0x0000000715580000,0x0000000785280000,0x0000000785280000)
  from space 488960K, 54% used [0x00000007a2280000,0x00000007b251d9e0,0x00000007c0000000)
  to   space 475136K, 0% used [0x0000000785280000,0x0000000785280000,0x00000007a2280000)
 ParOldGen       total 2568192K, used 1920025K [0x00000005c0000000, 0x000000065cc00000, 0x0000000715580000)
  object space 2568192K, 74% used [0x00000005c0000000,0x00000006353064e0,0x000000065cc00000)
 Metaspace       used 203096K, capacity 215138K, committed 215296K, reserved 1232896K
  class space    used 28379K, capacity 31896K, committed 32000K, reserved 1048576K
Event: 66.285 GC heap after
Heap after GC invocations=32 (full 3):
 PSYoungGen      total 2078720K, used 246591K [0x0000000715580000, 0x00000007bde80000, 0x00000007c0000000)
  eden space 1831936K, 0% used [0x0000000715580000,0x0000000715580000,0x0000000785280000)
  from space 246784K, 99% used [0x0000000785280000,0x000000079434fe88,0x0000000794380000)
  to   space 464896K, 0% used [0x00000007a1880000,0x00000007a1880000,0x00000007bde80000)
 ParOldGen       total 2568192K, used 1944247K [0x00000005c0000000, 0x000000065cc00000, 0x0000000715580000)
  object space 2568192K, 75% used [0x00000005c0000000,0x0000000636aadf58,0x000000065cc00000)
 Metaspace       used 203096K, capacity 215138K, committed 215296K, reserved 1232896K
  class space    used 28379K, capacity 31896K, committed 32000K, reserved 1048576K
}
Event: 67.354 GC heap before
{Heap before GC invocations=33 (full 3):
 PSYoungGen      total 2078720K, used 2078527K [0x0000000715580000, 0x00000007bde80000, 0x00000007c0000000)
  eden space 1831936K, 100% used [0x0000000715580000,0x0000000785280000,0x0000000785280000)
  from space 246784K, 99% used [0x0000000785280000,0x000000079434fe88,0x0000000794380000)
  to   space 464896K, 0% used [0x00000007a1880000,0x00000007a1880000,0x00000007bde80000)
 ParOldGen       total 2568192K, used 1945143K [0x00000005c0000000, 0x000000065cc00000, 0x0000000715580000)
  object space 2568192K, 75% used [0x00000005c0000000,0x0000000636b8dda0,0x000000065cc00000)
 Metaspace       used 209540K, capacity 221728K, committed 221952K, reserved 1239040K
  class space    used 29203K, capacity 32711K, committed 32768K, reserved 1048576K
Event: 67.689 GC heap after
Heap after GC invocations=33 (full 3):
 PSYoungGen      total 2303488K, used 225264K [0x0000000715580000, 0x00000007c0000000, 0x00000007c0000000)
  eden space 1838592K, 0% used [0x0000000715580000,0x0000000715580000,0x0000000785900000)
  from space 464896K, 48% used [0x00000007a1880000,0x00000007af47c088,0x00000007bde80000)
  to   space 458240K, 0% used [0x0000000785900000,0x0000000785900000,0x00000007a1880000)
 ParOldGen       total 2568192K, used 1971686K [0x00000005c0000000, 0x000000065cc00000, 0x0000000715580000)
  object space 2568192K, 76% used [0x00000005c0000000,0x0000000638579ae8,0x000000065cc00000)
 Metaspace       used 209540K, capacity 221728K, committed 221952K, reserved 1239040K
  class space    used 29203K, capacity 32711K, committed 32768K, reserved 1048576K
}
Event: 69.342 GC heap before
{Heap before GC invocations=34 (full 3):
 PSYoungGen      total 2303488K, used 2063856K [0x0000000715580000, 0x00000007c0000000, 0x00000007c0000000)
  eden space 1838592K, 100% used [0x0000000715580000,0x0000000785900000,0x0000000785900000)
  from space 464896K, 48% used [0x00000007a1880000,0x00000007af47c088,0x00000007bde80000)
  to   space 458240K, 0% used [0x0000000785900000,0x0000000785900000,0x00000007a1880000)
 ParOldGen       total 2568192K, used 1971688K [0x00000005c0000000, 0x000000065cc00000, 0x0000000715580000)
  object space 2568192K, 76% used [0x00000005c0000000,0x000000063857a370,0x000000065cc00000)
 Metaspace       used 223885K, capacity 236278K, committed 236416K, reserved 1251328K
  class space    used 31111K, capacity 34568K, committed 34688K, reserved 1048576K
Event: 69.671 GC heap after
Heap after GC invocations=34 (full 3):
 PSYoungGen      total 2296832K, used 231162K [0x0000000715580000, 0x00000007be880000, 0x00000007c0000000)
  eden space 1838592K, 0% used [0x0000000715580000,0x0000000715580000,0x0000000785900000)
  from space 458240K, 50% used [0x0000000785900000,0x0000000793abea40,0x00000007a1880000)
  to   space 449536K, 0% used [0x00000007a3180000,0x00000007a3180000,0x00000007be880000)
 ParOldGen       total 2568192K, used 1992365K [0x00000005c0000000, 0x000000065cc00000, 0x0000000715580000)
  object space 2568192K, 77% used [0x00000005c0000000,0x00000006399ab4d8,0x000000065cc00000)
 Metaspace       used 223885K, capacity 236278K, committed 236416K, reserved 1251328K
  class space    used 31111K, capacity 34568K, committed 34688K, reserved 1048576K
}
Event: 71.736 GC heap before
{Heap before GC invocations=35 (full 3):
 PSYoungGen      total 2296832K, used 1557450K [0x0000000715580000, 0x00000007be880000, 0x00000007c0000000)
  eden space 1838592K, 72% used [0x0000000715580000,0x00000007664b4000,0x0000000785900000)
  from space 458240K, 50% used [0x0000000785900000,0x0000000793abea40,0x00000007a1880000)
  to   space 449536K, 0% used [0x00000007a3180000,0x00000007a3180000,0x00000007be880000)
 ParOldGen       total 2568192K, used 1992365K [0x00000005c0000000, 0x000000065cc00000, 0x0000000715580000)
  object space 2568192K, 77% used [0x00000005c0000000,0x00000006399ab4d8,0x000000065cc00000)
 Metaspace       used 248626K, capacity 261872K, committed 262144K, reserved 1273856K
  class space    used 34338K, capacity 37858K, committed 37888K, reserved 1048576K
Event: 71.990 GC heap after
Heap after GC invocations=35 (full 3):
 PSYoungGen      total 2323968K, used 182813K [0x0000000715580000, 0x00000007bf480000, 0x00000007c0000000)
  eden space 1874432K, 0% used [0x0000000715580000,0x0000000715580000,0x0000000787c00000)
  from space 449536K, 40% used [0x00000007a3180000,0x00000007ae407648,0x00000007be880000)
  to   space 448000K, 0% used [0x0000000787c00000,0x0000000787c00000,0x00000007a3180000)
 ParOldGen       total 2568192K, used 2010300K [0x00000005c0000000, 0x000000065cc00000, 0x0000000715580000)
  object space 2568192K, 78% used [0x00000005c0000000,0x000000063ab2f358,0x000000065cc00000)
 Metaspace       used 248626K, capacity 261872K, committed 262144K, reserved 1273856K
  class space    used 34338K, capacity 37858K, committed 37888K, reserved 1048576K
}
Event: 71.990 GC heap before
{Heap before GC invocations=36 (full 4):
 PSYoungGen      total 2323968K, used 182813K [0x0000000715580000, 0x00000007bf480000, 0x00000007c0000000)
  eden space 1874432K, 0% used [0x0000000715580000,0x0000000715580000,0x0000000787c00000)
  from space 449536K, 40% used [0x00000007a3180000,0x00000007ae407648,0x00000007be880000)
  to   space 448000K, 0% used [0x0000000787c00000,0x0000000787c00000,0x00000007a3180000)
 ParOldGen       total 2568192K, used 2010300K [0x00000005c0000000, 0x000000065cc00000, 0x0000000715580000)
  object space 2568192K, 78% used [0x00000005c0000000,0x000000063ab2f358,0x000000065cc00000)
 Metaspace       used 248626K, capacity 261872K, committed 262144K, reserved 1273856K
  class space    used 34338K, capacity 37858K, committed 37888K, reserved 1048576K
Event: 73.227 GC heap after
Heap after GC invocations=36 (full 4):
 PSYoungGen      total 2323968K, used 0K [0x0000000715580000, 0x00000007bf480000, 0x00000007c0000000)
  eden space 1874432K, 0% used [0x0000000715580000,0x0000000715580000,0x0000000787c00000)
  from space 449536K, 0% used [0x00000007a3180000,0x00000007a3180000,0x00000007be880000)
  to   space 448000K, 0% used [0x0000000787c00000,0x0000000787c00000,0x00000007a3180000)
 ParOldGen       total 1935360K, used 995380K [0x00000005c0000000, 0x0000000636200000, 0x0000000715580000)
  object space 1935360K, 51% used [0x00000005c0000000,0x00000005fcc0d240,0x0000000636200000)
 Metaspace       used 248596K, capacity 261818K, committed 262144K, reserved 1273856K
  class space    used 34333K, capacity 37849K, committed 37888K, reserved 1048576K
}
Event: 76.050 GC heap before
{Heap before GC invocations=37 (full 4):
 PSYoungGen      total 2323968K, used 1874432K [0x0000000715580000, 0x00000007bf480000, 0x00000007c0000000)
  eden space 1874432K, 100% used [0x0000000715580000,0x0000000787c00000,0x0000000787c00000)
  from space 449536K, 0% used [0x00000007a3180000,0x00000007a3180000,0x00000007be880000)
  to   space 448000K, 0% used [0x0000000787c00000,0x0000000787c00000,0x00000007a3180000)
 ParOldGen       total 1935360K, used 995380K [0x00000005c0000000, 0x0000000636200000, 0x0000000715580000)
  object space 1935360K, 51% used [0x00000005c0000000,0x00000005fcc0d240,0x0000000636200000)
 Metaspace       used 279451K, capacity 293608K, committed 293888K, reserved 1300480K
  class space    used 38264K, capacity 41897K, committed 41984K, reserved 1048576K
Event: 76.367 GC heap after
Heap after GC invocations=37 (full 4):
 PSYoungGen      total 2322432K, used 243239K [0x0000000715580000, 0x00000007be380000, 0x00000007c0000000)
  eden space 1874432K, 0% used [0x0000000715580000,0x0000000715580000,0x0000000787c00000)
  from space 448000K, 54% used [0x0000000787c00000,0x0000000796989e38,0x00000007a3180000)
  to   space 434176K, 0% used [0x00000007a3b80000,0x00000007a3b80000,0x00000007be380000)
 ParOldGen       total 1935360K, used 995388K [0x00000005c0000000, 0x0000000636200000, 0x0000000715580000)
  object space 1935360K, 51% used [0x00000005c0000000,0x00000005fcc0f240,0x0000000636200000)
 Metaspace       used 279451K, capacity 293608K, committed 293888K, reserved 1300480K
  class space    used 38264K, capacity 41897K, committed 41984K, reserved 1048576K
}
Event: 79.019 GC heap before
{Heap before GC invocations=38 (full 4):
 PSYoungGen      total 2322432K, used 2117671K [0x0000000715580000, 0x00000007be380000, 0x00000007c0000000)
  eden space 1874432K, 100% used [0x0000000715580000,0x0000000787c00000,0x0000000787c00000)
  from space 448000K, 54% used [0x0000000787c00000,0x0000000796989e38,0x00000007a3180000)
  to   space 434176K, 0% used [0x00000007a3b80000,0x00000007a3b80000,0x00000007be380000)
 ParOldGen       total 1935360K, used 995388K [0x00000005c0000000, 0x0000000636200000, 0x0000000715580000)
  object space 1935360K, 51% used [0x00000005c0000000,0x00000005fcc0f240,0x0000000636200000)
 Metaspace       used 319319K, capacity 334274K, committed 334464K, reserved 1337344K
  class space    used 43412K, capacity 47230K, committed 47232K, reserved 1048576K
Event: 79.348 GC heap after
Heap after GC invocations=38 (full 4):
 PSYoungGen      total 2334720K, used 244268K [0x0000000715580000, 0x00000007bd880000, 0x00000007c0000000)
  eden space 1911808K, 0% used [0x0000000715580000,0x0000000715580000,0x000000078a080000)
  from space 422912K, 57% used [0x00000007a3b80000,0x00000007b2a0b3a0,0x00000007bd880000)
  to   space 420864K, 0% used [0x000000078a080000,0x000000078a080000,0x00000007a3b80000)
 ParOldGen       total 1935360K, used 1011516K [0x00000005c0000000, 0x0000000636200000, 0x0000000715580000)
  object space 1935360K, 52% used [0x00000005c0000000,0x00000005fdbcf140,0x0000000636200000)
 Metaspace       used 319319K, capacity 334274K, committed 334464K, reserved 1337344K
  class space    used 43412K, capacity 47230K, committed 47232K, reserved 1048576K
}
Event: 84.596 GC heap before
{Heap before GC invocations=39 (full 4):
 PSYoungGen      total 2334720K, used 2156076K [0x0000000715580000, 0x00000007bd880000, 0x00000007c0000000)
  eden space 1911808K, 100% used [0x0000000715580000,0x000000078a080000,0x000000078a080000)
  from space 422912K, 57% used [0x00000007a3b80000,0x00000007b2a0b3a0,0x00000007bd880000)
  to   space 420864K, 0% used [0x000000078a080000,0x000000078a080000,0x00000007a3b80000)
 ParOldGen       total 1935360K, used 1011516K [0x00000005c0000000, 0x0000000636200000, 0x0000000715580000)
  object space 1935360K, 52% used [0x00000005c0000000,0x00000005fdbcf140,0x0000000636200000)
 Metaspace       used 376904K, capacity 393876K, committed 393984K, reserved 1388544K
  class space    used 50762K, capacity 54970K, committed 55040K, reserved 1048576K
Event: 84.799 GC heap after
Heap after GC invocations=39 (full 4):
 PSYoungGen      total 2332672K, used 182992K [0x0000000715580000, 0x00000007bfa00000, 0x00000007c0000000)
  eden space 1911808K, 0% used [0x0000000715580000,0x0000000715580000,0x000000078a080000)
  from space 420864K, 43% used [0x000000078a080000,0x00000007953342f0,0x00000007a3b80000)
  to   space 418816K, 0% used [0x00000007a6100000,0x00000007a6100000,0x00000007bfa00000)
 ParOldGen       total 1935360K, used 1026557K [0x00000005c0000000, 0x0000000636200000, 0x0000000715580000)
  object space 1935360K, 53% used [0x00000005c0000000,0x00000005fea7f5b0,0x0000000636200000)
 Metaspace       used 376904K, capacity 393876K, committed 393984K, reserved 1388544K
  class space    used 50762K, capacity 54970K, committed 55040K, reserved 1048576K
}
Event: 88.300 GC heap before
{Heap before GC invocations=40 (full 4):
 PSYoungGen      total 2332672K, used 2094800K [0x0000000715580000, 0x00000007bfa00000, 0x00000007c0000000)
  eden space 1911808K, 100% used [0x0000000715580000,0x000000078a080000,0x000000078a080000)
  from space 420864K, 43% used [0x000000078a080000,0x00000007953342f0,0x00000007a3b80000)
  to   space 418816K, 0% used [0x00000007a6100000,0x00000007a6100000,0x00000007bfa00000)
 ParOldGen       total 1935360K, used 1026557K [0x00000005c0000000, 0x0000000636200000, 0x0000000715580000)
  object space 1935360K, 53% used [0x00000005c0000000,0x00000005fea7f5b0,0x0000000636200000)
 Metaspace       used 397092K, capacity 415204K, committed 415488K, reserved 1406976K
  class space    used 53549K, capacity 58018K, committed 58112K, reserved 1048576K
Event: 88.408 GC heap after
Heap after GC invocations=40 (full 4):
 PSYoungGen      total 2346496K, used 68825K [0x0000000715580000, 0x00000007c0000000, 0x00000007c0000000)
  eden space 1927680K, 0% used [0x0000000715580000,0x0000000715580000,0x000000078b000000)
  from space 418816K, 16% used [0x00000007a6100000,0x00000007aa436498,0x00000007bfa00000)
  to   space 434176K, 0% used [0x000000078b000000,0x000000078b000000,0x00000007a5800000)
 ParOldGen       total 1935360K, used 1078900K [0x00000005c0000000, 0x0000000636200000, 0x0000000715580000)
  object space 1935360K, 55% used [0x00000005c0000000,0x0000000601d9d130,0x0000000636200000)
 Metaspace       used 397092K, capacity 415204K, committed 415488K, reserved 1406976K
  class space    used 53549K, capacity 58018K, committed 58112K, reserved 1048576K
}
Event: 91.286 GC heap before
{Heap before GC invocations=41 (full 4):
 PSYoungGen      total 2346496K, used 869855K [0x0000000715580000, 0x00000007c0000000, 0x00000007c0000000)
  eden space 1927680K, 41% used [0x0000000715580000,0x00000007463c1b00,0x000000078b000000)
  from space 418816K, 16% used [0x00000007a6100000,0x00000007aa436498,0x00000007bfa00000)
  to   space 434176K, 0% used [0x000000078b000000,0x000000078b000000,0x00000007a5800000)
 ParOldGen       total 1935360K, used 1078900K [0x00000005c0000000, 0x0000000636200000, 0x0000000715580000)
  object space 1935360K, 55% used [0x00000005c0000000,0x0000000601d9d130,0x0000000636200000)
 Metaspace       used 417445K, capacity 436852K, committed 436908K, reserved 1425408K
  class space    used 56597K, capacity 61165K, committed 61184K, reserved 1048576K
Event: 91.379 GC heap after
Heap after GC invocations=41 (full 4):
 PSYoungGen      total 2020864K, used 92768K [0x0000000715580000, 0x00000007c0000000, 0x00000007c0000000)
  eden space 1927680K, 0% used [0x0000000715580000,0x0000000715580000,0x000000078b000000)
  from space 93184K, 99% used [0x000000078b000000,0x0000000790a98110,0x0000000790b00000)
  to   space 438784K, 0% used [0x00000007a5380000,0x00000007a5380000,0x00000007c0000000)
 ParOldGen       total 1935360K, used 1078908K [0x00000005c0000000, 0x0000000636200000, 0x0000000715580000)
  object space 1935360K, 55% used [0x00000005c0000000,0x0000000601d9f130,0x0000000636200000)
 Metaspace       used 417445K, capacity 436852K, committed 436908K, reserved 1425408K
  class space    used 56597K, capacity 61165K, committed 61184K, reserved 1048576K
}
Event: 91.379 GC heap before
{Heap before GC invocations=42 (full 5):
 PSYoungGen      total 2020864K, used 92768K [0x0000000715580000, 0x00000007c0000000, 0x00000007c0000000)
  eden space 1927680K, 0% used [0x0000000715580000,0x0000000715580000,0x000000078b000000)
  from space 93184K, 99% used [0x000000078b000000,0x0000000790a98110,0x0000000790b00000)
  to   space 438784K, 0% used [0x00000007a5380000,0x00000007a5380000,0x00000007c0000000)
 ParOldGen       total 1935360K, used 1078908K [0x00000005c0000000, 0x0000000636200000, 0x0000000715580000)
  object space 1935360K, 55% used [0x00000005c0000000,0x0000000601d9f130,0x0000000636200000)
 Metaspace       used 417445K, capacity 436852K, committed 436908K, reserved 1425408K
  class space    used 56597K, capacity 61165K, committed 61184K, reserved 1048576K
Event: 92.637 GC heap after
Heap after GC invocations=42 (full 5):
 PSYoungGen      total 2020864K, used 0K [0x0000000715580000, 0x00000007c0000000, 0x00000007c0000000)
  eden space 1927680K, 0% used [0x0000000715580000,0x0000000715580000,0x000000078b000000)
  from space 93184K, 0% used [0x000000078b000000,0x000000078b000000,0x0000000790b00000)
  to   space 438784K, 0% used [0x00000007a5380000,0x00000007a5380000,0x00000007c0000000)
 ParOldGen       total 2072576K, used 969483K [0x00000005c0000000, 0x000000063e800000, 0x0000000715580000)
  object space 2072576K, 46% used [0x00000005c0000000,0x00000005fb2c2f80,0x000000063e800000)
 Metaspace       used 417433K, capacity 436816K, committed 436908K, reserved 1425408K
  class space    used 56594K, capacity 61159K, committed 61184K, reserved 1048576K
}
Event: 97.018 GC heap before
{Heap before GC invocations=43 (full 5):
 PSYoungGen      total 2020864K, used 1927680K [0x0000000715580000, 0x00000007c0000000, 0x00000007c0000000)
  eden space 1927680K, 100% used [0x0000000715580000,0x000000078b000000,0x000000078b000000)
  from space 93184K, 0% used [0x000000078b000000,0x000000078b000000,0x0000000790b00000)
  to   space 438784K, 0% used [0x00000007a5380000,0x00000007a5380000,0x00000007c0000000)
 ParOldGen       total 2072576K, used 969483K [0x00000005c0000000, 0x000000063e800000, 0x0000000715580000)
  object space 2072576K, 46% used [0x00000005c0000000,0x00000005fb2c2f80,0x000000063e800000)
 Metaspace       used 438643K, capacity 460974K, committed 461184K, reserved 1445888K
  class space    used 59866K, capacity 64806K, committed 64896K, reserved 1048576K
Event: 97.120 GC heap after
Heap after GC invocations=43 (full 5):
 PSYoungGen      total 2360832K, used 117410K [0x0000000715580000, 0x00000007c0000000, 0x00000007c0000000)
  eden space 1922048K, 0% used [0x0000000715580000,0x0000000715580000,0x000000078aa80000)
  from space 438784K, 26% used [0x00000007a5380000,0x00000007ac628b78,0x00000007c0000000)
  to   space 435200K, 0% used [0x000000078aa80000,0x000000078aa80000,0x00000007a5380000)
 ParOldGen       total 2072576K, used 969491K [0x00000005c0000000, 0x000000063e800000, 0x0000000715580000)
  object space 2072576K, 46% used [0x00000005c0000000,0x00000005fb2c4f80,0x000000063e800000)
 Metaspace       used 438643K, capacity 460974K, committed 461184K, reserved 1445888K
  class space    used 59866K, capacity 64806K, committed 64896K, reserved 1048576K
}
Event: 100.115 GC heap before
{Heap before GC invocations=44 (full 5):
 PSYoungGen      total 2360832K, used 2039458K [0x0000000715580000, 0x00000007c0000000, 0x00000007c0000000)
  eden space 1922048K, 100% used [0x0000000715580000,0x000000078aa80000,0x000000078aa80000)
  from space 438784K, 26% used [0x00000007a5380000,0x00000007ac628b78,0x00000007c0000000)
  to   space 435200K, 0% used [0x000000078aa80000,0x000000078aa80000,0x00000007a5380000)
 ParOldGen       total 2072576K, used 969491K [0x00000005c0000000, 0x000000063e800000, 0x0000000715580000)
  object space 2072576K, 46% used [0x00000005c0000000,0x00000005fb2c4f80,0x000000063e800000)
 Metaspace       used 446755K, capacity 469870K, committed 470016K, reserved 1454080K
  class space    used 60632K, capacity 65756K, committed 65792K, reserved 1048576K
Event: 100.211 GC heap after
Heap after GC invocations=44 (full 5):
 PSYoungGen      total 2078208K, used 155666K [0x0000000715580000, 0x00000007be380000, 0x00000007c0000000)
  eden space 1922048K, 0% used [0x0000000715580000,0x0000000715580000,0x000000078aa80000)
  from space 156160K, 99% used [0x000000078aa80000,0x0000000794284a70,0x0000000794300000)
  to   space 422400K, 0% used [0x00000007a4700000,0x00000007a4700000,0x00000007be380000)
 ParOldGen       total 2072576K, used 969499K [0x00000005c0000000, 0x000000063e800000, 0x0000000715580000)
  object space 2072576K, 46% used [0x00000005c0000000,0x00000005fb2c6f80,0x000000063e800000)
 Metaspace       used 446755K, capacity 469870K, committed 470016K, reserved 1454080K
  class space    used 60632K, capacity 65756K, committed 65792K, reserved 1048576K
}
Event: 101.914 GC heap before
{Heap before GC invocations=45 (full 5):
 PSYoungGen      total 2078208K, used 2077714K [0x0000000715580000, 0x00000007be380000, 0x00000007c0000000)
  eden space 1922048K, 100% used [0x0000000715580000,0x000000078aa80000,0x000000078aa80000)
  from space 156160K, 99% used [0x000000078aa80000,0x0000000794284a70,0x0000000794300000)
  to   space 422400K, 0% used [0x00000007a4700000,0x00000007a4700000,0x00000007be380000)
 ParOldGen       total 2072576K, used 969499K [0x00000005c0000000, 0x000000063e800000, 0x0000000715580000)
  object space 2072576K, 46% used [0x00000005c0000000,0x00000005fb2c6f80,0x000000063e800000)
 Metaspace       used 449167K, capacity 473292K, committed 473600K, reserved 1456128K
  class space    used 60952K, capacity 66205K, committed 66304K, reserved 1048576K
Event: 102.068 GC heap after
Heap after GC invocations=45 (full 5):
 PSYoungGen      total 2362880K, used 215266K [0x0000000715580000, 0x00000007c0000000, 0x00000007c0000000)
  eden space 1940480K, 0% used [0x0000000715580000,0x0000000715580000,0x000000078bc80000)
  from space 422400K, 50% used [0x00000007a4700000,0x00000007b1938b68,0x00000007be380000)
  to   space 403968K, 0% used [0x000000078bc80000,0x000000078bc80000,0x00000007a4700000)
 ParOldGen       total 2072576K, used 969507K [0x00000005c0000000, 0x000000063e800000, 0x0000000715580000)
  object space 2072576K, 46% used [0x00000005c0000000,0x00000005fb2c8f80,0x000000063e800000)
 Metaspace       used 449167K, capacity 473292K, committed 473600K, reserved 1456128K
  class space    used 60952K, capacity 66205K, committed 66304K, reserved 1048576K
}
Event: 103.975 GC heap before
{Heap before GC invocations=46 (full 5):
 PSYoungGen      total 2362880K, used 2155746K [0x0000000715580000, 0x00000007c0000000, 0x00000007c0000000)
  eden space 1940480K, 100% used [0x0000000715580000,0x000000078bc80000,0x000000078bc80000)
  from space 422400K, 50% used [0x00000007a4700000,0x00000007b1938b68,0x00000007be380000)
  to   space 403968K, 0% used [0x000000078bc80000,0x000000078bc80000,0x00000007a4700000)
 ParOldGen       total 2072576K, used 969507K [0x00000005c0000000, 0x000000063e800000, 0x0000000715580000)
  object space 2072576K, 46% used [0x00000005c0000000,0x00000005fb2c8f80,0x000000063e800000)
 Metaspace       used 450556K, capacity 474688K, committed 474880K, reserved 1458176K
  class space    used 60981K, capacity 66241K, committed 66304K, reserved 1048576K
Event: 104.133 GC heap after
Heap after GC invocations=46 (full 5):
 PSYoungGen      total 2344448K, used 241371K [0x0000000715580000, 0x00000007be100000, 0x00000007c0000000)
  eden space 1940480K, 0% used [0x0000000715580000,0x0000000715580000,0x000000078bc80000)
  from space 403968K, 59% used [0x000000078bc80000,0x000000079a836e88,0x00000007a4700000)
  to   space 397312K, 0% used [0x00000007a5d00000,0x00000007a5d00000,0x00000007be100000)
 ParOldGen       total 2072576K, used 969515K [0x00000005c0000000, 0x000000063e800000, 0x0000000715580000)
  object space 2072576K, 46% used [0x00000005c0000000,0x00000005fb2caf80,0x000000063e800000)
 Metaspace       used 450556K, capacity 474688K, committed 474880K, reserved 1458176K
  class space    used 60981K, capacity 66241K, committed 66304K, reserved 1048576K
}
Event: 105.878 GC heap before
{Heap before GC invocations=47 (full 5):
 PSYoungGen      total 2344448K, used 2181851K [0x0000000715580000, 0x00000007be100000, 0x00000007c0000000)
  eden space 1940480K, 100% used [0x0000000715580000,0x000000078bc80000,0x000000078bc80000)
  from space 403968K, 59% used [0x000000078bc80000,0x000000079a836e88,0x00000007a4700000)
  to   space 397312K, 0% used [0x00000007a5d00000,0x00000007a5d00000,0x00000007be100000)
 ParOldGen       total 2072576K, used 969515K [0x00000005c0000000, 0x000000063e800000, 0x0000000715580000)
  object space 2072576K, 46% used [0x00000005c0000000,0x00000005fb2caf80,0x000000063e800000)
 Metaspace       used 452059K, capacity 476566K, committed 476800K, reserved 1460224K
  class space    used 61103K, capacity 66416K, committed 66432K, reserved 1048576K
Event: 106.072 GC heap after
Heap after GC invocations=47 (full 5):
 PSYoungGen      total 2363392K, used 271087K [0x0000000715580000, 0x00000007c0000000, 0x00000007c0000000)
  eden space 1966080K, 0% used [0x0000000715580000,0x0000000715580000,0x000000078d580000)
  from space 397312K, 68% used [0x00000007a5d00000,0x00000007b65bbe98,0x00000007be100000)
  to   space 400896K, 0% used [0x000000078d580000,0x000000078d580000,0x00000007a5d00000)
 ParOldGen       total 2072576K, used 969523K [0x00000005c0000000, 0x000000063e800000, 0x0000000715580000)
  object space 2072576K, 46% used [0x00000005c0000000,0x00000005fb2ccf80,0x000000063e800000)
 Metaspace       used 452059K, capacity 476566K, committed 476800K, reserved 1460224K
  class space    used 61103K, capacity 66416K, committed 66432K, reserved 1048576K
}
Event: 110.846 GC heap before
{Heap before GC invocations=48 (full 5):
 PSYoungGen      total 2363392K, used 2237167K [0x0000000715580000, 0x00000007c0000000, 0x00000007c0000000)
  eden space 1966080K, 100% used [0x0000000715580000,0x000000078d580000,0x000000078d580000)
  from space 397312K, 68% used [0x00000007a5d00000,0x00000007b65bbe98,0x00000007be100000)
  to   space 400896K, 0% used [0x000000078d580000,0x000000078d580000,0x00000007a5d00000)
 ParOldGen       total 2072576K, used 969523K [0x00000005c0000000, 0x000000063e800000, 0x0000000715580000)
  object space 2072576K, 46% used [0x00000005c0000000,0x00000005fb2ccf80,0x000000063e800000)
 Metaspace       used 458766K, capacity 483834K, committed 483968K, reserved 1466368K
  class space    used 61800K, capacity 67148K, committed 67200K, reserved 1048576K
Event: 111.050 GC heap after
Heap after GC invocations=48 (full 5):
 PSYoungGen      total 2350080K, used 383949K [0x0000000715580000, 0x00000007c0000000, 0x00000007c0000000)
  eden space 1966080K, 0% used [0x0000000715580000,0x0000000715580000,0x000000078d580000)
  from space 384000K, 99% used [0x000000078d580000,0x00000007a4c737c0,0x00000007a4c80000)
  to   space 444416K, 0% used [0x00000007a4e00000,0x00000007a4e00000,0x00000007c0000000)
 ParOldGen       total 2072576K, used 969531K [0x00000005c0000000, 0x000000063e800000, 0x0000000715580000)
  object space 2072576K, 46% used [0x00000005c0000000,0x00000005fb2cef80,0x000000063e800000)
 Metaspace       used 458766K, capacity 483834K, committed 483968K, reserved 1466368K
  class space    used 61800K, capacity 67148K, committed 67200K, reserved 1048576K
}
Event: 115.574 GC heap before
{Heap before GC invocations=49 (full 5):
 PSYoungGen      total 2350080K, used 2350029K [0x0000000715580000, 0x00000007c0000000, 0x00000007c0000000)
  eden space 1966080K, 100% used [0x0000000715580000,0x000000078d580000,0x000000078d580000)
  from space 384000K, 99% used [0x000000078d580000,0x00000007a4c737c0,0x00000007a4c80000)
  to   space 444416K, 0% used [0x00000007a4e00000,0x00000007a4e00000,0x00000007c0000000)
 ParOldGen       total 2072576K, used 969531K [0x00000005c0000000, 0x000000063e800000, 0x0000000715580000)
  object space 2072576K, 46% used [0x00000005c0000000,0x00000005fb2cef80,0x000000063e800000)
 Metaspace       used 461532K, capacity 486964K, committed 487040K, reserved 1468416K
  class space    used 61970K, capacity 67407K, committed 67456K, reserved 1048576K
Event: 115.926 GC heap after
Heap after GC invocations=49 (full 5):
 PSYoungGen      total 2200064K, used 444397K [0x0000000715580000, 0x00000007c0000000, 0x00000007c0000000)
  eden space 1755648K, 0% used [0x0000000715580000,0x0000000715580000,0x0000000780800000)
  from space 444416K, 99% used [0x00000007a4e00000,0x00000007bfffb5a0,0x00000007c0000000)
  to   space 520192K, 0% used [0x0000000780800000,0x0000000780800000,0x00000007a0400000)
 ParOldGen       total 2072576K, used 1020662K [0x00000005c0000000, 0x000000063e800000, 0x0000000715580000)
  object space 2072576K, 49% used [0x00000005c0000000,0x00000005fe4bd9f8,0x000000063e800000)
 Metaspace       used 461532K, capacity 486964K, committed 487040K, reserved 1468416K
  class space    used 61970K, capacity 67407K, committed 67456K, reserved 1048576K
}
Event: 119.549 GC heap before
{Heap before GC invocations=50 (full 5):
 PSYoungGen      total 2200064K, used 2200045K [0x0000000715580000, 0x00000007c0000000, 0x00000007c0000000)
  eden space 1755648K, 100% used [0x0000000715580000,0x0000000780800000,0x0000000780800000)
  from space 444416K, 99% used [0x00000007a4e00000,0x00000007bfffb5a0,0x00000007c0000000)
  to   space 520192K, 0% used [0x0000000780800000,0x0000000780800000,0x00000007a0400000)
 ParOldGen       total 2072576K, used 1020662K [0x00000005c0000000, 0x000000063e800000, 0x0000000715580000)
  object space 2072576K, 49% used [0x00000005c0000000,0x00000005fe4bd9f8,0x000000063e800000)
 Metaspace       used 464476K, capacity 489766K, committed 489856K, reserved 1472512K
  class space    used 62279K, capacity 67698K, committed 67712K, reserved 1048576K
Event: 119.852 GC heap after
Heap after GC invocations=50 (full 5):
 PSYoungGen      total 2275840K, used 520186K [0x0000000715580000, 0x00000007c0000000, 0x00000007c0000000)
  eden space 1755648K, 0% used [0x0000000715580000,0x0000000715580000,0x0000000780800000)
  from space 520192K, 99% used [0x0000000780800000,0x00000007a03fe840,0x00000007a0400000)
  to   space 520192K, 0% used [0x00000007a0400000,0x00000007a0400000,0x00000007c0000000)
 ParOldGen       total 2072576K, used 1054466K [0x00000005c0000000, 0x000000063e800000, 0x0000000715580000)
  object space 2072576K, 50% used [0x00000005c0000000,0x00000006005c0a80,0x000000063e800000)
 Metaspace       used 464476K, capacity 489766K, committed 489856K, reserved 1472512K
  class space    used 62279K, capacity 67698K, committed 67712K, reserved 1048576K
}
Event: 122.967 GC heap before
{Heap before GC invocations=51 (full 5):
 PSYoungGen      total 2275840K, used 2275834K [0x0000000715580000, 0x00000007c0000000, 0x00000007c0000000)
  eden space 1755648K, 100% used [0x0000000715580000,0x0000000780800000,0x0000000780800000)
  from space 520192K, 99% used [0x0000000780800000,0x00000007a03fe840,0x00000007a0400000)
  to   space 520192K, 0% used [0x00000007a0400000,0x00000007a0400000,0x00000007c0000000)
 ParOldGen       total 2072576K, used 1054466K [0x00000005c0000000, 0x000000063e800000, 0x0000000715580000)
  object space 2072576K, 50% used [0x00000005c0000000,0x00000006005c0a80,0x000000063e800000)
 Metaspace       used 466929K, capacity 492298K, committed 492416K, reserved 1474560K
  class space    used 62529K, capacity 67960K, committed 67968K, reserved 1048576K
Event: 123.290 GC heap after
Heap after GC invocations=51 (full 5):
 PSYoungGen      total 2008576K, used 510747K [0x0000000715580000, 0x00000007c0000000, 0x00000007c0000000)
  eden space 1488384K, 0% used [0x0000000715580000,0x0000000715580000,0x0000000770300000)
  from space 520192K, 98% used [0x00000007a0400000,0x00000007bf6c6eb0,0x00000007c0000000)
  to   space 653824K, 0% used [0x0000000770300000,0x0000000770300000,0x0000000798180000)
 ParOldGen       total 2072576K, used 1161964K [0x00000005c0000000, 0x000000063e800000, 0x0000000715580000)
  object space 2072576K, 56% used [0x00000005c0000000,0x0000000606ebb120,0x000000063e800000)
 Metaspace       used 466929K, capacity 492298K, committed 492416K, reserved 1474560K
  class space    used 62529K, capacity 67960K, committed 67968K, reserved 1048576K
}
Event: 126.465 GC heap before
{Heap before GC invocations=52 (full 5):
 PSYoungGen      total 2008576K, used 1999131K [0x0000000715580000, 0x00000007c0000000, 0x00000007c0000000)
  eden space 1488384K, 100% used [0x0000000715580000,0x0000000770300000,0x0000000770300000)
  from space 520192K, 98% used [0x00000007a0400000,0x00000007bf6c6eb0,0x00000007c0000000)
  to   space 653824K, 0% used [0x0000000770300000,0x0000000770300000,0x0000000798180000)
 ParOldGen       total 2072576K, used 1161964K [0x00000005c0000000, 0x000000063e800000, 0x0000000715580000)
  object space 2072576K, 56% used [0x00000005c0000000,0x0000000606ebb120,0x000000063e800000)
 Metaspace       used 470229K, capacity 495530K, committed 495616K, reserved 1476608K
  class space    used 62935K, capacity 68344K, committed 68352K, reserved 1048576K
Event: 126.918 GC heap after
Heap after GC invocations=52 (full 5):
 PSYoungGen      total 2142208K, used 653806K [0x0000000715580000, 0x00000007c0000000, 0x00000007c0000000)
  eden space 1488384K, 0% used [0x0000000715580000,0x0000000715580000,0x0000000770300000)
  from space 653824K, 99% used [0x0000000770300000,0x000000079817b890,0x0000000798180000)
  to   space 653824K, 0% used [0x0000000798180000,0x0000000798180000,0x00000007c0000000)
 ParOldGen       total 2072576K, used 1278191K [0x00000005c0000000, 0x000000063e800000, 0x0000000715580000)
  object space 2072576K, 61% used [0x00000005c0000000,0x000000060e03bc00,0x000000063e800000)
 Metaspace       used 470229K, capacity 495530K, committed 495616K, reserved 1476608K
  class space    used 62935K, capacity 68344K, committed 68352K, reserved 1048576K
}
Event: 128.688 GC heap before
{Heap before GC invocations=53 (full 5):
 PSYoungGen      total 2142208K, used 2142190K [0x0000000715580000, 0x00000007c0000000, 0x00000007c0000000)
  eden space 1488384K, 100% used [0x0000000715580000,0x0000000770300000,0x0000000770300000)
  from space 653824K, 99% used [0x0000000770300000,0x000000079817b890,0x0000000798180000)
  to   space 653824K, 0% used [0x0000000798180000,0x0000000798180000,0x00000007c0000000)
 ParOldGen       total 2072576K, used 1278191K [0x00000005c0000000, 0x000000063e800000, 0x0000000715580000)
  object space 2072576K, 61% used [0x00000005c0000000,0x000000060e03bc00,0x000000063e800000)
 Metaspace       used 474336K, capacity 499780K, committed 500096K, reserved 1480704K
  class space    used 63472K, capacity 68930K, committed 68992K, reserved 1048576K
Event: 129.356 GC heap after
Heap after GC invocations=53 (full 5):
 PSYoungGen      total 1586176K, used 653792K [0x0000000715580000, 0x00000007c0000000, 0x00000007c0000000)
  eden space 932352K, 0% used [0x0000000715580000,0x0000000715580000,0x000000074e400000)
  from space 653824K, 99% used [0x0000000798180000,0x00000007bfff8330,0x00000007c0000000)
  to   space 931840K, 0% used [0x000000074e400000,0x000000074e400000,0x0000000787200000)
 ParOldGen       total 2072576K, used 1883322K [0x00000005c0000000, 0x000000063e800000, 0x0000000715580000)
  object space 2072576K, 90% used [0x00000005c0000000,0x0000000632f2e890,0x000000063e800000)
 Metaspace       used 474336K, capacity 499780K, committed 500096K, reserved 1480704K
  class space    used 63472K, capacity 68930K, committed 68992K, reserved 1048576K
}
Event: 129.356 GC heap before
{Heap before GC invocations=54 (full 6):
 PSYoungGen      total 1586176K, used 653792K [0x0000000715580000, 0x00000007c0000000, 0x00000007c0000000)
  eden space 932352K, 0% used [0x0000000715580000,0x0000000715580000,0x000000074e400000)
  from space 653824K, 99% used [0x0000000798180000,0x00000007bfff8330,0x00000007c0000000)
  to   space 931840K, 0% used [0x000000074e400000,0x000000074e400000,0x0000000787200000)
 ParOldGen       total 2072576K, used 1883322K [0x00000005c0000000, 0x000000063e800000, 0x0000000715580000)
  object space 2072576K, 90% used [0x00000005c0000000,0x0000000632f2e890,0x000000063e800000)
 Metaspace       used 474336K, capacity 499780K, committed 500096K, reserved 1480704K
  class space    used 63472K, capacity 68930K, committed 68992K, reserved 1048576K
Event: 133.048 GC heap after
Heap after GC invocations=54 (full 6):
 PSYoungGen      total 1586176K, used 261837K [0x0000000715580000, 0x00000007c0000000, 0x00000007c0000000)
  eden space 932352K, 0% used [0x0000000715580000,0x0000000715580000,0x000000074e400000)
  from space 653824K, 40% used [0x0000000798180000,0x00000007a8133540,0x00000007c0000000)
  to   space 931840K, 0% used [0x000000074e400000,0x000000074e400000,0x0000000787200000)
 ParOldGen       total 3567104K, used 2072094K [0x00000005c0000000, 0x0000000699b80000, 0x0000000715580000)
  object space 3567104K, 58% used [0x00000005c0000000,0x000000063e7879e0,0x0000000699b80000)
 Metaspace       used 474336K, capacity 499780K, committed 500096K, reserved 1480704K
  class space    used 63472K, capacity 68930K, committed 68992K, reserved 1048576K
}
Event: 133.613 GC heap before
{Heap before GC invocations=55 (full 6):
 PSYoungGen      total 1586176K, used 1194189K [0x0000000715580000, 0x00000007c0000000, 0x00000007c0000000)
  eden space 932352K, 100% used [0x0000000715580000,0x000000074e400000,0x000000074e400000)
  from space 653824K, 40% used [0x0000000798180000,0x00000007a8133540,0x00000007c0000000)
  to   space 931840K, 0% used [0x000000074e400000,0x000000074e400000,0x0000000787200000)
 ParOldGen       total 3567104K, used 2072094K [0x00000005c0000000, 0x0000000699b80000, 0x0000000715580000)
  object space 3567104K, 58% used [0x00000005c0000000,0x000000063e7879e0,0x0000000699b80000)
 Metaspace       used 474378K, capacity 499862K, committed 500096K, reserved 1480704K
  class space    used 63476K, capacity 68933K, committed 68992K, reserved 1048576K
Event: 134.208 GC heap after
Heap after GC invocations=55 (full 6):
 PSYoungGen      total 1864192K, used 758567K [0x0000000715580000, 0x00000007c0000000, 0x00000007c0000000)
  eden space 932352K, 0% used [0x0000000715580000,0x0000000715580000,0x000000074e400000)
  from space 931840K, 81% used [0x000000074e400000,0x000000077c8c9cb0,0x0000000787200000)
  to   space 931840K, 0% used [0x0000000787200000,0x0000000787200000,0x00000007c0000000)
 ParOldGen       total 3567104K, used 2104806K [0x00000005c0000000, 0x0000000699b80000, 0x0000000715580000)
  object space 3567104K, 59% used [0x00000005c0000000,0x00000006407799e0,0x0000000699b80000)
 Metaspace       used 474378K, capacity 499862K, committed 500096K, reserved 1480704K
  class space    used 63476K, capacity 68933K, committed 68992K, reserved 1048576K
}
Event: 134.997 GC heap before
{Heap before GC invocations=56 (full 6):
 PSYoungGen      total 1864192K, used 1690919K [0x0000000715580000, 0x00000007c0000000, 0x00000007c0000000)
  eden space 932352K, 100% used [0x0000000715580000,0x000000074e400000,0x000000074e400000)
  from space 931840K, 81% used [0x000000074e400000,0x000000077c8c9cb0,0x0000000787200000)
  to   space 931840K, 0% used [0x0000000787200000,0x0000000787200000,0x00000007c0000000)
 ParOldGen       total 3567104K, used 2104806K [0x00000005c0000000, 0x0000000699b80000, 0x0000000715580000)
  object space 3567104K, 59% used [0x00000005c0000000,0x00000006407799e0,0x0000000699b80000)
 Metaspace       used 475207K, capacity 500648K, committed 500992K, reserved 1480704K
  class space    used 63594K, capacity 69064K, committed 69120K, reserved 1048576K
Event: 135.415 GC heap after
Heap after GC invocations=56 (full 6):
 PSYoungGen      total 1864192K, used 607150K [0x0000000715580000, 0x00000007c0000000, 0x00000007c0000000)
  eden space 932352K, 0% used [0x0000000715580000,0x0000000715580000,0x000000074e400000)
  from space 931840K, 65% used [0x0000000787200000,0x00000007ac2eba80,0x00000007c0000000)
  to   space 931840K, 0% used [0x000000074e400000,0x000000074e400000,0x0000000787200000)
 ParOldGen       total 3567104K, used 2190630K [0x00000005c0000000, 0x0000000699b80000, 0x0000000715580000)
  object space 3567104K, 61% used [0x00000005c0000000,0x0000000645b499e0,0x0000000699b80000)
 Metaspace       used 475207K, capacity 500648K, committed 500992K, reserved 1480704K
  class space    used 63594K, capacity 69064K, committed 69120K, reserved 1048576K
}
Event: 136.062 GC heap before
{Heap before GC invocations=57 (full 6):
 PSYoungGen      total 1864192K, used 1539502K [0x0000000715580000, 0x00000007c0000000, 0x00000007c0000000)
  eden space 932352K, 100% used [0x0000000715580000,0x000000074e400000,0x000000074e400000)
  from space 931840K, 65% used [0x0000000787200000,0x00000007ac2eba80,0x00000007c0000000)
  to   space 931840K, 0% used [0x000000074e400000,0x000000074e400000,0x0000000787200000)
 ParOldGen       total 3567104K, used 2190683K [0x00000005c0000000, 0x0000000699b80000, 0x0000000715580000)
  object space 3567104K, 61% used [0x00000005c0000000,0x0000000645b56ed0,0x0000000699b80000)
 Metaspace       used 475323K, capacity 500838K, committed 500992K, reserved 1480704K
  class space    used 63600K, capacity 69101K, committed 69120K, reserved 1048576K
Event: 136.454 GC heap after
Heap after GC invocations=57 (full 6):
 PSYoungGen      total 1864192K, used 618415K [0x0000000715580000, 0x00000007c0000000, 0x00000007c0000000)
  eden space 932352K, 0% used [0x0000000715580000,0x0000000715580000,0x000000074e400000)
  from space 931840K, 66% used [0x000000074e400000,0x0000000773febda8,0x0000000787200000)
  to   space 931840K, 0% used [0x0000000787200000,0x0000000787200000,0x00000007c0000000)
 ParOldGen       total 3567104K, used 2261739K [0x00000005c0000000, 0x0000000699b80000, 0x0000000715580000)
  object space 3567104K, 63% used [0x00000005c0000000,0x000000064a0baed0,0x0000000699b80000)
 Metaspace       used 475323K, capacity 500838K, committed 500992K, reserved 1480704K
  class space    used 63600K, capacity 69101K, committed 69120K, reserved 1048576K
}
Event: 136.835 GC heap before
{Heap before GC invocations=58 (full 6):
 PSYoungGen      total 1864192K, used 1550767K [0x0000000715580000, 0x00000007c0000000, 0x00000007c0000000)
  eden space 932352K, 100% used [0x0000000715580000,0x000000074e400000,0x000000074e400000)
  from space 931840K, 66% used [0x000000074e400000,0x0000000773febda8,0x0000000787200000)
  to   space 931840K, 0% used [0x0000000787200000,0x0000000787200000,0x00000007c0000000)
 ParOldGen       total 3567104K, used 2261739K [0x00000005c0000000, 0x0000000699b80000, 0x0000000715580000)
  object space 3567104K, 63% used [0x00000005c0000000,0x000000064a0baed0,0x0000000699b80000)
 Metaspace       used 475389K, capacity 500966K, committed 501248K, reserved 1480704K
  class space    used 63603K, capacity 69101K, committed 69120K, reserved 1048576K
Event: 137.210 GC heap after
Heap after GC invocations=58 (full 6):
 PSYoungGen      total 1864192K, used 676023K [0x0000000715580000, 0x00000007c0000000, 0x00000007c0000000)
  eden space 932352K, 0% used [0x0000000715580000,0x0000000715580000,0x000000074e400000)
  from space 931840K, 72% used [0x0000000787200000,0x00000007b062dd70,0x00000007c0000000)
  to   space 931840K, 0% used [0x000000074e400000,0x000000074e400000,0x0000000787200000)
 ParOldGen       total 3567104K, used 2268571K [0x00000005c0000000, 0x0000000699b80000, 0x0000000715580000)
  object space 3567104K, 63% used [0x00000005c0000000,0x000000064a766f90,0x0000000699b80000)
 Metaspace       used 475389K, capacity 500966K, committed 501248K, reserved 1480704K
  class space    used 63603K, capacity 69101K, committed 69120K, reserved 1048576K
}
Event: 137.729 GC heap before
{Heap before GC invocations=59 (full 6):
 PSYoungGen      total 1864192K, used 1608375K [0x0000000715580000, 0x00000007c0000000, 0x00000007c0000000)
  eden space 932352K, 100% used [0x0000000715580000,0x000000074e400000,0x000000074e400000)
  from space 931840K, 72% used [0x0000000787200000,0x00000007b062dd70,0x00000007c0000000)
  to   space 931840K, 0% used [0x000000074e400000,0x000000074e400000,0x0000000787200000)
 ParOldGen       total 3567104K, used 2268571K [0x00000005c0000000, 0x0000000699b80000, 0x0000000715580000)
  object space 3567104K, 63% used [0x00000005c0000000,0x000000064a766f90,0x0000000699b80000)
 Metaspace       used 475484K, capacity 500966K, committed 501248K, reserved 1480704K
  class space    used 63607K, capacity 69101K, committed 69120K, reserved 1048576K
Event: 138.071 GC heap after
Heap after GC invocations=59 (full 6):
 PSYoungGen      total 1864192K, used 574743K [0x0000000715580000, 0x00000007c0000000, 0x00000007c0000000)
  eden space 932352K, 0% used [0x0000000715580000,0x0000000715580000,0x000000074e400000)
  from space 931840K, 61% used [0x000000074e400000,0x0000000771545de0,0x0000000787200000)
  to   space 931840K, 0% used [0x0000000787200000,0x0000000787200000,0x00000007c0000000)
 ParOldGen       total 3567104K, used 2291716K [0x00000005c0000000, 0x0000000699b80000, 0x0000000715580000)
  object space 3567104K, 64% used [0x00000005c0000000,0x000000064be01360,0x0000000699b80000)
 Metaspace       used 475484K, capacity 500966K, committed 501248K, reserved 1480704K
  class space    used 63607K, capacity 69101K, committed 69120K, reserved 1048576K
}
Event: 138.691 GC heap before
{Heap before GC invocations=60 (full 6):
 PSYoungGen      total 1864192K, used 1507095K [0x0000000715580000, 0x00000007c0000000, 0x00000007c0000000)
  eden space 932352K, 100% used [0x0000000715580000,0x000000074e400000,0x000000074e400000)
  from space 931840K, 61% used [0x000000074e400000,0x0000000771545de0,0x0000000787200000)
  to   space 931840K, 0% used [0x0000000787200000,0x0000000787200000,0x00000007c0000000)
 ParOldGen       total 3567104K, used 2291716K [0x00000005c0000000, 0x0000000699b80000, 0x0000000715580000)
  object space 3567104K, 64% used [0x00000005c0000000,0x000000064be01360,0x0000000699b80000)
 Metaspace       used 475574K, capacity 501030K, committed 501248K, reserved 1480704K
  class space    used 63608K, capacity 69101K, committed 69120K, reserved 1048576K
Event: 138.993 GC heap after
Heap after GC invocations=60 (full 6):
 PSYoungGen      total 1864192K, used 531718K [0x0000000715580000, 0x00000007c0000000, 0x00000007c0000000)
  eden space 932352K, 0% used [0x0000000715580000,0x0000000715580000,0x000000074e400000)
  from space 931840K, 57% used [0x0000000787200000,0x00000007a7941a98,0x00000007c0000000)
  to   space 931840K, 0% used [0x000000074e400000,0x000000074e400000,0x0000000787200000)
 ParOldGen       total 3567104K, used 2304853K [0x00000005c0000000, 0x0000000699b80000, 0x0000000715580000)
  object space 3567104K, 64% used [0x00000005c0000000,0x000000064cad5580,0x0000000699b80000)
 Metaspace       used 475574K, capacity 501030K, committed 501248K, reserved 1480704K
  class space    used 63608K, capacity 69101K, committed 69120K, reserved 1048576K
}
Event: 140.240 GC heap before
{Heap before GC invocations=61 (full 6):
 PSYoungGen      total 1864192K, used 1464070K [0x0000000715580000, 0x00000007c0000000, 0x00000007c0000000)
  eden space 932352K, 100% used [0x0000000715580000,0x000000074e400000,0x000000074e400000)
  from space 931840K, 57% used [0x0000000787200000,0x00000007a7941a98,0x00000007c0000000)
  to   space 931840K, 0% used [0x000000074e400000,0x000000074e400000,0x0000000787200000)
 ParOldGen       total 3567104K, used 2304853K [0x00000005c0000000, 0x0000000699b80000, 0x0000000715580000)
  object space 3567104K, 64% used [0x00000005c0000000,0x000000064cad5580,0x0000000699b80000)
 Metaspace       used 475741K, capacity 501194K, committed 501248K, reserved 1480704K
  class space    used 63619K, capacity 69107K, committed 69120K, reserved 1048576K
Event: 140.419 GC heap after
Heap after GC invocations=61 (full 6):
 PSYoungGen      total 1864192K, used 299790K [0x0000000715580000, 0x00000007c0000000, 0x00000007c0000000)
  eden space 932352K, 0% used [0x0000000715580000,0x0000000715580000,0x000000074e400000)
  from space 931840K, 32% used [0x000000074e400000,0x00000007608c3868,0x0000000787200000)
  to   space 931840K, 0% used [0x0000000787200000,0x0000000787200000,0x00000007c0000000)
 ParOldGen       total 3567104K, used 2320493K [0x00000005c0000000, 0x0000000699b80000, 0x0000000715580000)
  object space 3567104K, 65% used [0x00000005c0000000,0x000000064da1b7c0,0x0000000699b80000)
 Metaspace       used 475741K, capacity 501194K, committed 501248K, reserved 1480704K
  class space    used 63619K, capacity 69107K, committed 69120K, reserved 1048576K
}
Event: 141.495 GC heap before
{Heap before GC invocations=62 (full 6):
 PSYoungGen      total 1864192K, used 1232142K [0x0000000715580000, 0x00000007c0000000, 0x00000007c0000000)
  eden space 932352K, 100% used [0x0000000715580000,0x000000074e400000,0x000000074e400000)
  from space 931840K, 32% used [0x000000074e400000,0x00000007608c3868,0x0000000787200000)
  to   space 931840K, 0% used [0x0000000787200000,0x0000000787200000,0x00000007c0000000)
 ParOldGen       total 3567104K, used 2320493K [0x00000005c0000000, 0x0000000699b80000, 0x0000000715580000)
  object space 3567104K, 65% used [0x00000005c0000000,0x000000064da1b7c0,0x0000000699b80000)
 Metaspace       used 476626K, capacity 502140K, committed 502400K, reserved 1482752K
  class space    used 63717K, capacity 69180K, committed 69248K, reserved 1048576K
Event: 141.673 GC heap after
Heap after GC invocations=62 (full 6):
 PSYoungGen      total 1864192K, used 302781K [0x0000000715580000, 0x00000007c0000000, 0x00000007c0000000)
  eden space 932352K, 0% used [0x0000000715580000,0x0000000715580000,0x000000074e400000)
  from space 931840K, 32% used [0x0000000787200000,0x00000007999af4e0,0x00000007c0000000)
  to   space 931840K, 0% used [0x000000074e400000,0x000000074e400000,0x0000000787200000)
 ParOldGen       total 3567104K, used 2347783K [0x00000005c0000000, 0x0000000699b80000, 0x0000000715580000)
  object space 3567104K, 65% used [0x00000005c0000000,0x000000064f4c1e40,0x0000000699b80000)
 Metaspace       used 476626K, capacity 502140K, committed 502400K, reserved 1482752K
  class space    used 63717K, capacity 69180K, committed 69248K, reserved 1048576K
}
Event: 142.231 GC heap before
{Heap before GC invocations=63 (full 6):
 PSYoungGen      total 1864192K, used 1235133K [0x0000000715580000, 0x00000007c0000000, 0x00000007c0000000)
  eden space 932352K, 100% used [0x0000000715580000,0x000000074e400000,0x000000074e400000)
  from space 931840K, 32% used [0x0000000787200000,0x00000007999af4e0,0x00000007c0000000)
  to   space 931840K, 0% used [0x000000074e400000,0x000000074e400000,0x0000000787200000)
 ParOldGen       total 3567104K, used 2347817K [0x00000005c0000000, 0x0000000699b80000, 0x0000000715580000)
  object space 3567104K, 65% used [0x00000005c0000000,0x000000064f4ca660,0x0000000699b80000)
 Metaspace       used 476702K, capacity 502222K, committed 502400K, reserved 1482752K
  class space    used 63722K, capacity 69183K, committed 69248K, reserved 1048576K
Event: 142.570 GC heap after
Heap after GC invocations=63 (full 6):
 PSYoungGen      total 1864192K, used 557485K [0x0000000715580000, 0x00000007c0000000, 0x00000007c0000000)
  eden space 932352K, 0% used [0x0000000715580000,0x0000000715580000,0x000000074e400000)
  from space 931840K, 59% used [0x000000074e400000,0x000000077046b4a0,0x0000000787200000)
  to   space 931840K, 0% used [0x0000000787200000,0x0000000787200000,0x00000007c0000000)
 ParOldGen       total 3567104K, used 2392362K [0x00000005c0000000, 0x0000000699b80000, 0x0000000715580000)
  object space 3567104K, 67% used [0x00000005c0000000,0x000000065204aaa0,0x0000000699b80000)
 Metaspace       used 476702K, capacity 502222K, committed 502400K, reserved 1482752K
  class space    used 63722K, capacity 69183K, committed 69248K, reserved 1048576K
}
Event: 143.019 GC heap before
{Heap before GC invocations=64 (full 6):
 PSYoungGen      total 1864192K, used 1489837K [0x0000000715580000, 0x00000007c0000000, 0x00000007c0000000)
  eden space 932352K, 100% used [0x0000000715580000,0x000000074e400000,0x000000074e400000)
  from space 931840K, 59% used [0x000000074e400000,0x000000077046b4a0,0x0000000787200000)
  to   space 931840K, 0% used [0x0000000787200000,0x0000000787200000,0x00000007c0000000)
 ParOldGen       total 3567104K, used 2392362K [0x00000005c0000000, 0x0000000699b80000, 0x0000000715580000)
  object space 3567104K, 67% used [0x00000005c0000000,0x000000065204aaa0,0x0000000699b80000)
 Metaspace       used 476712K, capacity 502222K, committed 502400K, reserved 1482752K
  class space    used 63722K, capacity 69183K, committed 69248K, reserved 1048576K
Event: 143.352 GC heap after
Heap after GC invocations=64 (full 6):
 PSYoungGen      total 1864192K, used 596904K [0x0000000715580000, 0x00000007c0000000, 0x00000007c0000000)
  eden space 932352K, 0% used [0x0000000715580000,0x0000000715580000,0x000000074e400000)
  from space 931840K, 64% used [0x0000000787200000,0x00000007ab8ea1d8,0x00000007c0000000)
  to   space 931840K, 0% used [0x000000074e400000,0x000000074e400000,0x0000000787200000)
 ParOldGen       total 3567104K, used 2408168K [0x00000005c0000000, 0x0000000699b80000, 0x0000000715580000)
  object space 3567104K, 67% used [0x00000005c0000000,0x0000000652fba3e0,0x0000000699b80000)
 Metaspace       used 476712K, capacity 502222K, committed 502400K, reserved 1482752K
  class space    used 63722K, capacity 69183K, committed 69248K, reserved 1048576K
}
Event: 143.853 GC heap before
{Heap before GC invocations=65 (full 6):
 PSYoungGen      total 1864192K, used 1529243K [0x0000000715580000, 0x00000007c0000000, 0x00000007c0000000)
  eden space 932352K, 99% used [0x0000000715580000,0x000000074e3fcda8,0x000000074e400000)
  from space 931840K, 64% used [0x0000000787200000,0x00000007ab8ea1d8,0x00000007c0000000)
  to   space 931840K, 0% used [0x000000074e400000,0x000000074e400000,0x0000000787200000)
 ParOldGen       total 3567104K, used 2408168K [0x00000005c0000000, 0x0000000699b80000, 0x0000000715580000)
  object space 3567104K, 67% used [0x00000005c0000000,0x0000000652fba3e0,0x0000000699b80000)
 Metaspace       used 476837K, capacity 502446K, committed 502656K, reserved 1482752K
  class space    used 63735K, capacity 69215K, committed 69248K, reserved 1048576K
Event: 144.193 GC heap after
Heap after GC invocations=65 (full 6):
 PSYoungGen      total 1864192K, used 580812K [0x0000000715580000, 0x00000007c0000000, 0x00000007c0000000)
  eden space 932352K, 0% used [0x0000000715580000,0x0000000715580000,0x000000074e400000)
  from space 931840K, 62% used [0x000000074e400000,0x0000000771b33138,0x0000000787200000)
  to   space 931840K, 0% used [0x0000000787200000,0x0000000787200000,0x00000007c0000000)
 ParOldGen       total 3567104K, used 2425605K [0x00000005c0000000, 0x0000000699b80000, 0x0000000715580000)
  object space 3567104K, 67% used [0x00000005c0000000,0x00000006540c1718,0x0000000699b80000)
 Metaspace       used 476837K, capacity 502446K, committed 502656K, reserved 1482752K
  class space    used 63735K, capacity 69215K, committed 69248K, reserved 1048576K
}
Event: 144.782 GC heap before
{Heap before GC invocations=66 (full 6):
 PSYoungGen      total 1864192K, used 1513164K [0x0000000715580000, 0x00000007c0000000, 0x00000007c0000000)
  eden space 932352K, 100% used [0x0000000715580000,0x000000074e400000,0x000000074e400000)
  from space 931840K, 62% used [0x000000074e400000,0x0000000771b33138,0x0000000787200000)
  to   space 931840K, 0% used [0x0000000787200000,0x0000000787200000,0x00000007c0000000)
 ParOldGen       total 3567104K, used 2425605K [0x00000005c0000000, 0x0000000699b80000, 0x0000000715580000)
  object space 3567104K, 67% used [0x00000005c0000000,0x00000006540c1718,0x0000000699b80000)
 Metaspace       used 476912K, capacity 502510K, committed 502656K, reserved 1482752K
  class space    used 63739K, capacity 69215K, committed 69248K, reserved 1048576K
Event: 145.112 GC heap after
Heap after GC invocations=66 (full 6):
 PSYoungGen      total 1841664K, used 573612K [0x0000000715580000, 0x00000007bea00000, 0x00000007c0000000)
  eden space 932352K, 0% used [0x0000000715580000,0x0000000715580000,0x000000074e400000)
  from space 909312K, 63% used [0x0000000787200000,0x00000007aa22b3b8,0x00000007bea00000)
  to   space 920576K, 0% used [0x000000074e400000,0x000000074e400000,0x0000000786700000)
 ParOldGen       total 3567104K, used 2444132K [0x00000005c0000000, 0x0000000699b80000, 0x0000000715580000)
  object space 3567104K, 68% used [0x00000005c0000000,0x00000006552d92e8,0x0000000699b80000)
 Metaspace       used 476912K, capacity 502510K, committed 502656K, reserved 1482752K
  class space    used 63739K, capacity 69215K, committed 69248K, reserved 1048576K
}
Event: 145.651 GC heap before
{Heap before GC invocations=67 (full 6):
 PSYoungGen      total 1841664K, used 1505964K [0x0000000715580000, 0x00000007bea00000, 0x00000007c0000000)
  eden space 932352K, 100% used [0x0000000715580000,0x000000074e400000,0x000000074e400000)
  from space 909312K, 63% used [0x0000000787200000,0x00000007aa22b3b8,0x00000007bea00000)
  to   space 920576K, 0% used [0x000000074e400000,0x000000074e400000,0x0000000786700000)
 ParOldGen       total 3567104K, used 2444132K [0x00000005c0000000, 0x0000000699b80000, 0x0000000715580000)
  object space 3567104K, 68% used [0x00000005c0000000,0x00000006552d92e8,0x0000000699b80000)
 Metaspace       used 477475K, capacity 503022K, committed 503296K, reserved 1482752K
  class space    used 63826K, capacity 69279K, committed 69376K, reserved 1048576K
Event: 146.026 GC heap after
Heap after GC invocations=67 (full 6):
 PSYoungGen      total 1852928K, used 619610K [0x0000000715580000, 0x00000007c0000000, 0x00000007c0000000)
  eden space 932352K, 0% used [0x0000000715580000,0x0000000715580000,0x000000074e400000)
  from space 920576K, 67% used [0x000000074e400000,0x0000000774116bd0,0x0000000786700000)
  to   space 918528K, 0% used [0x0000000787f00000,0x0000000787f00000,0x00000007c0000000)
 ParOldGen       total 3567104K, used 2463501K [0x00000005c0000000, 0x0000000699b80000, 0x0000000715580000)
  object space 3567104K, 69% used [0x00000005c0000000,0x00000006565c3700,0x0000000699b80000)
 Metaspace       used 477475K, capacity 503022K, committed 503296K, reserved 1482752K
  class space    used 63826K, capacity 69279K, committed 69376K, reserved 1048576K
}
Event: 147.191 GC heap before
{Heap before GC invocations=68 (full 6):
 PSYoungGen      total 1852928K, used 1551962K [0x0000000715580000, 0x00000007c0000000, 0x00000007c0000000)
  eden space 932352K, 100% used [0x0000000715580000,0x000000074e400000,0x000000074e400000)
  from space 920576K, 67% used [0x000000074e400000,0x0000000774116bd0,0x0000000786700000)
  to   space 918528K, 0% used [0x0000000787f00000,0x0000000787f00000,0x00000007c0000000)
 ParOldGen       total 3567104K, used 2463501K [0x00000005c0000000, 0x0000000699b80000, 0x0000000715580000)
  object space 3567104K, 69% used [0x00000005c0000000,0x00000006565c3700,0x0000000699b80000)
 Metaspace       used 478472K, capacity 504018K, committed 504192K, reserved 1484800K
  class space    used 63982K, capacity 69413K, committed 69504K, reserved 1048576K
Event: 147.397 GC heap after
Heap after GC invocations=68 (full 6):
 PSYoungGen      total 1871360K, used 277243K [0x0000000715580000, 0x00000007c0000000, 0x00000007c0000000)
  eden space 952832K, 0% used [0x0000000715580000,0x0000000715580000,0x000000074f800000)
  from space 918528K, 30% used [0x0000000787f00000,0x0000000798dbed50,0x00000007c0000000)
  to   space 921600K, 0% used [0x000000074f800000,0x000000074f800000,0x0000000787c00000)
 ParOldGen       total 3567104K, used 2471313K [0x00000005c0000000, 0x0000000699b80000, 0x0000000715580000)
  object space 3567104K, 69% used [0x00000005c0000000,0x0000000656d645b0,0x0000000699b80000)
 Metaspace       used 478472K, capacity 504018K, committed 504192K, reserved 1484800K
  class space    used 63982K, capacity 69413K, committed 69504K, reserved 1048576K
}
Event: 148.354 GC heap before
{Heap before GC invocations=69 (full 6):
 PSYoungGen      total 1871360K, used 1230075K [0x0000000715580000, 0x00000007c0000000, 0x00000007c0000000)
  eden space 952832K, 100% used [0x0000000715580000,0x000000074f800000,0x000000074f800000)
  from space 918528K, 30% used [0x0000000787f00000,0x0000000798dbed50,0x00000007c0000000)
  to   space 921600K, 0% used [0x000000074f800000,0x000000074f800000,0x0000000787c00000)
 ParOldGen       total 3567104K, used 2471313K [0x00000005c0000000, 0x0000000699b80000, 0x0000000715580000)
  object space 3567104K, 69% used [0x00000005c0000000,0x0000000656d645b0,0x0000000699b80000)
 Metaspace       used 478756K, capacity 504270K, committed 504448K, reserved 1484800K
  class space    used 64013K, capacity 69423K, committed 69504K, reserved 1048576K
Event: 148.608 GC heap after
Heap after GC invocations=69 (full 6):
 PSYoungGen      total 1349632K, used 396333K [0x0000000715580000, 0x00000007bd400000, 0x00000007c0000000)
  eden space 952832K, 0% used [0x0000000715580000,0x0000000715580000,0x000000074f800000)
  from space 396800K, 99% used [0x000000074f800000,0x0000000767b0b630,0x0000000767b80000)
  to   space 897536K, 0% used [0x0000000786780000,0x0000000786780000,0x00000007bd400000)
 ParOldGen       total 3567104K, used 2503258K [0x00000005c0000000, 0x0000000699b80000, 0x0000000715580000)
  object space 3567104K, 70% used [0x00000005c0000000,0x0000000658c96950,0x0000000699b80000)
 Metaspace       used 478756K, capacity 504270K, committed 504448K, reserved 1484800K
  class space    used 64013K, capacity 69423K, committed 69504K, reserved 1048576K
}
Event: 148.966 GC heap before
{Heap before GC invocations=70 (full 6):
 PSYoungGen      total 1349632K, used 1349165K [0x0000000715580000, 0x00000007bd400000, 0x00000007c0000000)
  eden space 952832K, 100% used [0x0000000715580000,0x000000074f800000,0x000000074f800000)
  from space 396800K, 99% used [0x000000074f800000,0x0000000767b0b630,0x0000000767b80000)
  to   space 897536K, 0% used [0x0000000786780000,0x0000000786780000,0x00000007bd400000)
 ParOldGen       total 3567104K, used 2506142K [0x00000005c0000000, 0x0000000699b80000, 0x0000000715580000)
  object space 3567104K, 70% used [0x00000005c0000000,0x0000000658f67a40,0x0000000699b80000)
 Metaspace       used 478802K, capacity 504288K, committed 504448K, reserved 1484800K
  class space    used 64018K, capacity 69426K, committed 69504K, reserved 1048576K
Event: 149.327 GC heap after
Heap after GC invocations=70 (full 6):
 PSYoungGen      total 1848320K, used 615474K [0x0000000715580000, 0x00000007c0000000, 0x00000007c0000000)
  eden space 950784K, 0% used [0x0000000715580000,0x0000000715580000,0x000000074f600000)
  from space 897536K, 68% used [0x0000000786780000,0x00000007ac08cba8,0x00000007bd400000)
  to   space 902656K, 0% used [0x000000074f600000,0x000000074f600000,0x0000000786780000)
 ParOldGen       total 3567104K, used 2529215K [0x00000005c0000000, 0x0000000699b80000, 0x0000000715580000)
  object space 3567104K, 70% used [0x00000005c0000000,0x000000065a5efc50,0x0000000699b80000)
 Metaspace       used 478802K, capacity 504288K, committed 504448K, reserved 1484800K
  class space    used 64018K, capacity 69426K, committed 69504K, reserved 1048576K
}
Event: 149.738 GC heap before
{Heap before GC invocations=71 (full 6):
 PSYoungGen      total 1848320K, used 1566258K [0x0000000715580000, 0x00000007c0000000, 0x00000007c0000000)
  eden space 950784K, 100% used [0x0000000715580000,0x000000074f600000,0x000000074f600000)
  from space 897536K, 68% used [0x0000000786780000,0x00000007ac08cba8,0x00000007bd400000)
  to   space 902656K, 0% used [0x000000074f600000,0x000000074f600000,0x0000000786780000)
 ParOldGen       total 3567104K, used 2529228K [0x00000005c0000000, 0x0000000699b80000, 0x0000000715580000)
  object space 3567104K, 70% used [0x00000005c0000000,0x000000065a5f3120,0x0000000699b80000)
 Metaspace       used 479351K, capacity 504904K, committed 505088K, reserved 1484800K
  class space    used 64104K, capacity 69534K, committed 69632K, reserved 1048576K
Event: 150.045 GC heap after
Heap after GC invocations=71 (full 6):
 PSYoungGen      total 1853440K, used 548877K [0x0000000715580000, 0x00000007bd800000, 0x00000007c0000000)
  eden space 950784K, 0% used [0x0000000715580000,0x0000000715580000,0x000000074f600000)
  from space 902656K, 60% used [0x000000074f600000,0x0000000770e03610,0x0000000786780000)
  to   space 879616K, 0% used [0x0000000787d00000,0x0000000787d00000,0x00000007bd800000)
 ParOldGen       total 3567104K, used 2536512K [0x00000005c0000000, 0x0000000699b80000, 0x0000000715580000)
  object space 3567104K, 71% used [0x00000005c0000000,0x000000065ad101f8,0x0000000699b80000)
 Metaspace       used 479351K, capacity 504904K, committed 505088K, reserved 1484800K
  class space    used 64104K, capacity 69534K, committed 69632K, reserved 1048576K
}
Event: 150.375 GC heap before
{Heap before GC invocations=72 (full 6):
 PSYoungGen      total 1853440K, used 1499661K [0x0000000715580000, 0x00000007bd800000, 0x00000007c0000000)
  eden space 950784K, 100% used [0x0000000715580000,0x000000074f600000,0x000000074f600000)
  from space 902656K, 60% used [0x000000074f600000,0x0000000770e03610,0x0000000786780000)
  to   space 879616K, 0% used [0x0000000787d00000,0x0000000787d00000,0x00000007bd800000)
 ParOldGen       total 3567104K, used 2536512K [0x00000005c0000000, 0x0000000699b80000, 0x0000000715580000)
  object space 3567104K, 71% used [0x00000005c0000000,0x000000065ad101f8,0x0000000699b80000)
 Metaspace       used 479367K, capacity 504904K, committed 505088K, reserved 1484800K
  class space    used 64104K, capacity 69534K, committed 69632K, reserved 1048576K
Event: 150.728 GC heap after
Heap after GC invocations=72 (full 6):
 PSYoungGen      total 1878016K, used 601136K [0x0000000715580000, 0x00000007be480000, 0x00000007c0000000)
  eden space 998400K, 0% used [0x0000000715580000,0x0000000715580000,0x0000000752480000)
  from space 879616K, 68% used [0x0000000787d00000,0x00000007ac80c238,0x00000007bd800000)
  to   space 877056K, 0% used [0x0000000752480000,0x0000000752480000,0x0000000787d00000)
 ParOldGen       total 3567104K, used 2556486K [0x00000005c0000000, 0x0000000699b80000, 0x0000000715580000)
  object space 3567104K, 71% used [0x00000005c0000000,0x000000065c0919d8,0x0000000699b80000)
 Metaspace       used 479367K, capacity 504904K, committed 505088K, reserved 1484800K
  class space    used 64104K, capacity 69534K, committed 69632K, reserved 1048576K
}
Event: 151.253 GC heap before
{Heap before GC invocations=73 (full 6):
 PSYoungGen      total 1878016K, used 1599536K [0x0000000715580000, 0x00000007be480000, 0x00000007c0000000)
  eden space 998400K, 100% used [0x0000000715580000,0x0000000752480000,0x0000000752480000)
  from space 879616K, 68% used [0x0000000787d00000,0x00000007ac80c238,0x00000007bd800000)
  to   space 877056K, 0% used [0x0000000752480000,0x0000000752480000,0x0000000787d00000)
 ParOldGen       total 3567104K, used 2556491K [0x00000005c0000000, 0x0000000699b80000, 0x0000000715580000)
  object space 3567104K, 71% used [0x00000005c0000000,0x000000065c092f98,0x0000000699b80000)
 Metaspace       used 480076K, capacity 505614K, committed 505728K, reserved 1484800K
  class space    used 64220K, capacity 69663K, committed 69760K, reserved 1048576K
Event: 151.580 GC heap after
Heap after GC invocations=73 (full 6):
 PSYoungGen      total 1875456K, used 557623K [0x0000000715580000, 0x00000007bd480000, 0x00000007c0000000)
  eden space 998400K, 0% used [0x0000000715580000,0x0000000715580000,0x0000000752480000)
  from space 877056K, 63% used [0x0000000752480000,0x000000077450de70,0x0000000787d00000)
  to   space 856064K, 0% used [0x0000000789080000,0x0000000789080000,0x00000007bd480000)
 ParOldGen       total 3567104K, used 2564184K [0x00000005c0000000, 0x0000000699b80000, 0x0000000715580000)
  object space 3567104K, 71% used [0x00000005c0000000,0x000000065c816018,0x0000000699b80000)
 Metaspace       used 480076K, capacity 505614K, committed 505728K, reserved 1484800K
  class space    used 64220K, capacity 69663K, committed 69760K, reserved 1048576K
}
Event: 152.249 GC heap before
{Heap before GC invocations=74 (full 6):
 PSYoungGen      total 1875456K, used 1556023K [0x0000000715580000, 0x00000007bd480000, 0x00000007c0000000)
  eden space 998400K, 100% used [0x0000000715580000,0x0000000752480000,0x0000000752480000)
  from space 877056K, 63% used [0x0000000752480000,0x000000077450de70,0x0000000787d00000)
  to   space 856064K, 0% used [0x0000000789080000,0x0000000789080000,0x00000007bd480000)
 ParOldGen       total 3567104K, used 2575357K [0x00000005c0000000, 0x0000000699b80000, 0x0000000715580000)
  object space 3567104K, 72% used [0x00000005c0000000,0x000000065d2ff450,0x0000000699b80000)
 Metaspace       used 480101K, capacity 505678K, committed 505984K, reserved 1484800K
  class space    used 64220K, capacity 69663K, committed 69760K, reserved 1048576K
Event: 152.602 GC heap after
Heap after GC invocations=74 (full 6):
 PSYoungGen      total 1897472K, used 606939K [0x0000000715580000, 0x00000007be780000, 0x00000007c0000000)
  eden space 1041408K, 0% used [0x0000000715580000,0x0000000715580000,0x0000000754e80000)
  from space 856064K, 70% used [0x0000000789080000,0x00000007ae136f58,0x00000007bd480000)
  to   space 854016K, 0% used [0x0000000754e80000,0x0000000754e80000,0x0000000789080000)
 ParOldGen       total 3567104K, used 2584953K [0x00000005c0000000, 0x0000000699b80000, 0x0000000715580000)
  object space 3567104K, 72% used [0x00000005c0000000,0x000000065dc5e680,0x0000000699b80000)
 Metaspace       used 480101K, capacity 505678K, committed 505984K, reserved 1484800K
  class space    used 64220K, capacity 69663K, committed 69760K, reserved 1048576K
}
Event: 153.013 GC heap before
{Heap before GC invocations=75 (full 6):
 PSYoungGen      total 1897472K, used 1648347K [0x0000000715580000, 0x00000007be780000, 0x00000007c0000000)
  eden space 1041408K, 100% used [0x0000000715580000,0x0000000754e80000,0x0000000754e80000)
  from space 856064K, 70% used [0x0000000789080000,0x00000007ae136f58,0x00000007bd480000)
  to   space 854016K, 0% used [0x0000000754e80000,0x0000000754e80000,0x0000000789080000)
 ParOldGen       total 3567104K, used 2584955K [0x00000005c0000000, 0x0000000699b80000, 0x0000000715580000)
  object space 3567104K, 72% used [0x00000005c0000000,0x000000065dc5ef60,0x0000000699b80000)
 Metaspace       used 480122K, capacity 505678K, committed 505984K, reserved 1484800K
  class space    used 64220K, capacity 69663K, committed 69760K, reserved 1048576K
Event: 153.392 GC heap after
Heap after GC invocations=75 (full 6):
 PSYoungGen      total 1895424K, used 650174K [0x0000000715580000, 0x00000007c0000000, 0x00000007c0000000)
  eden space 1041408K, 0% used [0x0000000715580000,0x0000000715580000,0x0000000754e80000)
  from space 854016K, 76% used [0x0000000754e80000,0x000000077c96fae8,0x0000000789080000)
  to   space 866304K, 0% used [0x000000078b200000,0x000000078b200000,0x00000007c0000000)
 ParOldGen       total 3567104K, used 2604802K [0x00000005c0000000, 0x0000000699b80000, 0x0000000715580000)
  object space 3567104K, 73% used [0x00000005c0000000,0x000000065efc0ad8,0x0000000699b80000)
 Metaspace       used 480122K, capacity 505678K, committed 505984K, reserved 1484800K
  class space    used 64220K, capacity 69663K, committed 69760K, reserved 1048576K
}
Event: 153.799 GC heap before
{Heap before GC invocations=76 (full 6):
 PSYoungGen      total 1895424K, used 1691582K [0x0000000715580000, 0x00000007c0000000, 0x00000007c0000000)
  eden space 1041408K, 100% used [0x0000000715580000,0x0000000754e80000,0x0000000754e80000)
  from space 854016K, 76% used [0x0000000754e80000,0x000000077c96fae8,0x0000000789080000)
  to   space 866304K, 0% used [0x000000078b200000,0x000000078b200000,0x00000007c0000000)
 ParOldGen       total 3567104K, used 2604802K [0x00000005c0000000, 0x0000000699b80000, 0x0000000715580000)
  object space 3567104K, 73% used [0x00000005c0000000,0x000000065efc0b08,0x0000000699b80000)
 Metaspace       used 480648K, capacity 506156K, committed 506240K, reserved 1486848K
  class space    used 64301K, capacity 69732K, committed 69760K, reserved 1048576K
Event: 154.188 GC heap after
Heap after GC invocations=76 (full 6):
 PSYoungGen      total 1910272K, used 655762K [0x0000000715580000, 0x00000007c0000000, 0x00000007c0000000)
  eden space 1043968K, 0% used [0x0000000715580000,0x0000000715580000,0x0000000755100000)
  from space 866304K, 75% used [0x000000078b200000,0x00000007b3264ac8,0x00000007c0000000)
  to   space 876032K, 0% used [0x0000000755100000,0x0000000755100000,0x000000078a880000)
 ParOldGen       total 3567104K, used 2621518K [0x00000005c0000000, 0x0000000699b80000, 0x0000000715580000)
  object space 3567104K, 73% used [0x00000005c0000000,0x0000000660013a30,0x0000000699b80000)
 Metaspace       used 480648K, capacity 506156K, committed 506240K, reserved 1486848K
  class space    used 64301K, capacity 69732K, committed 69760K, reserved 1048576K
}
Event: 154.659 GC heap before
{Heap before GC invocations=77 (full 6):
 PSYoungGen      total 1910272K, used 1699730K [0x0000000715580000, 0x00000007c0000000, 0x00000007c0000000)
  eden space 1043968K, 100% used [0x0000000715580000,0x0000000755100000,0x0000000755100000)
  from space 866304K, 75% used [0x000000078b200000,0x00000007b3264ac8,0x00000007c0000000)
  to   space 876032K, 0% used [0x0000000755100000,0x0000000755100000,0x000000078a880000)
 ParOldGen       total 3567104K, used 2621728K [0x00000005c0000000, 0x0000000699b80000, 0x0000000715580000)
  object space 3567104K, 73% used [0x00000005c0000000,0x0000000660048190,0x0000000699b80000)
 Metaspace       used 480679K, capacity 506156K, committed 506240K, reserved 1486848K
  class space    used 64301K, capacity 69732K, committed 69760K, reserved 1048576K
Event: 155.025 GC heap after
Heap after GC invocations=77 (full 6):
 PSYoungGen      total 1710080K, used 665713K [0x0000000715580000, 0x00000007c0000000, 0x00000007c0000000)
  eden space 1043968K, 0% used [0x0000000715580000,0x0000000715580000,0x0000000755100000)
  from space 666112K, 99% used [0x0000000755100000,0x000000077db1c6e8,0x000000077db80000)
  to   space 885248K, 0% used [0x0000000789f80000,0x0000000789f80000,0x00000007c0000000)
 ParOldGen       total 3567104K, used 2627064K [0x00000005c0000000, 0x0000000699b80000, 0x0000000715580000)
  object space 3567104K, 73% used [0x00000005c0000000,0x000000066057e270,0x0000000699b80000)
 Metaspace       used 480679K, capacity 506156K, committed 506240K, reserved 1486848K
  class space    used 64301K, capacity 69732K, committed 69760K, reserved 1048576K
}
Event: 155.459 GC heap before
{Heap before GC invocations=78 (full 6):
 PSYoungGen      total 1710080K, used 1709681K [0x0000000715580000, 0x00000007c0000000, 0x00000007c0000000)
  eden space 1043968K, 100% used [0x0000000715580000,0x0000000755100000,0x0000000755100000)
  from space 666112K, 99% used [0x0000000755100000,0x000000077db1c6e8,0x000000077db80000)
  to   space 885248K, 0% used [0x0000000789f80000,0x0000000789f80000,0x00000007c0000000)
 ParOldGen       total 3567104K, used 2627078K [0x00000005c0000000, 0x0000000699b80000, 0x0000000715580000)
  object space 3567104K, 73% used [0x00000005c0000000,0x0000000660581b90,0x0000000699b80000)
 Metaspace       used 480711K, capacity 506156K, committed 506240K, reserved 1486848K
  class space    used 64304K, capacity 69732K, committed 69760K, reserved 1048576K
Event: 155.817 GC heap after
Heap after GC invocations=78 (full 6):
 PSYoungGen      total 1927680K, used 605978K [0x0000000715580000, 0x00000007c0000000, 0x00000007c0000000)
  eden space 1042432K, 0% used [0x0000000715580000,0x0000000715580000,0x0000000754f80000)
  from space 885248K, 68% used [0x0000000789f80000,0x00000007aef468c0,0x00000007c0000000)
  to   space 868352K, 0% used [0x0000000754f80000,0x0000000754f80000,0x0000000789f80000)
 ParOldGen       total 3567104K, used 2638362K [0x00000005c0000000, 0x0000000699b80000, 0x0000000715580000)
  object space 3567104K, 73% used [0x00000005c0000000,0x0000000661086bc0,0x0000000699b80000)
 Metaspace       used 480711K, capacity 506156K, committed 506240K, reserved 1486848K
  class space    used 64304K, capacity 69732K, committed 69760K, reserved 1048576K
}
Event: 156.315 GC heap before
{Heap before GC invocations=79 (full 6):
 PSYoungGen      total 1927680K, used 1648410K [0x0000000715580000, 0x00000007c0000000, 0x00000007c0000000)
  eden space 1042432K, 100% used [0x0000000715580000,0x0000000754f80000,0x0000000754f80000)
  from space 885248K, 68% used [0x0000000789f80000,0x00000007aef468c0,0x00000007c0000000)
  to   space 868352K, 0% used [0x0000000754f80000,0x0000000754f80000,0x0000000789f80000)
 ParOldGen       total 3567104K, used 2638386K [0x00000005c0000000, 0x0000000699b80000, 0x0000000715580000)
  object space 3567104K, 73% used [0x00000005c0000000,0x000000066108c880,0x0000000699b80000)
 Metaspace       used 480720K, capacity 506156K, committed 506240K, reserved 1486848K
  class space    used 64304K, capacity 69732K, committed 69760K, reserved 1048576K
Event: 156.625 GC heap after
Heap after GC invocations=79 (full 6):
 PSYoungGen      total 1603072K, used 560180K [0x0000000715580000, 0x00000007bb880000, 0x00000007c0000000)
  eden space 1042432K, 0% used [0x0000000715580000,0x0000000715580000,0x0000000754f80000)
  from space 560640K, 99% used [0x0000000754f80000,0x000000077728d3f8,0x0000000777300000)
  to   space 840192K, 0% used [0x0000000788400000,0x0000000788400000,0x00000007bb880000)
 ParOldGen       total 3567104K, used 2644333K [0x00000005c0000000, 0x0000000699b80000, 0x0000000715580000)
  object space 3567104K, 74% used [0x00000005c0000000,0x000000066165b718,0x0000000699b80000)
 Metaspace       used 480720K, capacity 506156K, committed 506240K, reserved 1486848K
  class space    used 64304K, capacity 69732K, committed 69760K, reserved 1048576K
}
Event: 157.473 GC heap before
{Heap before GC invocations=80 (full 6):
 PSYoungGen      total 1603072K, used 1602612K [0x0000000715580000, 0x00000007bb880000, 0x00000007c0000000)
  eden space 1042432K, 100% used [0x0000000715580000,0x0000000754f80000,0x0000000754f80000)
  from space 560640K, 99% used [0x0000000754f80000,0x000000077728d3f8,0x0000000777300000)
  to   space 840192K, 0% used [0x0000000788400000,0x0000000788400000,0x00000007bb880000)
 ParOldGen       total 3567104K, used 2644333K [0x00000005c0000000, 0x0000000699b80000, 0x0000000715580000)
  object space 3567104K, 74% used [0x00000005c0000000,0x000000066165b718,0x0000000699b80000)
 Metaspace       used 480790K, capacity 506284K, committed 506496K, reserved 1486848K
  class space    used 64306K, capacity 69732K, committed 69760K, reserved 1048576K
Event: 157.701 GC heap after
Heap after GC invocations=80 (full 6):
 PSYoungGen      total 1881088K, used 399240K [0x0000000715580000, 0x00000007c0000000, 0x00000007c0000000)
  eden space 1040896K, 0% used [0x0000000715580000,0x0000000715580000,0x0000000754e00000)
  from space 840192K, 47% used [0x0000000788400000,0x00000007a09e22d8,0x00000007bb880000)
  to   space 841728K, 0% used [0x0000000754e00000,0x0000000754e00000,0x0000000788400000)
 ParOldGen       total 3567104K, used 2651598K [0x00000005c0000000, 0x0000000699b80000, 0x0000000715580000)
  object space 3567104K, 74% used [0x00000005c0000000,0x0000000661d73808,0x0000000699b80000)
 Metaspace       used 480790K, capacity 506284K, committed 506496K, reserved 1486848K
  class space    used 64306K, capacity 69732K, committed 69760K, reserved 1048576K
}
Event: 159.273 GC heap before
{Heap before GC invocations=81 (full 6):
 PSYoungGen      total 1881088K, used 1440136K [0x0000000715580000, 0x00000007c0000000, 0x00000007c0000000)
  eden space 1040896K, 100% used [0x0000000715580000,0x0000000754e00000,0x0000000754e00000)
  from space 840192K, 47% used [0x0000000788400000,0x00000007a09e22d8,0x00000007bb880000)
  to   space 841728K, 0% used [0x0000000754e00000,0x0000000754e00000,0x0000000788400000)
 ParOldGen       total 3567104K, used 2651598K [0x00000005c0000000, 0x0000000699b80000, 0x0000000715580000)
  object space 3567104K, 74% used [0x00000005c0000000,0x0000000661d73808,0x0000000699b80000)
 Metaspace       used 480830K, capacity 506348K, committed 506496K, reserved 1486848K
  class space    used 64306K, capacity 69732K, committed 69760K, reserved 1048576K
Event: 159.326 GC heap after
Heap after GC invocations=81 (full 6):
 PSYoungGen      total 1882624K, used 13120K [0x0000000715580000, 0x00000007c0000000, 0x00000007c0000000)
  eden space 1040896K, 0% used [0x0000000715580000,0x0000000715580000,0x0000000754e00000)
  from space 841728K, 1% used [0x0000000754e00000,0x0000000755ad0000,0x0000000788400000)
  to   space 904192K, 0% used [0x0000000788d00000,0x0000000788d00000,0x00000007c0000000)
 ParOldGen       total 3567104K, used 2666310K [0x00000005c0000000, 0x0000000699b80000, 0x0000000715580000)
  object space 3567104K, 74% used [0x00000005c0000000,0x0000000662bd19e8,0x0000000699b80000)
 Metaspace       used 480830K, capacity 506348K, committed 506496K, reserved 1486848K
  class space    used 64306K, capacity 69732K, committed 69760K, reserved 1048576K
}
Event: 161.022 GC heap before
{Heap before GC invocations=82 (full 6):
 PSYoungGen      total 1882624K, used 1054016K [0x0000000715580000, 0x00000007c0000000, 0x00000007c0000000)
  eden space 1040896K, 100% used [0x0000000715580000,0x0000000754e00000,0x0000000754e00000)
  from space 841728K, 1% used [0x0000000754e00000,0x0000000755ad0000,0x0000000788400000)
  to   space 904192K, 0% used [0x0000000788d00000,0x0000000788d00000,0x00000007c0000000)
 ParOldGen       total 3567104K, used 2666310K [0x00000005c0000000, 0x0000000699b80000, 0x0000000715580000)
  object space 3567104K, 74% used [0x00000005c0000000,0x0000000662bd19e8,0x0000000699b80000)
 Metaspace       used 480894K, capacity 506412K, committed 506496K, reserved 1486848K
  class space    used 64306K, capacity 69732K, committed 69760K, reserved 1048576K
Event: 161.097 GC heap after
Heap after GC invocations=82 (full 6):
 PSYoungGen      total 1836544K, used 44736K [0x0000000715580000, 0x00000007c0000000, 0x00000007c0000000)
  eden space 932352K, 0% used [0x0000000715580000,0x0000000715580000,0x000000074e400000)
  from space 904192K, 4% used [0x0000000788d00000,0x000000078b8b0000,0x00000007c0000000)
  to   space 931840K, 0% used [0x000000074e400000,0x000000074e400000,0x0000000787200000)
 ParOldGen       total 3567104K, used 2679178K [0x00000005c0000000, 0x0000000699b80000, 0x0000000715580000)
  object space 3567104K, 75% used [0x00000005c0000000,0x0000000663862a88,0x0000000699b80000)
 Metaspace       used 480894K, capacity 506412K, committed 506496K, reserved 1486848K
  class space    used 64306K, capacity 69732K, committed 69760K, reserved 1048576K
}
Event: 162.641 GC heap before
{Heap before GC invocations=83 (full 6):
 PSYoungGen      total 1836544K, used 977088K [0x0000000715580000, 0x00000007c0000000, 0x00000007c0000000)
  eden space 932352K, 100% used [0x0000000715580000,0x000000074e400000,0x000000074e400000)
  from space 904192K, 4% used [0x0000000788d00000,0x000000078b8b0000,0x00000007c0000000)
  to   space 931840K, 0% used [0x000000074e400000,0x000000074e400000,0x0000000787200000)
 ParOldGen       total 3567104K, used 2679178K [0x00000005c0000000, 0x0000000699b80000, 0x0000000715580000)
  object space 3567104K, 75% used [0x00000005c0000000,0x0000000663862a88,0x0000000699b80000)
 Metaspace       used 480920K, capacity 506454K, committed 506496K, reserved 1486848K
  class space    used 64310K, capacity 69739K, committed 69760K, reserved 1048576K
Event: 162.774 GC heap after
Heap after GC invocations=83 (full 6):
 PSYoungGen      total 1864192K, used 29297K [0x0000000715580000, 0x00000007c0000000, 0x00000007c0000000)
  eden space 932352K, 0% used [0x0000000715580000,0x0000000715580000,0x000000074e400000)
  from space 931840K, 3% used [0x000000074e400000,0x000000075009c518,0x0000000787200000)
  to   space 931840K, 0% used [0x0000000787200000,0x0000000787200000,0x00000007c0000000)
 ParOldGen       total 3567104K, used 2723571K [0x00000005c0000000, 0x0000000699b80000, 0x0000000715580000)
  object space 3567104K, 76% used [0x00000005c0000000,0x00000006663bcd08,0x0000000699b80000)
 Metaspace       used 480920K, capacity 506454K, committed 506496K, reserved 1486848K
  class space    used 64310K, capacity 69739K, committed 69760K, reserved 1048576K
}
Event: 164.292 GC heap before
{Heap before GC invocations=84 (full 6):
 PSYoungGen      total 1864192K, used 961649K [0x0000000715580000, 0x00000007c0000000, 0x00000007c0000000)
  eden space 932352K, 100% used [0x0000000715580000,0x000000074e400000,0x000000074e400000)
  from space 931840K, 3% used [0x000000074e400000,0x000000075009c518,0x0000000787200000)
  to   space 931840K, 0% used [0x0000000787200000,0x0000000787200000,0x00000007c0000000)
 ParOldGen       total 3567104K, used 2723571K [0x00000005c0000000, 0x0000000699b80000, 0x0000000715580000)
  object space 3567104K, 76% used [0x00000005c0000000,0x00000006663bcd08,0x0000000699b80000)
 Metaspace       used 480952K, capacity 506454K, committed 506496K, reserved 1486848K
  class space    used 64310K, capacity 69739K, committed 69760K, reserved 1048576K
Event: 164.350 GC heap after
Heap after GC invocations=84 (full 6):
 PSYoungGen      total 1864192K, used 25728K [0x0000000715580000, 0x00000007c0000000, 0x00000007c0000000)
  eden space 932352K, 0% used [0x0000000715580000,0x0000000715580000,0x000000074e400000)
  from space 931840K, 2% used [0x0000000787200000,0x0000000788b20000,0x00000007c0000000)
  to   space 931840K, 0% used [0x000000074e400000,0x000000074e400000,0x0000000787200000)
 ParOldGen       total 3567104K, used 2752536K [0x00000005c0000000, 0x0000000699b80000, 0x0000000715580000)
  object space 3567104K, 77% used [0x00000005c0000000,0x0000000668006380,0x0000000699b80000)
 Metaspace       used 480952K, capacity 506454K, committed 506496K, reserved 1486848K
  class space    used 64310K, capacity 69739K, committed 69760K, reserved 1048576K
}
Event: 165.967 GC heap before
{Heap before GC invocations=85 (full 6):
 PSYoungGen      total 1864192K, used 958080K [0x0000000715580000, 0x00000007c0000000, 0x00000007c0000000)
  eden space 932352K, 100% used [0x0000000715580000,0x000000074e400000,0x000000074e400000)
  from space 931840K, 2% used [0x0000000787200000,0x0000000788b20000,0x00000007c0000000)
  to   space 931840K, 0% used [0x000000074e400000,0x000000074e400000,0x0000000787200000)
 ParOldGen       total 3567104K, used 2752536K [0x00000005c0000000, 0x0000000699b80000, 0x0000000715580000)
  object space 3567104K, 77% used [0x00000005c0000000,0x0000000668006380,0x0000000699b80000)
 Metaspace       used 480980K, capacity 506524K, committed 506752K, reserved 1486848K
  class space    used 64311K, capacity 69740K, committed 69760K, reserved 1048576K
Event: 166.032 GC heap after
Heap after GC invocations=85 (full 6):
 PSYoungGen      total 1864192K, used 30048K [0x0000000715580000, 0x00000007c0000000, 0x00000007c0000000)
  eden space 932352K, 0% used [0x0000000715580000,0x0000000715580000,0x000000074e400000)
  from space 931840K, 3% used [0x000000074e400000,0x0000000750158000,0x0000000787200000)
  to   space 931840K, 0% used [0x0000000787200000,0x0000000787200000,0x00000007c0000000)
 ParOldGen       total 3567104K, used 2777913K [0x00000005c0000000, 0x0000000699b80000, 0x0000000715580000)
  object space 3567104K, 77% used [0x00000005c0000000,0x00000006698ce560,0x0000000699b80000)
 Metaspace       used 480980K, capacity 506524K, committed 506752K, reserved 1486848K
  class space    used 64311K, capacity 69740K, committed 69760K, reserved 1048576K
}
Event: 167.544 GC heap before
{Heap before GC invocations=86 (full 6):
 PSYoungGen      total 1864192K, used 962400K [0x0000000715580000, 0x00000007c0000000, 0x00000007c0000000)
  eden space 932352K, 100% used [0x0000000715580000,0x000000074e400000,0x000000074e400000)
  from space 931840K, 3% used [0x000000074e400000,0x0000000750158000,0x0000000787200000)
  to   space 931840K, 0% used [0x0000000787200000,0x0000000787200000,0x00000007c0000000)
 ParOldGen       total 3567104K, used 2777913K [0x00000005c0000000, 0x0000000699b80000, 0x0000000715580000)
  object space 3567104K, 77% used [0x00000005c0000000,0x00000006698ce560,0x0000000699b80000)
 Metaspace       used 480998K, capacity 506524K, committed 506752K, reserved 1486848K
  class space    used 64311K, capacity 69740K, committed 69760K, reserved 1048576K
Event: 167.628 GC heap after
Heap after GC invocations=86 (full 6):
 PSYoungGen      total 1864192K, used 27808K [0x0000000715580000, 0x00000007c0000000, 0x00000007c0000000)
  eden space 932352K, 0% used [0x0000000715580000,0x0000000715580000,0x000000074e400000)
  from space 931840K, 2% used [0x0000000787200000,0x0000000788d28000,0x00000007c0000000)
  to   space 931840K, 0% used [0x000000074e400000,0x000000074e400000,0x0000000787200000)
 ParOldGen       total 3567104K, used 2807633K [0x00000005c0000000, 0x0000000699b80000, 0x0000000715580000)
  object space 3567104K, 78% used [0x00000005c0000000,0x000000066b5d4760,0x0000000699b80000)
 Metaspace       used 480998K, capacity 506524K, committed 506752K, reserved 1486848K
  class space    used 64311K, capacity 69740K, committed 69760K, reserved 1048576K
}
Event: 169.142 GC heap before
{Heap before GC invocations=87 (full 6):
 PSYoungGen      total 1864192K, used 960160K [0x0000000715580000, 0x00000007c0000000, 0x00000007c0000000)
  eden space 932352K, 100% used [0x0000000715580000,0x000000074e400000,0x000000074e400000)
  from space 931840K, 2% used [0x0000000787200000,0x0000000788d28000,0x00000007c0000000)
  to   space 931840K, 0% used [0x000000074e400000,0x000000074e400000,0x0000000787200000)
 ParOldGen       total 3567104K, used 2807633K [0x00000005c0000000, 0x0000000699b80000, 0x0000000715580000)
  object space 3567104K, 78% used [0x00000005c0000000,0x000000066b5d4760,0x0000000699b80000)
 Metaspace       used 481113K, capacity 506588K, committed 506752K, reserved 1486848K
  class space    used 64318K, capacity 69740K, committed 69760K, reserved 1048576K
Event: 169.197 GC heap after
Heap after GC invocations=87 (full 6):
 PSYoungGen      total 1864192K, used 23424K [0x0000000715580000, 0x00000007c0000000, 0x00000007c0000000)
  eden space 932352K, 0% used [0x0000000715580000,0x0000000715580000,0x000000074e400000)
  from space 931840K, 2% used [0x000000074e400000,0x000000074fae0000,0x0000000787200000)
  to   space 931840K, 0% used [0x0000000787200000,0x0000000787200000,0x00000007c0000000)
 ParOldGen       total 3567104K, used 2835170K [0x00000005c0000000, 0x0000000699b80000, 0x0000000715580000)
  object space 3567104K, 79% used [0x00000005c0000000,0x000000066d0b88b0,0x0000000699b80000)
 Metaspace       used 481113K, capacity 506588K, committed 506752K, reserved 1486848K
  class space    used 64318K, capacity 69740K, committed 69760K, reserved 1048576K
}
Event: 170.763 GC heap before
{Heap before GC invocations=88 (full 6):
 PSYoungGen      total 1864192K, used 955776K [0x0000000715580000, 0x00000007c0000000, 0x00000007c0000000)
  eden space 932352K, 100% used [0x0000000715580000,0x000000074e400000,0x000000074e400000)
  from space 931840K, 2% used [0x000000074e400000,0x000000074fae0000,0x0000000787200000)
  to   space 931840K, 0% used [0x0000000787200000,0x0000000787200000,0x00000007c0000000)
 ParOldGen       total 3567104K, used 2835170K [0x00000005c0000000, 0x0000000699b80000, 0x0000000715580000)
  object space 3567104K, 79% used [0x00000005c0000000,0x000000066d0b88b0,0x0000000699b80000)
 Metaspace       used 481120K, capacity 506588K, committed 506752K, reserved 1486848K
  class space    used 64318K, capacity 69740K, committed 69760K, reserved 1048576K
Event: 170.835 GC heap after
Heap after GC invocations=88 (full 6):
 PSYoungGen      total 1838592K, used 27616K [0x0000000715580000, 0x00000007be700000, 0x00000007c0000000)
  eden space 932352K, 0% used [0x0000000715580000,0x0000000715580000,0x000000074e400000)
  from space 906240K, 3% used [0x0000000787200000,0x0000000788cf8000,0x00000007be700000)
  to   space 919040K, 0% used [0x000000074e400000,0x000000074e400000,0x0000000786580000)
 ParOldGen       total 3567104K, used 2858066K [0x00000005c0000000, 0x0000000699b80000, 0x0000000715580000)
  object space 3567104K, 80% used [0x00000005c0000000,0x000000066e714bb0,0x0000000699b80000)
 Metaspace       used 481120K, capacity 506588K, committed 506752K, reserved 1486848K
  class space    used 64318K, capacity 69740K, committed 69760K, reserved 1048576K
}
Event: 172.287 GC heap before
{Heap before GC invocations=89 (full 6):
 PSYoungGen      total 1838592K, used 959968K [0x0000000715580000, 0x00000007be700000, 0x00000007c0000000)
  eden space 932352K, 100% used [0x0000000715580000,0x000000074e400000,0x000000074e400000)
  from space 906240K, 3% used [0x0000000787200000,0x0000000788cf8000,0x00000007be700000)
  to   space 919040K, 0% used [0x000000074e400000,0x000000074e400000,0x0000000786580000)
 ParOldGen       total 3567104K, used 2858066K [0x00000005c0000000, 0x0000000699b80000, 0x0000000715580000)
  object space 3567104K, 80% used [0x00000005c0000000,0x000000066e714bb0,0x0000000699b80000)
 Metaspace       used 481121K, capacity 506588K, committed 506752K, reserved 1486848K
  class space    used 64318K, capacity 69740K, committed 69760K, reserved 1048576K
Event: 172.347 GC heap after
Heap after GC invocations=89 (full 6):
 PSYoungGen      total 1851392K, used 53568K [0x0000000715580000, 0x00000007bcc80000, 0x00000007c0000000)
  eden space 932352K, 0% used [0x0000000715580000,0x0000000715580000,0x000000074e400000)
  from space 919040K, 5% used [0x000000074e400000,0x0000000751850000,0x0000000786580000)
  to   space 886272K, 0% used [0x0000000786b00000,0x0000000786b00000,0x00000007bcc80000)
 ParOldGen       total 3567104K, used 2858066K [0x00000005c0000000, 0x0000000699b80000, 0x0000000715580000)
  object space 3567104K, 80% used [0x00000005c0000000,0x000000066e714bb0,0x0000000699b80000)
 Metaspace       used 481121K, capacity 506588K, committed 506752K, reserved 1486848K
  class space    used 64318K, capacity 69740K, committed 69760K, reserved 1048576K
}
Event: 173.800 GC heap before
{Heap before GC invocations=90 (full 6):
 PSYoungGen      total 1851392K, used 985920K [0x0000000715580000, 0x00000007bcc80000, 0x00000007c0000000)
  eden space 932352K, 100% used [0x0000000715580000,0x000000074e400000,0x000000074e400000)
  from space 919040K, 5% used [0x000000074e400000,0x0000000751850000,0x0000000786580000)
  to   space 886272K, 0% used [0x0000000786b00000,0x0000000786b00000,0x00000007bcc80000)
 ParOldGen       total 3567104K, used 2858066K [0x00000005c0000000, 0x0000000699b80000, 0x0000000715580000)
  object space 3567104K, 80% used [0x00000005c0000000,0x000000066e714bb0,0x0000000699b80000)
 Metaspace       used 481180K, capacity 506652K, committed 506752K, reserved 1486848K
  class space    used 64326K, capacity 69740K, committed 69760K, reserved 1048576K
Event: 173.881 GC heap after
Heap after GC invocations=90 (full 6):
 PSYoungGen      total 1816064K, used 88512K [0x0000000715580000, 0x00000007b9100000, 0x00000007c0000000)
  eden space 990720K, 0% used [0x0000000715580000,0x0000000715580000,0x0000000751d00000)
  from space 825344K, 10% used [0x0000000786b00000,0x000000078c170000,0x00000007b9100000)
  to   space 845824K, 0% used [0x0000000751d00000,0x0000000751d00000,0x0000000785700000)
 ParOldGen       total 3567104K, used 2858066K [0x00000005c0000000, 0x0000000699b80000, 0x0000000715580000)
  object space 3567104K, 80% used [0x00000005c0000000,0x000000066e714bb0,0x0000000699b80000)
 Metaspace       used 481180K, capacity 506652K, committed 506752K, reserved 1486848K
  class space    used 64326K, capacity 69740K, committed 69760K, reserved 1048576K
}
Event: 175.153 GC heap before
{Heap before GC invocations=91 (full 6):
 PSYoungGen      total 1816064K, used 1079232K [0x0000000715580000, 0x00000007b9100000, 0x00000007c0000000)
  eden space 990720K, 100% used [0x0000000715580000,0x0000000751d00000,0x0000000751d00000)
  from space 825344K, 10% used [0x0000000786b00000,0x000000078c170000,0x00000007b9100000)
  to   space 845824K, 0% used [0x0000000751d00000,0x0000000751d00000,0x0000000785700000)
 ParOldGen       total 3567104K, used 2858066K [0x00000005c0000000, 0x0000000699b80000, 0x0000000715580000)
  object space 3567104K, 80% used [0x00000005c0000000,0x000000066e714bb0,0x0000000699b80000)
 Metaspace       used 481213K, capacity 506676K, committed 506752K, reserved 1486848K
  class space    used 64328K, capacity 69744K, committed 69760K, reserved 1048576K
Event: 175.223 GC heap after
Heap after GC invocations=91 (full 6):
 PSYoungGen      total 1836544K, used 92800K [0x0000000715580000, 0x00000007b8700000, 0x00000007c0000000)
  eden space 990720K, 0% used [0x0000000715580000,0x0000000715580000,0x0000000751d00000)
  from space 845824K, 10% used [0x0000000751d00000,0x00000007577a0000,0x0000000785700000)
  to   space 804352K, 0% used [0x0000000787580000,0x0000000787580000,0x00000007b8700000)
 ParOldGen       total 3567104K, used 2858066K [0x00000005c0000000, 0x0000000699b80000, 0x0000000715580000)
  object space 3567104K, 80% used [0x00000005c0000000,0x000000066e714bb0,0x0000000699b80000)
 Metaspace       used 481213K, capacity 506676K, committed 506752K, reserved 1486848K
  class space    used 64328K, capacity 69744K, committed 69760K, reserved 1048576K
}
Event: 176.808 GC heap before
{Heap before GC invocations=92 (full 6):
 PSYoungGen      total 1836544K, used 1083520K [0x0000000715580000, 0x00000007b8700000, 0x00000007c0000000)
  eden space 990720K, 100% used [0x0000000715580000,0x0000000751d00000,0x0000000751d00000)
  from space 845824K, 10% used [0x0000000751d00000,0x00000007577a0000,0x0000000785700000)
  to   space 804352K, 0% used [0x0000000787580000,0x0000000787580000,0x00000007b8700000)
 ParOldGen       total 3567104K, used 2858066K [0x00000005c0000000, 0x0000000699b80000, 0x0000000715580000)
  object space 3567104K, 80% used [0x00000005c0000000,0x000000066e714bb0,0x0000000699b80000)
 Metaspace       used 481223K, capacity 506688K, committed 506752K, reserved 1486848K
  class space    used 64329K, capacity 69746K, committed 69760K, reserved 1048576K
Event: 176.895 GC heap after
Heap after GC invocations=92 (full 6):
 PSYoungGen      total 1766400K, used 140096K [0x0000000715580000, 0x00000007b2600000, 0x00000007c0000000)
  eden space 1061376K, 0% used [0x0000000715580000,0x0000000715580000,0x0000000756200000)
  from space 705024K, 19% used [0x0000000787580000,0x000000078fe50000,0x00000007b2600000)
  to   space 755712K, 0% used [0x0000000756200000,0x0000000756200000,0x0000000784400000)
 ParOldGen       total 3567104K, used 2858074K [0x00000005c0000000, 0x0000000699b80000, 0x0000000715580000)
  object space 3567104K, 80% used [0x00000005c0000000,0x000000066e716bb0,0x0000000699b80000)
 Metaspace       used 481223K, capacity 506688K, committed 506752K, reserved 1486848K
  class space    used 64329K, capacity 69746K, committed 69760K, reserved 1048576K
}
Event: 178.590 GC heap before
{Heap before GC invocations=93 (full 6):
 PSYoungGen      total 1766400K, used 1201472K [0x0000000715580000, 0x00000007b2600000, 0x00000007c0000000)
  eden space 1061376K, 100% used [0x0000000715580000,0x0000000756200000,0x0000000756200000)
  from space 705024K, 19% used [0x0000000787580000,0x000000078fe50000,0x00000007b2600000)
  to   space 755712K, 0% used [0x0000000756200000,0x0000000756200000,0x0000000784400000)
 ParOldGen       total 3567104K, used 2858074K [0x00000005c0000000, 0x0000000699b80000, 0x0000000715580000)
  object space 3567104K, 80% used [0x00000005c0000000,0x000000066e716bb0,0x0000000699b80000)
 Metaspace       used 481252K, capacity 506752K, committed 507008K, reserved 1486848K
  class space    used 64329K, capacity 69746K, committed 69760K, reserved 1048576K
Event: 178.696 GC heap after
Heap after GC invocations=93 (full 6):
 PSYoungGen      total 1817088K, used 174144K [0x0000000715580000, 0x00000007b0c00000, 0x00000007c0000000)
  eden space 1061376K, 0% used [0x0000000715580000,0x0000000715580000,0x0000000756200000)
  from space 755712K, 23% used [0x0000000756200000,0x0000000760c10000,0x0000000784400000)
  to   space 704512K, 0% used [0x0000000785c00000,0x0000000785c00000,0x00000007b0c00000)
 ParOldGen       total 3567104K, used 2858074K [0x00000005c0000000, 0x0000000699b80000, 0x0000000715580000)
  object space 3567104K, 80% used [0x00000005c0000000,0x000000066e716bb0,0x0000000699b80000)
 Metaspace       used 481252K, capacity 506752K, committed 507008K, reserved 1486848K
  class space    used 64329K, capacity 69746K, committed 69760K, reserved 1048576K
}
Event: 180.402 GC heap before
{Heap before GC invocations=94 (full 6):
 PSYoungGen      total 1817088K, used 1235520K [0x0000000715580000, 0x00000007b0c00000, 0x00000007c0000000)
  eden space 1061376K, 100% used [0x0000000715580000,0x0000000756200000,0x0000000756200000)
  from space 755712K, 23% used [0x0000000756200000,0x0000000760c10000,0x0000000784400000)
  to   space 704512K, 0% used [0x0000000785c00000,0x0000000785c00000,0x00000007b0c00000)
 ParOldGen       total 3567104K, used 2858074K [0x00000005c0000000, 0x0000000699b80000, 0x0000000715580000)
  object space 3567104K, 80% used [0x00000005c0000000,0x000000066e716bb0,0x0000000699b80000)
 Metaspace       used 481258K, capacity 506752K, committed 507008K, reserved 1486848K
  class space    used 64329K, capacity 69746K, committed 69760K, reserved 1048576K
Event: 180.512 GC heap after
Heap after GC invocations=94 (full 6):
 PSYoungGen      total 1749504K, used 207680K [0x0000000715580000, 0x00000007ab180000, 0x00000007c0000000)
  eden space 1137664K, 0% used [0x0000000715580000,0x0000000715580000,0x000000075ac80000)
  from space 611840K, 33% used [0x0000000785c00000,0x00000007926d0000,0x00000007ab180000)
  to   space 657920K, 0% used [0x000000075ac80000,0x000000075ac80000,0x0000000782f00000)
 ParOldGen       total 3567104K, used 2858074K [0x00000005c0000000, 0x0000000699b80000, 0x0000000715580000)
  object space 3567104K, 80% used [0x00000005c0000000,0x000000066e716bb0,0x0000000699b80000)
 Metaspace       used 481258K, capacity 506752K, committed 507008K, reserved 1486848K
  class space    used 64329K, capacity 69746K, committed 69760K, reserved 1048576K
}
Event: 182.244 GC heap before
{Heap before GC invocations=95 (full 6):
 PSYoungGen      total 1749504K, used 1345344K [0x0000000715580000, 0x00000007ab180000, 0x00000007c0000000)
  eden space 1137664K, 100% used [0x0000000715580000,0x000000075ac80000,0x000000075ac80000)
  from space 611840K, 33% used [0x0000000785c00000,0x00000007926d0000,0x00000007ab180000)
  to   space 657920K, 0% used [0x000000075ac80000,0x000000075ac80000,0x0000000782f00000)
 ParOldGen       total 3567104K, used 2858074K [0x00000005c0000000, 0x0000000699b80000, 0x0000000715580000)
  object space 3567104K, 80% used [0x00000005c0000000,0x000000066e716bb0,0x0000000699b80000)
 Metaspace       used 481260K, capacity 506752K, committed 507008K, reserved 1486848K
  class space    used 64329K, capacity 69746K, committed 69760K, reserved 1048576K
Event: 182.413 GC heap after
Heap after GC invocations=95 (full 6):
 PSYoungGen      total 1795584K, used 245024K [0x0000000715580000, 0x00000007acf80000, 0x00000007c0000000)
  eden space 1137664K, 0% used [0x0000000715580000,0x0000000715580000,0x000000075ac80000)
  from space 657920K, 37% used [0x000000075ac80000,0x0000000769bc8000,0x0000000782f00000)
  to   space 629248K, 0% used [0x0000000786900000,0x0000000786900000,0x00000007acf80000)
 ParOldGen       total 3567104K, used 2858074K [0x00000005c0000000, 0x0000000699b80000, 0x0000000715580000)
  object space 3567104K, 80% used [0x00000005c0000000,0x000000066e716bb0,0x0000000699b80000)
 Metaspace       used 481260K, capacity 506752K, committed 507008K, reserved 1486848K
  class space    used 64329K, capacity 69746K, committed 69760K, reserved 1048576K
}
Event: 184.097 GC heap before
{Heap before GC invocations=96 (full 6):
 PSYoungGen      total 1795584K, used 1382688K [0x0000000715580000, 0x00000007acf80000, 0x00000007c0000000)
  eden space 1137664K, 100% used [0x0000000715580000,0x000000075ac80000,0x000000075ac80000)
  from space 657920K, 37% used [0x000000075ac80000,0x0000000769bc8000,0x0000000782f00000)
  to   space 629248K, 0% used [0x0000000786900000,0x0000000786900000,0x00000007acf80000)
 ParOldGen       total 3567104K, used 2858074K [0x00000005c0000000, 0x0000000699b80000, 0x0000000715580000)
  object space 3567104K, 80% used [0x00000005c0000000,0x000000066e716bb0,0x0000000699b80000)
 Metaspace       used 481266K, capacity 506752K, committed 507008K, reserved 1486848K
  class space    used 64329K, capacity 69746K, committed 69760K, reserved 1048576K
Event: 184.313 GC heap after
Heap after GC invocations=96 (full 6):
 PSYoungGen      total 1844736K, used 279616K [0x0000000715580000, 0x00000007abc80000, 0x00000007c0000000)
  eden space 1234944K, 0% used [0x0000000715580000,0x0000000715580000,0x0000000760b80000)
  from space 609792K, 45% used [0x0000000786900000,0x0000000797a10000,0x00000007abc80000)
  to   space 614912K, 0% used [0x0000000760b80000,0x0000000760b80000,0x0000000786400000)
 ParOldGen       total 3567104K, used 2858082K [0x00000005c0000000, 0x0000000699b80000, 0x0000000715580000)
  object space 3567104K, 80% used [0x00000005c0000000,0x000000066e718bb0,0x0000000699b80000)
 Metaspace       used 481266K, capacity 506752K, committed 507008K, reserved 1486848K
  class space    used 64329K, capacity 69746K, committed 69760K, reserved 1048576K
}
Event: 186.318 GC heap before
{Heap before GC invocations=97 (full 6):
 PSYoungGen      total 1844736K, used 1514560K [0x0000000715580000, 0x00000007abc80000, 0x00000007c0000000)
  eden space 1234944K, 100% used [0x0000000715580000,0x0000000760b80000,0x0000000760b80000)
  from space 609792K, 45% used [0x0000000786900000,0x0000000797a10000,0x00000007abc80000)
  to   space 614912K, 0% used [0x0000000760b80000,0x0000000760b80000,0x0000000786400000)
 ParOldGen       total 3567104K, used 2858082K [0x00000005c0000000, 0x0000000699b80000, 0x0000000715580000)
  object space 3567104K, 80% used [0x00000005c0000000,0x000000066e718bb0,0x0000000699b80000)
 Metaspace       used 481266K, capacity 506752K, committed 507008K, reserved 1486848K
  class space    used 64329K, capacity 69746K, committed 69760K, reserved 1048576K
Event: 186.471 GC heap after
Heap after GC invocations=97 (full 6):
 PSYoungGen      total 1849856K, used 318688K [0x0000000715580000, 0x00000007b2100000, 0x00000007c0000000)
  eden space 1234944K, 0% used [0x0000000715580000,0x0000000715580000,0x0000000760b80000)
  from space 614912K, 51% used [0x0000000760b80000,0x00000007742b8000,0x0000000786400000)
  to   space 614400K, 0% used [0x000000078c900000,0x000000078c900000,0x00000007b2100000)
 ParOldGen       total 3567104K, used 2858082K [0x00000005c0000000, 0x0000000699b80000, 0x0000000715580000)
  object space 3567104K, 80% used [0x00000005c0000000,0x000000066e718bb0,0x0000000699b80000)
 Metaspace       used 481266K, capacity 506752K, committed 507008K, reserved 1486848K
  class space    used 64329K, capacity 69746K, committed 69760K, reserved 1048576K
}
Event: 188.430 GC heap before
{Heap before GC invocations=98 (full 6):
 PSYoungGen      total 1849856K, used 1553632K [0x0000000715580000, 0x00000007b2100000, 0x00000007c0000000)
  eden space 1234944K, 100% used [0x0000000715580000,0x0000000760b80000,0x0000000760b80000)
  from space 614912K, 51% used [0x0000000760b80000,0x00000007742b8000,0x0000000786400000)
  to   space 614400K, 0% used [0x000000078c900000,0x000000078c900000,0x00000007b2100000)
 ParOldGen       total 3567104K, used 2858082K [0x00000005c0000000, 0x0000000699b80000, 0x0000000715580000)
  object space 3567104K, 80% used [0x00000005c0000000,0x000000066e718bb0,0x0000000699b80000)
 Metaspace       used 481269K, capacity 506752K, committed 507008K, reserved 1486848K
  class space    used 64329K, capacity 69746K, committed 69760K, reserved 1048576K
Event: 188.599 GC heap after
Heap after GC invocations=98 (full 6):
 PSYoungGen      total 1942528K, used 356192K [0x0000000715580000, 0x00000007b3700000, 0x00000007c0000000)
  eden space 1328128K, 0% used [0x0000000715580000,0x0000000715580000,0x0000000766680000)
  from space 614400K, 57% used [0x000000078c900000,0x00000007a24d8000,0x00000007b2100000)
  to   space 625152K, 0% used [0x0000000766680000,0x0000000766680000,0x000000078c900000)
 ParOldGen       total 3567104K, used 2858082K [0x00000005c0000000, 0x0000000699b80000, 0x0000000715580000)
  object space 3567104K, 80% used [0x00000005c0000000,0x000000066e718bb0,0x0000000699b80000)
 Metaspace       used 481269K, capacity 506752K, committed 507008K, reserved 1486848K
  class space    used 64329K, capacity 69746K, committed 69760K, reserved 1048576K
}
Event: 190.815 GC heap before
{Heap before GC invocations=99 (full 6):
 PSYoungGen      total 1942528K, used 1684320K [0x0000000715580000, 0x00000007b3700000, 0x00000007c0000000)
  eden space 1328128K, 100% used [0x0000000715580000,0x0000000766680000,0x0000000766680000)
  from space 614400K, 57% used [0x000000078c900000,0x00000007a24d8000,0x00000007b2100000)
  to   space 625152K, 0% used [0x0000000766680000,0x0000000766680000,0x000000078c900000)
 ParOldGen       total 3567104K, used 2858082K [0x00000005c0000000, 0x0000000699b80000, 0x0000000715580000)
  object space 3567104K, 80% used [0x00000005c0000000,0x000000066e718bb0,0x0000000699b80000)
 Metaspace       used 481309K, capacity 506752K, committed 507008K, reserved 1486848K
  class space    used 64329K, capacity 69746K, committed 69760K, reserved 1048576K
Event: 190.994 GC heap after
Heap after GC invocations=99 (full 6):
 PSYoungGen      total 1953280K, used 395264K [0x0000000715580000, 0x00000007bc100000, 0x00000007c0000000)
  eden space 1328128K, 0% used [0x0000000715580000,0x0000000715580000,0x0000000766680000)
  from space 625152K, 63% used [0x0000000766680000,0x000000077e880000,0x000000078c900000)
  to   space 645632K, 0% used [0x0000000794a80000,0x0000000794a80000,0x00000007bc100000)
 ParOldGen       total 3567104K, used 2858082K [0x00000005c0000000, 0x0000000699b80000, 0x0000000715580000)
  object space 3567104K, 80% used [0x00000005c0000000,0x000000066e718bb0,0x0000000699b80000)
 Metaspace       used 481309K, capacity 506752K, committed 507008K, reserved 1486848K
  class space    used 64329K, capacity 69746K, committed 69760K, reserved 1048576K
}
Event: 193.103 GC heap before
{Heap before GC invocations=100 (full 6):
 PSYoungGen      total 1953280K, used 1723392K [0x0000000715580000, 0x00000007bc100000, 0x00000007c0000000)
  eden space 1328128K, 100% used [0x0000000715580000,0x0000000766680000,0x0000000766680000)
  from space 625152K, 63% used [0x0000000766680000,0x000000077e880000,0x000000078c900000)
  to   space 645632K, 0% used [0x0000000794a80000,0x0000000794a80000,0x00000007bc100000)
 ParOldGen       total 3567104K, used 2858082K [0x00000005c0000000, 0x0000000699b80000, 0x0000000715580000)
  object space 3567104K, 80% used [0x00000005c0000000,0x000000066e718bb0,0x0000000699b80000)
 Metaspace       used 481317K, capacity 506752K, committed 507008K, reserved 1486848K
  class space    used 64329K, capacity 69746K, committed 69760K, reserved 1048576K
Event: 193.364 GC heap after
Heap after GC invocations=100 (full 6):
 PSYoungGen      total 2057216K, used 434528K [0x0000000715580000, 0x00000007bff80000, 0x00000007c0000000)
  eden space 1411584K, 0% used [0x0000000715580000,0x0000000715580000,0x000000076b800000)
  from space 645632K, 67% used [0x0000000794a80000,0x00000007af2d8000,0x00000007bc100000)
  to   space 674304K, 0% used [0x000000076b800000,0x000000076b800000,0x0000000794a80000)
 ParOldGen       total 3567104K, used 2858082K [0x00000005c0000000, 0x0000000699b80000, 0x0000000715580000)
  object space 3567104K, 80% used [0x00000005c0000000,0x000000066e718bb0,0x0000000699b80000)
 Metaspace       used 481317K, capacity 506752K, committed 507008K, reserved 1486848K
  class space    used 64329K, capacity 69746K, committed 69760K, reserved 1048576K
}
Event: 195.563 GC heap before
{Heap before GC invocations=101 (full 6):
 PSYoungGen      total 2057216K, used 1846112K [0x0000000715580000, 0x00000007bff80000, 0x00000007c0000000)
  eden space 1411584K, 100% used [0x0000000715580000,0x000000076b800000,0x000000076b800000)
  from space 645632K, 67% used [0x0000000794a80000,0x00000007af2d8000,0x00000007bc100000)
  to   space 674304K, 0% used [0x000000076b800000,0x000000076b800000,0x0000000794a80000)
 ParOldGen       total 3567104K, used 2858082K [0x00000005c0000000, 0x0000000699b80000, 0x0000000715580000)
  object space 3567104K, 80% used [0x00000005c0000000,0x000000066e718bb0,0x0000000699b80000)
 Metaspace       used 481466K, capacity 506976K, committed 507136K, reserved 1486848K
  class space    used 64346K, capacity 69778K, committed 69888K, reserved 1048576K
Event: 195.798 GC heap after
Heap after GC invocations=101 (full 6):
 PSYoungGen      total 1892352K, used 480608K [0x0000000715580000, 0x00000007c0000000, 0x00000007c0000000)
  eden space 1411584K, 0% used [0x0000000715580000,0x0000000715580000,0x000000076b800000)
  from space 480768K, 99% used [0x000000076b800000,0x0000000788d58000,0x0000000788d80000)
  to   space 712192K, 0% used [0x0000000794880000,0x0000000794880000,0x00000007c0000000)
 ParOldGen       total 3567104K, used 2858082K [0x00000005c0000000, 0x0000000699b80000, 0x0000000715580000)
  object space 3567104K, 80% used [0x00000005c0000000,0x000000066e718bb0,0x0000000699b80000)
 Metaspace       used 481466K, capacity 506976K, committed 507136K, reserved 1486848K
  class space    used 64346K, capacity 69778K, committed 69888K, reserved 1048576K
}
Event: 197.986 GC heap before
{Heap before GC invocations=102 (full 6):
 PSYoungGen      total 1892352K, used 1892192K [0x0000000715580000, 0x00000007c0000000, 0x00000007c0000000)
  eden space 1411584K, 100% used [0x0000000715580000,0x000000076b800000,0x000000076b800000)
  from space 480768K, 99% used [0x000000076b800000,0x0000000788d58000,0x0000000788d80000)
  to   space 712192K, 0% used [0x0000000794880000,0x0000000794880000,0x00000007c0000000)
 ParOldGen       total 3567104K, used 2858082K [0x00000005c0000000, 0x0000000699b80000, 0x0000000715580000)
  object space 3567104K, 80% used [0x00000005c0000000,0x000000066e718bb0,0x0000000699b80000)
 Metaspace       used 481468K, capacity 506976K, committed 507136K, reserved 1486848K
  class space    used 64346K, capacity 69778K, committed 69888K, reserved 1048576K
Event: 198.218 GC heap after
Heap after GC invocations=102 (full 6):
 PSYoungGen      total 2000896K, used 516608K [0x0000000715580000, 0x00000007c0000000, 0x00000007c0000000)
  eden space 1288704K, 0% used [0x0000000715580000,0x0000000715580000,0x0000000764000000)
  from space 712192K, 72% used [0x0000000794880000,0x00000007b4100000,0x00000007c0000000)
  to   space 753664K, 0% used [0x0000000764000000,0x0000000764000000,0x0000000792000000)
 ParOldGen       total 3567104K, used 2858082K [0x00000005c0000000, 0x0000000699b80000, 0x0000000715580000)
  object space 3567104K, 80% used [0x00000005c0000000,0x000000066e718bb0,0x0000000699b80000)
 Metaspace       used 481468K, capacity 506976K, committed 507136K, reserved 1486848K
  class space    used 64346K, capacity 69778K, committed 69888K, reserved 1048576K
}
Event: 200.151 GC heap before
{Heap before GC invocations=103 (full 6):
 PSYoungGen      total 2000896K, used 1805312K [0x0000000715580000, 0x00000007c0000000, 0x00000007c0000000)
  eden space 1288704K, 100% used [0x0000000715580000,0x0000000764000000,0x0000000764000000)
  from space 712192K, 72% used [0x0000000794880000,0x00000007b4100000,0x00000007c0000000)
  to   space 753664K, 0% used [0x0000000764000000,0x0000000764000000,0x0000000792000000)
 ParOldGen       total 3567104K, used 2858082K [0x00000005c0000000, 0x0000000699b80000, 0x0000000715580000)
  object space 3567104K, 80% used [0x00000005c0000000,0x000000066e718bb0,0x0000000699b80000)
 Metaspace       used 481481K, capacity 506976K, committed 507136K, reserved 1486848K
  class space    used 64346K, capacity 69778K, committed 69888K, reserved 1048576K
Event: 200.414 GC heap after
Heap after GC invocations=103 (full 6):
 PSYoungGen      total 1818112K, used 529097K [0x0000000715580000, 0x00000007c0000000, 0x00000007c0000000)
  eden space 1288704K, 0% used [0x0000000715580000,0x0000000715580000,0x0000000764000000)
  from space 529408K, 99% used [0x0000000764000000,0x00000007844b2798,0x0000000784500000)
  to   space 789504K, 0% used [0x000000078fd00000,0x000000078fd00000,0x00000007c0000000)
 ParOldGen       total 3567104K, used 2885291K [0x00000005c0000000, 0x0000000699b80000, 0x0000000715580000)
  object space 3567104K, 80% used [0x00000005c0000000,0x00000006701aae20,0x0000000699b80000)
 Metaspace       used 481481K, capacity 506976K, committed 507136K, reserved 1486848K
  class space    used 64346K, capacity 69778K, committed 69888K, reserved 1048576K
}
Event: 202.427 GC heap before
{Heap before GC invocations=104 (full 6):
 PSYoungGen      total 1818112K, used 1817801K [0x0000000715580000, 0x00000007c0000000, 0x00000007c0000000)
  eden space 1288704K, 100% used [0x0000000715580000,0x0000000764000000,0x0000000764000000)
  from space 529408K, 99% used [0x0000000764000000,0x00000007844b2798,0x0000000784500000)
  to   space 789504K, 0% used [0x000000078fd00000,0x000000078fd00000,0x00000007c0000000)
 ParOldGen       total 3567104K, used 2885291K [0x00000005c0000000, 0x0000000699b80000, 0x0000000715580000)
  object space 3567104K, 80% used [0x00000005c0000000,0x00000006701aae20,0x0000000699b80000)
 Metaspace       used 481484K, capacity 506976K, committed 507136K, reserved 1486848K
  class space    used 64346K, capacity 69778K, committed 69888K, reserved 1048576K
Event: 202.745 GC heap after
Heap after GC invocations=104 (full 6):
 PSYoungGen      total 1946112K, used 538505K [0x0000000715580000, 0x00000007c0000000, 0x00000007c0000000)
  eden space 1156608K, 0% used [0x0000000715580000,0x0000000715580000,0x000000075bf00000)
  from space 789504K, 68% used [0x000000078fd00000,0x00000007b0ae2798,0x00000007c0000000)
  to   space 819712K, 0% used [0x000000075bf00000,0x000000075bf00000,0x000000078df80000)
 ParOldGen       total 3567104K, used 2911292K [0x00000005c0000000, 0x0000000699b80000, 0x0000000715580000)
  object space 3567104K, 81% used [0x00000005c0000000,0x0000000671b0f150,0x0000000699b80000)
 Metaspace       used 481484K, capacity 506976K, committed 507136K, reserved 1486848K
  class space    used 64346K, capacity 69778K, committed 69888K, reserved 1048576K
}
Event: 204.496 GC heap before
{Heap before GC invocations=105 (full 6):
 PSYoungGen      total 1946112K, used 1695113K [0x0000000715580000, 0x00000007c0000000, 0x00000007c0000000)
  eden space 1156608K, 100% used [0x0000000715580000,0x000000075bf00000,0x000000075bf00000)
  from space 789504K, 68% used [0x000000078fd00000,0x00000007b0ae2798,0x00000007c0000000)
  to   space 819712K, 0% used [0x000000075bf00000,0x000000075bf00000,0x000000078df80000)
 ParOldGen       total 3567104K, used 2911292K [0x00000005c0000000, 0x0000000699b80000, 0x0000000715580000)
  object space 3567104K, 81% used [0x00000005c0000000,0x0000000671b0f150,0x0000000699b80000)
 Metaspace       used 481484K, capacity 506976K, committed 507136K, reserved 1486848K
  class space    used 64346K, capacity 69778K, committed 69888K, reserved 1048576K
Event: 204.766 GC heap after
Heap after GC invocations=105 (full 6):
 PSYoungGen      total 1692160K, used 535209K [0x0000000715580000, 0x00000007c0000000, 0x00000007c0000000)
  eden space 1156608K, 0% used [0x0000000715580000,0x0000000715580000,0x000000075bf00000)
  from space 535552K, 99% used [0x000000075bf00000,0x000000077c9aa798,0x000000077ca00000)
  to   space 839680K, 0% used [0x000000078cc00000,0x000000078cc00000,0x00000007c0000000)
 ParOldGen       total 3567104K, used 2946420K [0x00000005c0000000, 0x0000000699b80000, 0x0000000715580000)
  object space 3567104K, 82% used [0x00000005c0000000,0x0000000673d5d390,0x0000000699b80000)
 Metaspace       used 481484K, capacity 506976K, committed 507136K, reserved 1486848K
  class space    used 64346K, capacity 69778K, committed 69888K, reserved 1048576K
}
Event: 206.652 GC heap before
{Heap before GC invocations=106 (full 6):
 PSYoungGen      total 1692160K, used 1691817K [0x0000000715580000, 0x00000007c0000000, 0x00000007c0000000)
  eden space 1156608K, 100% used [0x0000000715580000,0x000000075bf00000,0x000000075bf00000)
  from space 535552K, 99% used [0x000000075bf00000,0x000000077c9aa798,0x000000077ca00000)
  to   space 839680K, 0% used [0x000000078cc00000,0x000000078cc00000,0x00000007c0000000)
 ParOldGen       total 3567104K, used 2946420K [0x00000005c0000000, 0x0000000699b80000, 0x0000000715580000)
  object space 3567104K, 82% used [0x00000005c0000000,0x0000000673d5d390,0x0000000699b80000)
 Metaspace       used 481486K, capacity 507008K, committed 507136K, reserved 1486848K
  class space    used 64347K, capacity 69810K, committed 69888K, reserved 1048576K
Event: 206.915 GC heap after
Heap after GC invocations=106 (full 6):
 PSYoungGen      total 1906176K, used 565961K [0x0000000715580000, 0x00000007c0000000, 0x00000007c0000000)
  eden space 1066496K, 0% used [0x0000000715580000,0x0000000715580000,0x0000000756700000)
  from space 839680K, 67% used [0x000000078cc00000,0x00000007af4b27b8,0x00000007c0000000)
  to   space 864768K, 0% used [0x0000000756700000,0x0000000756700000,0x000000078b380000)
 ParOldGen       total 3567104K, used 2951168K [0x00000005c0000000, 0x0000000699b80000, 0x0000000715580000)
  object space 3567104K, 82% used [0x00000005c0000000,0x00000006742003d0,0x0000000699b80000)
 Metaspace       used 481486K, capacity 507008K, committed 507136K, reserved 1486848K
  class space    used 64347K, capacity 69810K, committed 69888K, reserved 1048576K
}
Event: 208.731 GC heap before
{Heap before GC invocations=107 (full 6):
 PSYoungGen      total 1906176K, used 1632457K [0x0000000715580000, 0x00000007c0000000, 0x00000007c0000000)
  eden space 1066496K, 100% used [0x0000000715580000,0x0000000756700000,0x0000000756700000)
  from space 839680K, 67% used [0x000000078cc00000,0x00000007af4b27b8,0x00000007c0000000)
  to   space 864768K, 0% used [0x0000000756700000,0x0000000756700000,0x000000078b380000)
 ParOldGen       total 3567104K, used 2951168K [0x00000005c0000000, 0x0000000699b80000, 0x0000000715580000)
  object space 3567104K, 82% used [0x00000005c0000000,0x00000006742003d0,0x0000000699b80000)
 Metaspace       used 481500K, capacity 507008K, committed 507136K, reserved 1486848K
  class space    used 64347K, capacity 69810K, committed 69888K, reserved 1048576K
Event: 209.006 GC heap after
Heap after GC invocations=107 (full 6):
 PSYoungGen      total 1615360K, used 548489K [0x0000000715580000, 0x00000007c0000000, 0x00000007c0000000)
  eden space 1066496K, 0% used [0x0000000715580000,0x0000000715580000,0x0000000756700000)
  from space 548864K, 99% used [0x0000000756700000,0x0000000777ea27b8,0x0000000777f00000)
  to   space 875008K, 0% used [0x000000078a980000,0x000000078a980000,0x00000007c0000000)
 ParOldGen       total 3567104K, used 2998521K [0x00000005c0000000, 0x0000000699b80000, 0x0000000715580000)
  object space 3567104K, 84% used [0x00000005c0000000,0x000000067703e590,0x0000000699b80000)
 Metaspace       used 481500K, capacity 507008K, committed 507136K, reserved 1486848K
  class space    used 64347K, capacity 69810K, committed 69888K, reserved 1048576K
}
Event: 210.712 GC heap before
{Heap before GC invocations=108 (full 6):
 PSYoungGen      total 1615360K, used 1614985K [0x0000000715580000, 0x00000007c0000000, 0x00000007c0000000)
  eden space 1066496K, 100% used [0x0000000715580000,0x0000000756700000,0x0000000756700000)
  from space 548864K, 99% used [0x0000000756700000,0x0000000777ea27b8,0x0000000777f00000)
  to   space 875008K, 0% used [0x000000078a980000,0x000000078a980000,0x00000007c0000000)
 ParOldGen       total 3567104K, used 2998521K [0x00000005c0000000, 0x0000000699b80000, 0x0000000715580000)
  object space 3567104K, 84% used [0x00000005c0000000,0x000000067703e590,0x0000000699b80000)
 Metaspace       used 481502K, capacity 507008K, committed 507136K, reserved 1486848K
  class space    used 64347K, capacity 69810K, committed 69888K, reserved 1048576K
Event: 210.985 GC heap after
Heap after GC invocations=108 (full 6):
 PSYoungGen      total 1928192K, used 514377K [0x0000000715580000, 0x00000007c0000000, 0x00000007c0000000)
  eden space 1053184K, 0% used [0x0000000715580000,0x0000000715580000,0x0000000755a00000)
  from space 875008K, 58% used [0x000000078a980000,0x00000007a9fd2798,0x00000007c0000000)
  to   space 867840K, 0% used [0x0000000755a00000,0x0000000755a00000,0x000000078a980000)
 ParOldGen       total 3567104K, used 3066394K [0x00000005c0000000, 0x0000000699b80000, 0x0000000715580000)
  object space 3567104K, 85% used [0x00000005c0000000,0x000000067b286990,0x0000000699b80000)
 Metaspace       used 481502K, capacity 507008K, committed 507136K, reserved 1486848K
  class space    used 64347K, capacity 69810K, committed 69888K, reserved 1048576K
}
Event: 212.669 GC heap before
{Heap before GC invocations=109 (full 6):
 PSYoungGen      total 1928192K, used 1567561K [0x0000000715580000, 0x00000007c0000000, 0x00000007c0000000)
  eden space 1053184K, 100% used [0x0000000715580000,0x0000000755a00000,0x0000000755a00000)
  from space 875008K, 58% used [0x000000078a980000,0x00000007a9fd2798,0x00000007c0000000)
  to   space 867840K, 0% used [0x0000000755a00000,0x0000000755a00000,0x000000078a980000)
 ParOldGen       total 3567104K, used 3066394K [0x00000005c0000000, 0x0000000699b80000, 0x0000000715580000)
  object space 3567104K, 85% used [0x00000005c0000000,0x000000067b286990,0x0000000699b80000)
 Metaspace       used 481503K, capacity 507008K, committed 507136K, reserved 1486848K
  class space    used 64347K, capacity 69810K, committed 69888K, reserved 1048576K
Event: 212.934 GC heap after
Heap after GC invocations=109 (full 6):
 PSYoungGen      total 1526784K, used 473321K [0x0000000715580000, 0x00000007bc900000, 0x00000007c0000000)
  eden space 1053184K, 0% used [0x0000000715580000,0x0000000715580000,0x0000000755a00000)
  from space 473600K, 99% used [0x0000000755a00000,0x000000077283a7b8,0x0000000772880000)
  to   space 843264K, 0% used [0x0000000789180000,0x0000000789180000,0x00000007bc900000)
 ParOldGen       total 3567104K, used 3138523K [0x00000005c0000000, 0x0000000699b80000, 0x0000000715580000)
  object space 3567104K, 87% used [0x00000005c0000000,0x000000067f8f6f90,0x0000000699b80000)
 Metaspace       used 481503K, capacity 507008K, committed 507136K, reserved 1486848K
  class space    used 64347K, capacity 69810K, committed 69888K, reserved 1048576K
}
Event: 214.254 GC heap before
{Heap before GC invocations=110 (full 6):
 PSYoungGen      total 1526784K, used 1526505K [0x0000000715580000, 0x00000007bc900000, 0x00000007c0000000)
  eden space 1053184K, 100% used [0x0000000715580000,0x0000000755a00000,0x0000000755a00000)
  from space 473600K, 99% used [0x0000000755a00000,0x000000077283a7b8,0x0000000772880000)
  to   space 843264K, 0% used [0x0000000789180000,0x0000000789180000,0x00000007bc900000)
 ParOldGen       total 3567104K, used 3138523K [0x00000005c0000000, 0x0000000699b80000, 0x0000000715580000)
  object space 3567104K, 87% used [0x00000005c0000000,0x000000067f8f6f90,0x0000000699b80000)
 Metaspace       used 481532K, capacity 507026K, committed 507136K, reserved 1486848K
  class space    used 64352K, capacity 69813K, committed 69888K, reserved 1048576K
Event: 214.897 GC heap after
Heap after GC invocations=110 (full 6):
 PSYoungGen      total 1775616K, used 843240K [0x0000000715580000, 0x00000007c0000000, 0x00000007c0000000)
  eden space 932352K, 0% used [0x0000000715580000,0x0000000715580000,0x000000074e400000)
  from space 843264K, 99% used [0x0000000789180000,0x00000007bc8fa0b0,0x00000007bc900000)
  to   space 931840K, 0% used [0x000000074e400000,0x000000074e400000,0x0000000787200000)
 ParOldGen       total 3567104K, used 3338486K [0x00000005c0000000, 0x0000000699b80000, 0x0000000715580000)
  object space 3567104K, 93% used [0x00000005c0000000,0x000000068bc3da98,0x0000000699b80000)
 Metaspace       used 481532K, capacity 507026K, committed 507136K, reserved 1486848K
  class space    used 64352K, capacity 69813K, committed 69888K, reserved 1048576K
}
Event: 215.889 GC heap before
{Heap before GC invocations=111 (full 6):
 PSYoungGen      total 1775616K, used 1775592K [0x0000000715580000, 0x00000007c0000000, 0x00000007c0000000)
  eden space 932352K, 100% used [0x0000000715580000,0x000000074e400000,0x000000074e400000)
  from space 843264K, 99% used [0x0000000789180000,0x00000007bc8fa0b0,0x00000007bc900000)
  to   space 931840K, 0% used [0x000000074e400000,0x000000074e400000,0x0000000787200000)
 ParOldGen       total 3567104K, used 3338486K [0x00000005c0000000, 0x0000000699b80000, 0x0000000715580000)
  object space 3567104K, 93% used [0x00000005c0000000,0x000000068bc3da98,0x0000000699b80000)
 Metaspace       used 481591K, capacity 507026K, committed 507136K, reserved 1486848K
  class space    used 64355K, capacity 69813K, committed 69888K, reserved 1048576K
Event: 216.446 GC heap after
Heap after GC invocations=111 (full 6):
 PSYoungGen      total 1864192K, used 931834K [0x0000000715580000, 0x00000007c0000000, 0x00000007c0000000)
  eden space 932352K, 0% used [0x0000000715580000,0x0000000715580000,0x000000074e400000)
  from space 931840K, 99% used [0x000000074e400000,0x00000007871fea20,0x0000000787200000)
  to   space 931840K, 0% used [0x0000000787200000,0x0000000787200000,0x00000007c0000000)
 ParOldGen       total 3567104K, used 3425496K [0x00000005c0000000, 0x0000000699b80000, 0x0000000715580000)
  object space 3567104K, 96% used [0x00000005c0000000,0x00000006911363d8,0x0000000699b80000)
 Metaspace       used 481591K, capacity 507026K, committed 507136K, reserved 1486848K
  class space    used 64355K, capacity 69813K, committed 69888K, reserved 1048576K
}
Event: 216.446 GC heap before
{Heap before GC invocations=112 (full 7):
 PSYoungGen      total 1864192K, used 931834K [0x0000000715580000, 0x00000007c0000000, 0x00000007c0000000)
  eden space 932352K, 0% used [0x0000000715580000,0x0000000715580000,0x000000074e400000)
  from space 931840K, 99% used [0x000000074e400000,0x00000007871fea20,0x0000000787200000)
  to   space 931840K, 0% used [0x0000000787200000,0x0000000787200000,0x00000007c0000000)
 ParOldGen       total 3567104K, used 3425496K [0x00000005c0000000, 0x0000000699b80000, 0x0000000715580000)
  object space 3567104K, 96% used [0x00000005c0000000,0x00000006911363d8,0x0000000699b80000)
 Metaspace       used 481591K, capacity 507026K, committed 507136K, reserved 1486848K
  class space    used 64355K, capacity 69813K, committed 69888K, reserved 1048576K

