# JRE version: Java(TM) SE Runtime Environment 18.9 (11.0.8+10) (build 11.0.8+10-LTS)
# Java VM: Java HotSpot(TM) 64-Bit Server VM 18.9 (11.0.8+10-LTS, mixed mode, tiered, compressed oops, g1 gc, windows-amd64)
Heap:
 garbage-first heap   total 2097152K, used 1328128K [0x0000000744800000, 0x0000000800000000)
  region size 1024K, 313 young (320512K), 10 survivors (10240K)
 Metaspace       used 687095K, capacity 708236K, committed 708480K, reserved 1667072K
  class space    used 87916K, capacity 95031K, committed 95104K, reserved 1048576K
GC Heap History (10 events):
Event: 11471.804 GC heap before
{Heap before GC invocations=79 (full 0):
 garbage-first heap   total 2097152K, used 1348096K [0x0000000744800000, 0x0000000800000000)
  region size 1024K, 399 young (408576K), 24 survivors (24576K)
 Metaspace       used 668171K, capacity 689133K, committed 689280K, reserved 1646592K
  class space    used 85387K, capacity 92440K, committed 92544K, reserved 1048576K
}
Event: 11471.861 GC heap after
{Heap after GC invocations=80 (full 0):
 garbage-first heap   total 2097152K, used 966912K [0x0000000744800000, 0x0000000800000000)
  region size 1024K, 27 young (27648K), 27 survivors (27648K)
 Metaspace       used 668171K, capacity 689133K, committed 689280K, reserved 1646592K
  class space    used 85387K, capacity 92440K, committed 92544K, reserved 1048576K
}
Event: 14300.836 GC heap before
{Heap before GC invocations=80 (full 0):
 garbage-first heap   total 2097152K, used 1451264K [0x0000000744800000, 0x0000000800000000)
  region size 1024K, 501 young (513024K), 27 survivors (27648K)
 Metaspace       used 669873K, capacity 690857K, committed 690944K, reserved 1648640K
  class space    used 85569K, capacity 92624K, committed 92672K, reserved 1048576K
}
Event: 14300.976 GC heap after
{Heap after GC invocations=81 (full 0):
 garbage-first heap   total 2097152K, used 977536K [0x0000000744800000, 0x0000000800000000)
  region size 1024K, 37 young (37888K), 37 survivors (37888K)
 Metaspace       used 669873K, capacity 690857K, committed 690944K, reserved 1648640K
  class space    used 85569K, capacity 92624K, committed 92672K, reserved 1048576K
}
Event: 14310.264 GC heap before
{Heap before GC invocations=81 (full 0):
 garbage-first heap   total 2097152K, used 1469056K [0x0000000744800000, 0x0000000800000000)
  region size 1024K, 518 young (530432K), 37 survivors (37888K)
 Metaspace       used 669873K, capacity 690857K, committed 690944K, reserved 1648640K
  class space    used 85569K, capacity 92624K, committed 92672K, reserved 1048576K
}
Event: 14310.424 GC heap after
{Heap after GC invocations=82 (full 0):
 garbage-first heap   total 2097152K, used 994349K [0x0000000744800000, 0x0000000800000000)
  region size 1024K, 48 young (49152K), 48 survivors (49152K)
 Metaspace       used 669873K, capacity 690857K, committed 690944K, reserved 1648640K
  class space    used 85569K, capacity 92624K, committed 92672K, reserved 1048576K
}
Event: 14311.362 GC heap before
{Heap before GC invocations=82 (full 0):
 garbage-first heap   total 2097152K, used 1442861K [0x0000000744800000, 0x0000000800000000)
  region size 1024K, 486 young (497664K), 48 survivors (49152K)
 Metaspace       used 669873K, capacity 690857K, committed 690944K, reserved 1648640K
  class space    used 85569K, capacity 92624K, committed 92672K, reserved 1048576K
}
Event: 14311.690 GC heap after
{Heap after GC invocations=83 (full 0):
 garbage-first heap   total 2097152K, used 1010940K [0x0000000744800000, 0x0000000800000000)
  region size 1024K, 48 young (49152K), 48 survivors (49152K)
 Metaspace       used 669873K, capacity 690857K, committed 690944K, reserved 1648640K
  class space    used 85569K, capacity 92624K, committed 92672K, reserved 1048576K
}
Event: 14312.127 GC heap before
{Heap before GC invocations=83 (full 0):
 garbage-first heap   total 2097152K, used 1190140K [0x0000000744800000, 0x0000000800000000)
  region size 1024K, 223 young (228352K), 48 survivors (49152K)
 Metaspace       used 669873K, capacity 690857K, committed 690944K, reserved 1648640K
  class space    used 85569K, capacity 92624K, committed 92672K, reserved 1048576K
}
Event: 14312.606 GC heap after
{Heap after GC invocations=84 (full 0):
 garbage-first heap   total 2097152K, used 1019904K [0x0000000744800000, 0x0000000800000000)
  region size 1024K, 10 young (10240K), 10 survivors (10240K)
 Metaspace       used 669873K, capacity 690857K, committed 690944K, reserved 1648640K
  class space    used 85569K, capacity 92624K, committed 92672K, reserved 1048576K
}

