# JRE version: OpenJDK Runtime Environment (8.0_282-b08) (build 1.8.0_282-b08)
# Java VM: OpenJDK 64-Bit Server VM (25.282-b08 mixed mode linux-amd64 )
Heap:
 PSYoungGen      total 382464K, used 281007K [0x00007fcefab00000, 0x00007fcf14800000, 0x00007fcf76e00000)
  eden space 351232K, 80% used [0x00007fcefab00000,0x00007fcf0bd6bd40,0x00007fcf10200000)
  from space 31232K, 0% used [0x00007fcf12080000,0x00007fcf12080000,0x00007fcf13f00000)
  to   space 31232K, 0% used [0x00007fcf10200000,0x00007fcf10200000,0x00007fcf12080000)
 ParOldGen       total 162304K, used 29424K [0x00007fce02400000, 0x00007fce0c280000, 0x00007fcefab00000)
  object space 162304K, 18% used [0x00007fce02400000,0x00007fce040bc2b8,0x00007fce0c280000)
 Metaspace       used 35308K, capacity 35915K, committed 36184K, reserved 36864K
GC Heap History (16 events):
Event: 19.029 GC heap before
{Heap before GC invocations=1 (full 0):
 PSYoungGen      total 111616K, used 95744K [0x00007fcefab00000, 0x00007fcf02780000, 0x00007fcf76e00000)
  eden space 95744K, 100% used [0x00007fcefab00000,0x00007fcf00880000,0x00007fcf00880000)
  from space 15872K, 0% used [0x00007fcf01800000,0x00007fcf01800000,0x00007fcf02780000)
  to   space 15872K, 0% used [0x00007fcf00880000,0x00007fcf00880000,0x00007fcf01800000)
 ParOldGen       total 255488K, used 0K [0x00007fce02400000, 0x00007fce11d80000, 0x00007fcefab00000)
  object space 255488K, 0% used [0x00007fce02400000,0x00007fce02400000,0x00007fce11d80000)
 Metaspace       used 14363K, capacity 14825K, committed 15104K, reserved 16384K
Event: 19.049 GC heap after
Heap after GC invocations=1 (full 0):
 PSYoungGen      total 111616K, used 15716K [0x00007fcefab00000, 0x00007fcf02780000, 0x00007fcf76e00000)
  eden space 95744K, 0% used [0x00007fcefab00000,0x00007fcefab00000,0x00007fcf00880000)
  from space 15872K, 99% used [0x00007fcf00880000,0x00007fcf017d9248,0x00007fcf01800000)
  to   space 15872K, 0% used [0x00007fcf01800000,0x00007fcf01800000,0x00007fcf02780000)
 ParOldGen       total 255488K, used 88K [0x00007fce02400000, 0x00007fce11d80000, 0x00007fcefab00000)
  object space 255488K, 0% used [0x00007fce02400000,0x00007fce02416018,0x00007fce11d80000)
 Metaspace       used 14363K, capacity 14825K, committed 15104K, reserved 16384K
}
Event: 19.559 GC heap before
{Heap before GC invocations=2 (full 0):
 PSYoungGen      total 111616K, used 111460K [0x00007fcefab00000, 0x00007fcf02780000, 0x00007fcf76e00000)
  eden space 95744K, 100% used [0x00007fcefab00000,0x00007fcf00880000,0x00007fcf00880000)
  from space 15872K, 99% used [0x00007fcf00880000,0x00007fcf017d9248,0x00007fcf01800000)
  to   space 15872K, 0% used [0x00007fcf01800000,0x00007fcf01800000,0x00007fcf02780000)
 ParOldGen       total 255488K, used 88K [0x00007fce02400000, 0x00007fce11d80000, 0x00007fcefab00000)
  object space 255488K, 0% used [0x00007fce02400000,0x00007fce02416018,0x00007fce11d80000)
 Metaspace       used 16576K, capacity 17078K, committed 17408K, reserved 18432K
Event: 19.588 GC heap after
Heap after GC invocations=2 (full 0):
 PSYoungGen      total 111616K, used 15861K [0x00007fcefab00000, 0x00007fcf08500000, 0x00007fcf76e00000)
  eden space 95744K, 0% used [0x00007fcefab00000,0x00007fcefab00000,0x00007fcf00880000)
  from space 15872K, 99% used [0x00007fcf01800000,0x00007fcf0277d5d0,0x00007fcf02780000)
  to   space 15872K, 0% used [0x00007fcf00880000,0x00007fcf00880000,0x00007fcf01800000)
 ParOldGen       total 255488K, used 3808K [0x00007fce02400000, 0x00007fce11d80000, 0x00007fcefab00000)
  object space 255488K, 1% used [0x00007fce02400000,0x00007fce027b8320,0x00007fce11d80000)
 Metaspace       used 16576K, capacity 17078K, committed 17408K, reserved 18432K
}
Event: 20.022 GC heap before
{Heap before GC invocations=3 (full 0):
 PSYoungGen      total 111616K, used 79897K [0x00007fcefab00000, 0x00007fcf08500000, 0x00007fcf76e00000)
  eden space 95744K, 66% used [0x00007fcefab00000,0x00007fcefe989038,0x00007fcf00880000)
  from space 15872K, 99% used [0x00007fcf01800000,0x00007fcf0277d5d0,0x00007fcf02780000)
  to   space 15872K, 0% used [0x00007fcf00880000,0x00007fcf00880000,0x00007fcf01800000)
 ParOldGen       total 255488K, used 3808K [0x00007fce02400000, 0x00007fce11d80000, 0x00007fcefab00000)
  object space 255488K, 1% used [0x00007fce02400000,0x00007fce027b8320,0x00007fce11d80000)
 Metaspace       used 20681K, capacity 21110K, committed 21248K, reserved 22528K
Event: 20.050 GC heap after
Heap after GC invocations=3 (full 0):
 PSYoungGen      total 111616K, used 15862K [0x00007fcefab00000, 0x00007fcf08500000, 0x00007fcf76e00000)
  eden space 95744K, 0% used [0x00007fcefab00000,0x00007fcefab00000,0x00007fcf00880000)
  from space 15872K, 99% used [0x00007fcf00880000,0x00007fcf017fda00,0x00007fcf01800000)
  to   space 15872K, 0% used [0x00007fcf07580000,0x00007fcf07580000,0x00007fcf08500000)
 ParOldGen       total 255488K, used 10579K [0x00007fce02400000, 0x00007fce11d80000, 0x00007fcefab00000)
  object space 255488K, 4% used [0x00007fce02400000,0x00007fce02e54f08,0x00007fce11d80000)
 Metaspace       used 20681K, capacity 21110K, committed 21248K, reserved 22528K
}
Event: 20.050 GC heap before
{Heap before GC invocations=4 (full 1):
 PSYoungGen      total 111616K, used 15862K [0x00007fcefab00000, 0x00007fcf08500000, 0x00007fcf76e00000)
  eden space 95744K, 0% used [0x00007fcefab00000,0x00007fcefab00000,0x00007fcf00880000)
  from space 15872K, 99% used [0x00007fcf00880000,0x00007fcf017fda00,0x00007fcf01800000)
  to   space 15872K, 0% used [0x00007fcf07580000,0x00007fcf07580000,0x00007fcf08500000)
 ParOldGen       total 255488K, used 10579K [0x00007fce02400000, 0x00007fce11d80000, 0x00007fcefab00000)
  object space 255488K, 4% used [0x00007fce02400000,0x00007fce02e54f08,0x00007fce11d80000)
 Metaspace       used 20681K, capacity 21110K, committed 21248K, reserved 22528K
Event: 20.118 GC heap after
Heap after GC invocations=4 (full 1):
 PSYoungGen      total 111616K, used 0K [0x00007fcefab00000, 0x00007fcf08500000, 0x00007fcf76e00000)
  eden space 95744K, 0% used [0x00007fcefab00000,0x00007fcefab00000,0x00007fcf00880000)
  from space 15872K, 0% used [0x00007fcf00880000,0x00007fcf00880000,0x00007fcf01800000)
  to   space 15872K, 0% used [0x00007fcf07580000,0x00007fcf07580000,0x00007fcf08500000)
 ParOldGen       total 132608K, used 20000K [0x00007fce02400000, 0x00007fce0a580000, 0x00007fcefab00000)
  object space 132608K, 15% used [0x00007fce02400000,0x00007fce037883e0,0x00007fce0a580000)
 Metaspace       used 20681K, capacity 21110K, committed 21248K, reserved 22528K
}
Event: 20.877 GC heap before
{Heap before GC invocations=5 (full 1):
 PSYoungGen      total 111616K, used 95744K [0x00007fcefab00000, 0x00007fcf08500000, 0x00007fcf76e00000)
  eden space 95744K, 100% used [0x00007fcefab00000,0x00007fcf00880000,0x00007fcf00880000)
  from space 15872K, 0% used [0x00007fcf00880000,0x00007fcf00880000,0x00007fcf01800000)
  to   space 15872K, 0% used [0x00007fcf07580000,0x00007fcf07580000,0x00007fcf08500000)
 ParOldGen       total 132608K, used 20000K [0x00007fce02400000, 0x00007fce0a580000, 0x00007fcefab00000)
  object space 132608K, 15% used [0x00007fce02400000,0x00007fce037883e0,0x00007fce0a580000)
 Metaspace       used 24852K, capacity 25354K, committed 25600K, reserved 26624K
Event: 20.923 GC heap after
Heap after GC invocations=5 (full 1):
 PSYoungGen      total 199168K, used 14416K [0x00007fcefab00000, 0x00007fcf08400000, 0x00007fcf76e00000)
  eden space 184320K, 0% used [0x00007fcefab00000,0x00007fcefab00000,0x00007fcf05f00000)
  from space 14848K, 97% used [0x00007fcf07580000,0x00007fcf08394120,0x00007fcf08400000)
  to   space 15872K, 0% used [0x00007fcf06500000,0x00007fcf06500000,0x00007fcf07480000)
 ParOldGen       total 132608K, used 20000K [0x00007fce02400000, 0x00007fce0a580000, 0x00007fcefab00000)
  object space 132608K, 15% used [0x00007fce02400000,0x00007fce037883e0,0x00007fce0a580000)
 Metaspace       used 24852K, capacity 25354K, committed 25600K, reserved 26624K
}
Event: 34.957 GC heap before
{Heap before GC invocations=6 (full 1):
 PSYoungGen      total 199168K, used 198406K [0x00007fcefab00000, 0x00007fcf08400000, 0x00007fcf76e00000)
  eden space 184320K, 99% used [0x00007fcefab00000,0x00007fcf05ead828,0x00007fcf05f00000)
  from space 14848K, 97% used [0x00007fcf07580000,0x00007fcf08394120,0x00007fcf08400000)
  to   space 15872K, 0% used [0x00007fcf06500000,0x00007fcf06500000,0x00007fcf07480000)
 ParOldGen       total 132608K, used 20000K [0x00007fce02400000, 0x00007fce0a580000, 0x00007fcefab00000)
  object space 132608K, 15% used [0x00007fce02400000,0x00007fce037883e0,0x00007fce0a580000)
 Metaspace       used 34178K, capacity 34728K, committed 35072K, reserved 36864K
Event: 35.045 GC heap after
Heap after GC invocations=6 (full 1):
 PSYoungGen      total 206336K, used 15870K [0x00007fcefab00000, 0x00007fcf13f00000, 0x00007fcf76e00000)
  eden space 190464K, 0% used [0x00007fcefab00000,0x00007fcefab00000,0x00007fcf06500000)
  from space 15872K, 99% used [0x00007fcf06500000,0x00007fcf0747f9f8,0x00007fcf07480000)
  to   space 31232K, 0% used [0x00007fcf12080000,0x00007fcf12080000,0x00007fcf13f00000)
 ParOldGen       total 132608K, used 33544K [0x00007fce02400000, 0x00007fce0a580000, 0x00007fcefab00000)
  object space 132608K, 25% used [0x00007fce02400000,0x00007fce044c2320,0x00007fce0a580000)
 Metaspace       used 34178K, capacity 34728K, committed 35072K, reserved 36864K
}
Event: 36.738 GC heap before
{Heap before GC invocations=7 (full 1):
 PSYoungGen      total 206336K, used 56156K [0x00007fcefab00000, 0x00007fcf13f00000, 0x00007fcf76e00000)
  eden space 190464K, 21% used [0x00007fcefab00000,0x00007fcefd2579d8,0x00007fcf06500000)
  from space 15872K, 99% used [0x00007fcf06500000,0x00007fcf0747f9f8,0x00007fcf07480000)
  to   space 31232K, 0% used [0x00007fcf12080000,0x00007fcf12080000,0x00007fcf13f00000)
 ParOldGen       total 132608K, used 33544K [0x00007fce02400000, 0x00007fce0a580000, 0x00007fcefab00000)
  object space 132608K, 25% used [0x00007fce02400000,0x00007fce044c2320,0x00007fce0a580000)
 Metaspace       used 34645K, capacity 35181K, committed 35416K, reserved 36864K
Event: 36.762 GC heap after
Heap after GC invocations=7 (full 1):
 PSYoungGen      total 382464K, used 14928K [0x00007fcefab00000, 0x00007fcf14800000, 0x00007fcf76e00000)
  eden space 351232K, 0% used [0x00007fcefab00000,0x00007fcefab00000,0x00007fcf10200000)
  from space 31232K, 47% used [0x00007fcf12080000,0x00007fcf12f14218,0x00007fcf13f00000)
  to   space 31232K, 0% used [0x00007fcf10200000,0x00007fcf10200000,0x00007fcf12080000)
 ParOldGen       total 132608K, used 33552K [0x00007fce02400000, 0x00007fce0a580000, 0x00007fcefab00000)
  object space 132608K, 25% used [0x00007fce02400000,0x00007fce044c4320,0x00007fce0a580000)
 Metaspace       used 34645K, capacity 35181K, committed 35416K, reserved 36864K
}
Event: 36.762 GC heap before
{Heap before GC invocations=8 (full 2):
 PSYoungGen      total 382464K, used 14928K [0x00007fcefab00000, 0x00007fcf14800000, 0x00007fcf76e00000)
  eden space 351232K, 0% used [0x00007fcefab00000,0x00007fcefab00000,0x00007fcf10200000)
  from space 31232K, 47% used [0x00007fcf12080000,0x00007fcf12f14218,0x00007fcf13f00000)
  to   space 31232K, 0% used [0x00007fcf10200000,0x00007fcf10200000,0x00007fcf12080000)
 ParOldGen       total 132608K, used 33552K [0x00007fce02400000, 0x00007fce0a580000, 0x00007fcefab00000)
  object space 132608K, 25% used [0x00007fce02400000,0x00007fce044c4320,0x00007fce0a580000)
 Metaspace       used 34645K, capacity 35181K, committed 35416K, reserved 36864K
Event: 36.859 GC heap after
Heap after GC invocations=8 (full 2):
 PSYoungGen      total 382464K, used 0K [0x00007fcefab00000, 0x00007fcf14800000, 0x00007fcf76e00000)
  eden space 351232K, 0% used [0x00007fcefab00000,0x00007fcefab00000,0x00007fcf10200000)
  from space 31232K, 0% used [0x00007fcf12080000,0x00007fcf12080000,0x00007fcf13f00000)
  to   space 31232K, 0% used [0x00007fcf10200000,0x00007fcf10200000,0x00007fcf12080000)
 ParOldGen       total 162304K, used 29424K [0x00007fce02400000, 0x00007fce0c280000, 0x00007fcefab00000)
  object space 162304K, 18% used [0x00007fce02400000,0x00007fce040bc2b8,0x00007fce0c280000)
 Metaspace       used 34645K, capacity 35181K, committed 35416K, reserved 36864K
}

