GC Heap History (10 events):
Event: 164620.747 GC heap before
{Heap before GC invocations=42513 (full 0):
 garbage-first heap   total 4194304K, used 3513193K [0x00000006c0000000, 0x00000006c0204000, 0x00000007c0000000)
  region size 2048K, 395 young (808960K), 9 survivors (18432K)
 Metaspace       used 914730K, capacity 961757K, committed 962308K, reserved 1861632K
  class space    used 142110K, capacity 149182K, committed 149308K, reserved 1048576K
Event: 164620.810 GC heap after
Heap after GC invocations=42514 (full 0):
 garbage-first heap   total 4194304K, used 2726761K [0x00000006c0000000, 0x00000006c0204000, 0x00000007c0000000)
  region size 2048K, 11 young (22528K), 11 survivors (22528K)
 Metaspace       used 914730K, capacity 961757K, committed 962308K, reserved 1861632K
  class space    used 142110K, capacity 149182K, committed 149308K, reserved 1048576K
***REMOVED***
Event: 164625.716 GC heap before
{Heap before GC invocations=42515 (full 0):
 garbage-first heap   total 4194304K, used 3510121K [0x00000006c0000000, 0x00000006c0204000, 0x00000007c0000000)
  region size 2048K, 393 young (804864K), 11 survivors (22528K)
 Metaspace       used 914730K, capacity 961757K, committed 962308K, reserved 1861632K
  class space    used 142110K, capacity 149182K, committed 149308K, reserved 1048576K
Event: 164625.792 GC heap after
Heap after GC invocations=42516 (full 0):
 garbage-first heap   total 4194304K, used 2730857K [0x00000006c0000000, 0x00000006c0204000, 0x00000007c0000000)
  region size 2048K, 13 young (26624K), 13 survivors (26624K)
 Metaspace       used 914730K, capacity 961757K, committed 962308K, reserved 1861632K
  class space    used 142110K, capacity 149182K, committed 149308K, reserved 1048576K
***REMOVED***
Event: 164627.910 GC heap before
{Heap before GC invocations=42516 (full 0):
 garbage-first heap   total 4194304K, used 2913129K [0x00000006c0000000, 0x00000006c0204000, 0x00000007c0000000)
  region size 2048K, 102 young (208896K), 13 survivors (26624K)
 Metaspace       used 914730K, capacity 961757K, committed 962308K, reserved 1861632K
  class space    used 142110K, capacity 149182K, committed 149308K, reserved 1048576K
Event: 164627.973 GC heap after
Heap after GC invocations=42517 (full 0):
 garbage-first heap   total 4194304K, used 2723681K [0x00000006c0000000, 0x00000006c0204000, 0x00000007c0000000)
  region size 2048K, 11 young (22528K), 11 survivors (22528K)
 Metaspace       used 914730K, capacity 961757K, committed 962308K, reserved 1861632K
  class space    used 142110K, capacity 149182K, committed 149308K, reserved 1048576K
***REMOVED***
Event: 164632.986 GC heap before
{Heap before GC invocations=42517 (full 0):
 garbage-first heap   total 4194304K, used 3506017K [0x00000006c0000000, 0x00000006c0204000, 0x00000007c0000000)
  region size 2048K, 393 young (804864K), 11 survivors (22528K)
 Metaspace       used 914730K, capacity 961757K, committed 962308K, reserved 1861632K
  class space    used 142110K, capacity 149182K, committed 149308K, reserved 1048576K
Event: 164633.070 GC heap after
Heap after GC invocations=42518 (full 0):
 garbage-first heap   total 4194304K, used 2728801K [0x00000006c0000000, 0x00000006c0204000, 0x00000007c0000000)
  region size 2048K, 13 young (26624K), 13 survivors (26624K)
 Metaspace       used 914730K, capacity 961757K, committed 962308K, reserved 1861632K
  class space    used 142110K, capacity 149182K, committed 149308K, reserved 1048576K
***REMOVED***
Event: 164636.987 GC heap before
{Heap before GC invocations=42518 (full 0):
 garbage-first heap   total 4194304K, used 3502945K [0x00000006c0000000, 0x00000006c0204000, 0x00000007c0000000)
  region size 2048K, 391 young (800768K), 13 survivors (26624K)
 Metaspace       used 914730K, capacity 961757K, committed 962308K, reserved 1861632K
  class space    used 142110K, capacity 149182K, committed 149308K, reserved 1048576K
Event: 164637.085 GC heap after
Heap after GC invocations=42519 (full 0):
 garbage-first heap   total 4194304K, used 2723681K [0x00000006c0000000, 0x00000006c0204000, 0x00000007c0000000)
  region size 2048K, 11 young (22528K), 11 survivors (22528K)
 Metaspace       used 914730K, capacity 961757K, committed 962308K, reserved 1861632K
  class space    used 142110K, capacity 149182K, committed 149308K, reserved 1048576K
***REMOVED***

