GC Heap History (20 events):
Event: 67.512 GC heap before
{Heap before GC invocations=31 (full 0):
 garbage-first heap   total 3145728K, used 1260268K [0x0000000700000000, 0x0000000800000000)
  region size 1024K, 952 young (974848K), 62 survivors (63488K)
 Metaspace       used 184342K, capacity 192427K, committed 194020K, reserved 1220608K
  class space    used 20269K, capacity 22993K, committed 23064K, reserved 1048576K
***REMOVED***
Event: 67.623 GC heap after
{Heap after GC invocations=32 (full 0):
 garbage-first heap   total 3145728K, used 356545K [0x0000000700000000, 0x0000000800000000)
  region size 1024K, 58 young (59392K), 58 survivors (59392K)
 Metaspace       used 184342K, capacity 192427K, committed 194020K, reserved 1220608K
  class space    used 20269K, capacity 22993K, committed 23064K, reserved 1048576K
***REMOVED***
Event: 70.241 GC heap before
{Heap before GC invocations=32 (full 0):
 garbage-first heap   total 3145728K, used 1349825K [0x0000000700000000, 0x0000000800000000)
  region size 1024K, 1028 young (1052672K), 58 survivors (59392K)
 Metaspace       used 189415K, capacity 197582K, committed 199140K, reserved 1224704K
  class space    used 20558K, capacity 23281K, committed 23320K, reserved 1048576K
***REMOVED***
Event: 70.319 GC heap after
{Heap after GC invocations=33 (full 0):
 garbage-first heap   total 3145728K, used 364737K [0x0000000700000000, 0x0000000800000000)
  region size 1024K, 66 young (67584K), 66 survivors (67584K)
 Metaspace       used 189415K, capacity 197582K, committed 199140K, reserved 1224704K
  class space    used 20558K, capacity 23281K, committed 23320K, reserved 1048576K
***REMOVED***
Event: 76.179 GC heap before
{Heap before GC invocations=33 (full 0):
 garbage-first heap   total 3145728K, used 1508545K [0x0000000700000000, 0x0000000800000000)
  region size 1024K, 1184 young (1212416K), 66 survivors (67584K)
 Metaspace       used 205216K, capacity 213490K, committed 215268K, reserved 1239040K
  class space    used 22007K, capacity 24799K, committed 24856K, reserved 1048576K
***REMOVED***
Event: 76.371 GC heap after
{Heap after GC invocations=34 (full 0):
 garbage-first heap   total 3145728K, used 418497K [0x0000000700000000, 0x0000000800000000)
  region size 1024K, 118 young (120832K), 118 survivors (120832K)
 Metaspace       used 205216K, capacity 213490K, committed 215268K, reserved 1239040K
  class space    used 22007K, capacity 24799K, committed 24856K, reserved 1048576K
***REMOVED***
Event: 79.788 GC heap before
{Heap before GC invocations=34 (full 0):
 garbage-first heap   total 3145728K, used 1218241K [0x0000000700000000, 0x0000000800000000)
  region size 1024K, 900 young (921600K), 118 survivors (120832K)
 Metaspace       used 226140K, capacity 234480K, committed 236756K, reserved 1259520K
  class space    used 23436K, capacity 26264K, committed 26376K, reserved 1048576K
***REMOVED***
Event: 79.999 GC heap after
{Heap after GC invocations=35 (full 0):
 garbage-first heap   total 3145728K, used 423919K [0x0000000700000000, 0x0000000800000000)
  region size 1024K, 75 young (76800K), 75 survivors (76800K)
 Metaspace       used 226140K, capacity 234480K, committed 236756K, reserved 1259520K
  class space    used 23436K, capacity 26264K, committed 26376K, reserved 1048576K
***REMOVED***
Event: 82.740 GC heap before
{Heap before GC invocations=36 (full 0):
 garbage-first heap   total 3145728K, used 824303K [0x0000000700000000, 0x0000000800000000)
  region size 1024K, 481 young (492544K), 75 survivors (76800K)
 Metaspace       used 238116K, capacity 246526K, committed 249028K, reserved 1271808K
  class space    used 24372K, capacity 27244K, committed 27244K, reserved 1048576K
***REMOVED***
Event: 82.886 GC heap after
{Heap after GC invocations=37 (full 0):
 garbage-first heap   total 3145728K, used 414207K [0x0000000700000000, 0x0000000800000000)
  region size 1024K, 11 young (11264K), 11 survivors (11264K)
 Metaspace       used 238116K, capacity 246526K, committed 249028K, reserved 1271808K
  class space    used 24372K, capacity 27244K, committed 27244K, reserved 1048576K
***REMOVED***
Event: 121.639 GC heap before
{Heap before GC invocations=38 (full 0):
 garbage-first heap   total 3145728K, used 2071039K [0x0000000700000000, 0x0000000800000000)
  region size 1024K, 1626 young (1665024K), 11 survivors (11264K)
 Metaspace       used 270373K, capacity 279910K, committed 280260K, reserved 1298432K
  class space    used 27801K, capacity 30979K, committed 31084K, reserved 1048576K
***REMOVED***
Event: 121.806 GC heap after
{Heap after GC invocations=39 (full 0):
 garbage-first heap   total 3145728K, used 500223K [0x0000000700000000, 0x0000000800000000)
  region size 1024K, 95 young (97280K), 95 survivors (97280K)
 Metaspace       used 270373K, capacity 279910K, committed 280260K, reserved 1298432K
  class space    used 27801K, capacity 30979K, committed 31084K, reserved 1048576K
***REMOVED***
Event: 129.975 GC heap before
{Heap before GC invocations=39 (full 0):
 garbage-first heap   total 3145728K, used 1053183K [0x0000000700000000, 0x0000000800000000)
  region size 1024K, 635 young (650240K), 95 survivors (97280K)
 Metaspace       used 289674K, capacity 300470K, committed 300740K, reserved 1316864K
  class space    used 29602K, capacity 33115K, committed 33132K, reserved 1048576K
***REMOVED***
Event: 130.188 GC heap after
{Heap after GC invocations=40 (full 0):
 garbage-first heap   total 3145728K, used 527871K [0x0000000700000000, 0x0000000800000000)
  region size 1024K, 50 young (51200K), 50 survivors (51200K)
 Metaspace       used 289674K, capacity 300470K, committed 300740K, reserved 1316864K
  class space    used 29602K, capacity 33115K, committed 33132K, reserved 1048576K
***REMOVED***
Event: 299.594 GC heap before
{Heap before GC invocations=40 (full 0):
 garbage-first heap   total 3145728K, used 1347071K [0x0000000700000000, 0x0000000800000000)
  region size 1024K, 851 young (871424K), 50 survivors (51200K)
 Metaspace       used 297301K, capacity 308416K, committed 308548K, reserved 1325056K
  class space    used 30300K, capacity 33925K, committed 34028K, reserved 1048576K
***REMOVED***
Event: 299.677 GC heap after
{Heap after GC invocations=41 (full 0):
 garbage-first heap   total 3145728K, used 542719K [0x0000000700000000, 0x0000000800000000)
  region size 1024K, 64 young (65536K), 64 survivors (65536K)
 Metaspace       used 297301K, capacity 308416K, committed 308548K, reserved 1325056K
  class space    used 30300K, capacity 33925K, committed 34028K, reserved 1048576K
***REMOVED***
Event: 337.197 GC heap before
{Heap before GC invocations=41 (full 0):
 garbage-first heap   total 3145728K, used 1511423K [0x0000000700000000, 0x0000000800000000)
  region size 1024K, 979 young (1002496K), 64 survivors (65536K)
 Metaspace       used 301969K, capacity 313406K, committed 313796K, reserved 1329152K
  class space    used 30826K, capacity 34585K, committed 34668K, reserved 1048576K
***REMOVED***
Event: 337.460 GC heap after
{Heap after GC invocations=42 (full 0):
 garbage-first heap   total 3145728K, used 691199K [0x0000000700000000, 0x0000000800000000)
  region size 1024K, 123 young (125952K), 123 survivors (125952K)
 Metaspace       used 301969K, capacity 313406K, committed 313796K, reserved 1329152K
  class space    used 30826K, capacity 34585K, committed 34668K, reserved 1048576K
***REMOVED***
Event: 342.639 GC heap before
{Heap before GC invocations=42 (full 0):
 garbage-first heap   total 3145728K, used 1297407K [0x0000000700000000, 0x0000000800000000)
  region size 1024K, 696 young (712704K), 123 survivors (125952K)
 Metaspace       used 302001K, capacity 313470K, committed 313796K, reserved 1329152K
  class space    used 30826K, capacity 34585K, committed 34668K, reserved 1048576K
***REMOVED***
Event: 342.956 GC heap after
{Heap after GC invocations=43 (full 0):
 garbage-first heap   total 3145728K, used 806525K [0x0000000700000000, 0x0000000800000000)
  region size 1024K, 87 young (89088K), 87 survivors (89088K)
 Metaspace       used 302001K, capacity 313470K, committed 313796K, reserved 1329152K
  class space    used 30826K, capacity 34585K, committed 34668K, reserved 1048576K
***REMOVED***

