# JRE version: OpenJDK Runtime Environment (8.0_282-b08) (build 1.8.0_282-b08)
# Java VM: OpenJDK 64-Bit Server VM (25.282-b08 mixed mode linux-amd64 compressed oops)
Heap:
 PSYoungGen      total 274432K, used 20833K [0x00000000e0000000, 0x0000000100000000, 0x0000000100000000)
  eden space 252928K, 0% used [0x00000000e0000000,0x00000000e0000000,0x00000000ef700000)
  from space 21504K, 96% used [0x00000000efa00000,0x00000000f0e58660,0x00000000f0f00000)
  to   space 14336K, 0% used [0x00000000f1600000,0x00000000f1600000,0x00000000f2400000)
 ParOldGen       total 349696K, used 18679K [0x00000000a0000000, 0x00000000b5580000, 0x00000000e0000000)
  object space 349696K, 5% used [0x00000000a0000000,0x00000000a123df78,0x00000000b5580000)
 Metaspace       used 34755K, capacity 35111K, committed 35496K, reserved 1081344K
  class space    used 4009K, capacity 4118K, committed 4224K, reserved 1048576K
GC Heap History (11 events):
Event: 7.239 GC heap before
{Heap before GC invocations=1 (full 0):
 PSYoungGen      total 153088K, used 131584K [0x00000000e0000000, 0x00000000eaa80000, 0x0000000100000000)
  eden space 131584K, 100% used [0x00000000e0000000,0x00000000e8080000,0x00000000e8080000)
  from space 21504K, 0% used [0x00000000e9580000,0x00000000e9580000,0x00000000eaa80000)
  to   space 21504K, 0% used [0x00000000e8080000,0x00000000e8080000,0x00000000e9580000)
 ParOldGen       total 349696K, used 0K [0x00000000a0000000, 0x00000000b5580000, 0x00000000e0000000)
  object space 349696K, 0% used [0x00000000a0000000,0x00000000a0000000,0x00000000b5580000)
 Metaspace       used 14931K, capacity 15262K, committed 15488K, reserved 1062912K
  class space    used 1551K, capacity 1649K, committed 1664K, reserved 1048576K
Event: 7.259 GC heap after
Heap after GC invocations=1 (full 0):
 PSYoungGen      total 153088K, used 15737K [0x00000000e0000000, 0x00000000eaa80000, 0x0000000100000000)
  eden space 131584K, 0% used [0x00000000e0000000,0x00000000e0000000,0x00000000e8080000)
  from space 21504K, 73% used [0x00000000e8080000,0x00000000e8fde4f8,0x00000000e9580000)
  to   space 21504K, 0% used [0x00000000e9580000,0x00000000e9580000,0x00000000eaa80000)
 ParOldGen       total 349696K, used 80K [0x00000000a0000000, 0x00000000b5580000, 0x00000000e0000000)
  object space 349696K, 0% used [0x00000000a0000000,0x00000000a0014010,0x00000000b5580000)
 Metaspace       used 14931K, capacity 15262K, committed 15488K, reserved 1062912K
  class space    used 1551K, capacity 1649K, committed 1664K, reserved 1048576K
}
Event: 9.356 GC heap before
{Heap before GC invocations=2 (full 0):
 PSYoungGen      total 153088K, used 147321K [0x00000000e0000000, 0x00000000eaa80000, 0x0000000100000000)
  eden space 131584K, 100% used [0x00000000e0000000,0x00000000e8080000,0x00000000e8080000)
  from space 21504K, 73% used [0x00000000e8080000,0x00000000e8fde4f8,0x00000000e9580000)
  to   space 21504K, 0% used [0x00000000e9580000,0x00000000e9580000,0x00000000eaa80000)
 ParOldGen       total 349696K, used 80K [0x00000000a0000000, 0x00000000b5580000, 0x00000000e0000000)
  object space 349696K, 0% used [0x00000000a0000000,0x00000000a0014010,0x00000000b5580000)
 Metaspace       used 20782K, capacity 21067K, committed 21296K, reserved 1069056K
  class space    used 2265K, capacity 2385K, committed 2432K, reserved 1048576K
Event: 9.412 GC heap after
Heap after GC invocations=2 (full 0):
 PSYoungGen      total 153088K, used 21503K [0x00000000e0000000, 0x00000000f2b00000, 0x0000000100000000)
  eden space 131584K, 0% used [0x00000000e0000000,0x00000000e0000000,0x00000000e8080000)
  from space 21504K, 99% used [0x00000000e9580000,0x00000000eaa7fc88,0x00000000eaa80000)
  to   space 21504K, 0% used [0x00000000e8080000,0x00000000e8080000,0x00000000e9580000)
 ParOldGen       total 349696K, used 6215K [0x00000000a0000000, 0x00000000b5580000, 0x00000000e0000000)
  object space 349696K, 1% used [0x00000000a0000000,0x00000000a0611e18,0x00000000b5580000)
 Metaspace       used 20782K, capacity 21067K, committed 21296K, reserved 1069056K
  class space    used 2265K, capacity 2385K, committed 2432K, reserved 1048576K
}
Event: 9.477 GC heap before
{Heap before GC invocations=3 (full 0):
 PSYoungGen      total 153088K, used 45175K [0x00000000e0000000, 0x00000000f2b00000, 0x0000000100000000)
  eden space 131584K, 17% used [0x00000000e0000000,0x00000000e171e200,0x00000000e8080000)
  from space 21504K, 99% used [0x00000000e9580000,0x00000000eaa7fc88,0x00000000eaa80000)
  to   space 21504K, 0% used [0x00000000e8080000,0x00000000e8080000,0x00000000e9580000)
 ParOldGen       total 349696K, used 6215K [0x00000000a0000000, 0x00000000b5580000, 0x00000000e0000000)
  object space 349696K, 1% used [0x00000000a0000000,0x00000000a0611e18,0x00000000b5580000)
 Metaspace       used 20797K, capacity 21131K, committed 21296K, reserved 1069056K
  class space    used 2266K, capacity 2385K, committed 2432K, reserved 1048576K
Event: 9.511 GC heap after
Heap after GC invocations=3 (full 0):
 PSYoungGen      total 153088K, used 18367K [0x00000000e0000000, 0x00000000f2b00000, 0x0000000100000000)
  eden space 131584K, 0% used [0x00000000e0000000,0x00000000e0000000,0x00000000e8080000)
  from space 21504K, 85% used [0x00000000e8080000,0x00000000e926fc58,0x00000000e9580000)
  to   space 21504K, 0% used [0x00000000f1600000,0x00000000f1600000,0x00000000f2b00000)
 ParOldGen       total 349696K, used 6223K [0x00000000a0000000, 0x00000000b5580000, 0x00000000e0000000)
  object space 349696K, 1% used [0x00000000a0000000,0x00000000a0613e18,0x00000000b5580000)
 Metaspace       used 20797K, capacity 21131K, committed 21296K, reserved 1069056K
  class space    used 2266K, capacity 2385K, committed 2432K, reserved 1048576K
}
Event: 9.511 GC heap before
{Heap before GC invocations=4 (full 1):
 PSYoungGen      total 153088K, used 18367K [0x00000000e0000000, 0x00000000f2b00000, 0x0000000100000000)
  eden space 131584K, 0% used [0x00000000e0000000,0x00000000e0000000,0x00000000e8080000)
  from space 21504K, 85% used [0x00000000e8080000,0x00000000e926fc58,0x00000000e9580000)
  to   space 21504K, 0% used [0x00000000f1600000,0x00000000f1600000,0x00000000f2b00000)
 ParOldGen       total 349696K, used 6223K [0x00000000a0000000, 0x00000000b5580000, 0x00000000e0000000)
  object space 349696K, 1% used [0x00000000a0000000,0x00000000a0613e18,0x00000000b5580000)
 Metaspace       used 20797K, capacity 21131K, committed 21296K, reserved 1069056K
  class space    used 2266K, capacity 2385K, committed 2432K, reserved 1048576K
Event: 9.587 GC heap after
Heap after GC invocations=4 (full 1):
 PSYoungGen      total 153088K, used 0K [0x00000000e0000000, 0x00000000f2b00000, 0x0000000100000000)
  eden space 131584K, 0% used [0x00000000e0000000,0x00000000e0000000,0x00000000e8080000)
  from space 21504K, 0% used [0x00000000e8080000,0x00000000e8080000,0x00000000e9580000)
  to   space 21504K, 0% used [0x00000000f1600000,0x00000000f1600000,0x00000000f2b00000)
 ParOldGen       total 349696K, used 18671K [0x00000000a0000000, 0x00000000b5580000, 0x00000000e0000000)
  object space 349696K, 5% used [0x00000000a0000000,0x00000000a123bf78,0x00000000b5580000)
 Metaspace       used 20797K, capacity 21131K, committed 21296K, reserved 1069056K
  class space    used 2266K, capacity 2385K, committed 2432K, reserved 1048576K
}
Event: 15.157 GC heap before
{Heap before GC invocations=5 (full 1):
 PSYoungGen      total 153088K, used 131584K [0x00000000e0000000, 0x00000000f2b00000, 0x0000000100000000)
  eden space 131584K, 100% used [0x00000000e0000000,0x00000000e8080000,0x00000000e8080000)
  from space 21504K, 0% used [0x00000000e8080000,0x00000000e8080000,0x00000000e9580000)
  to   space 21504K, 0% used [0x00000000f1600000,0x00000000f1600000,0x00000000f2b00000)
 ParOldGen       total 349696K, used 18671K [0x00000000a0000000, 0x00000000b5580000, 0x00000000e0000000)
  object space 349696K, 5% used [0x00000000a0000000,0x00000000a123bf78,0x00000000b5580000)
 Metaspace       used 31146K, capacity 31541K, committed 32000K, reserved 1077248K
  class space    used 3585K, capacity 3715K, committed 3840K, reserved 1048576K
Event: 15.183 GC heap after
Heap after GC invocations=5 (full 1):
 PSYoungGen      total 267264K, used 14241K [0x00000000e0000000, 0x00000000f2400000, 0x0000000100000000)
  eden space 252928K, 0% used [0x00000000e0000000,0x00000000e0000000,0x00000000ef700000)
  from space 14336K, 99% used [0x00000000f1600000,0x00000000f23e8688,0x00000000f2400000)
  to   space 21504K, 0% used [0x00000000efa00000,0x00000000efa00000,0x00000000f0f00000)
 ParOldGen       total 349696K, used 18679K [0x00000000a0000000, 0x00000000b5580000, 0x00000000e0000000)
  object space 349696K, 5% used [0x00000000a0000000,0x00000000a123df78,0x00000000b5580000)
 Metaspace       used 31146K, capacity 31541K, committed 32000K, reserved 1077248K
  class space    used 3585K, capacity 3715K, committed 3840K, reserved 1048576K
}
Event: 23.931 GC heap before
{Heap before GC invocations=6 (full 1):
 PSYoungGen      total 267264K, used 143342K [0x00000000e0000000, 0x00000000f2400000, 0x0000000100000000)
  eden space 252928K, 51% used [0x00000000e0000000,0x00000000e7e13498,0x00000000ef700000)
  from space 14336K, 99% used [0x00000000f1600000,0x00000000f23e8688,0x00000000f2400000)
  to   space 21504K, 0% used [0x00000000efa00000,0x00000000efa00000,0x00000000f0f00000)
 ParOldGen       total 349696K, used 18679K [0x00000000a0000000, 0x00000000b5580000, 0x00000000e0000000)
  object space 349696K, 5% used [0x00000000a0000000,0x00000000a123df78,0x00000000b5580000)
 Metaspace       used 34755K, capacity 35111K, committed 35496K, reserved 1081344K
  class space    used 4009K, capacity 4118K, committed 4224K, reserved 1048576K

