# JRE version: OpenJDK Runtime Environment (8.0_151-b12) (build 1.8.0_151-b12)
# Java VM: OpenJDK 64-Bit Server VM (25.151-b12 mixed mode linux-amd64 compressed oops)
Heap:
 garbage-first heap   total 4194304K, used 1780260K [0x00000006c0000000, 0x00000006c0204000, 0x00000007c0000000)
  region size 2048K, 494 young (1011712K), 9 survivors (18432K)
 Metaspace       used 112209K, capacity 120486K, committed 120832K, reserved 1155072K
  class space    used 13328K, capacity 15828K, committed 15872K, reserved 1048576K
GC Heap History (10 events):
Event: 122.761 GC heap before
{Heap before GC invocations=8 (full 0):
 garbage-first heap   total 4194304K, used 939884K [0x00000006c0000000, 0x00000006c0204000, 0x00000007c0000000)
  region size 2048K, 102 young (208896K), 63 survivors (129024K)
 Metaspace       used 107431K, capacity 115720K, committed 116096K, reserved 1148928K
  class space    used 13224K, capacity 15727K, committed 15744K, reserved 1048576K
Event: 122.782 GC heap after
Heap after GC invocations=9 (full 0):
 garbage-first heap   total 4194304K, used 785408K [0x00000006c0000000, 0x00000006c0204000, 0x00000007c0000000)
  region size 2048K, 7 young (14336K), 7 survivors (14336K)
 Metaspace       used 107431K, capacity 115720K, committed 116096K, reserved 1148928K
  class space    used 13224K, capacity 15727K, committed 15744K, reserved 1048576K
}
Event: 253.357 GC heap before
{Heap before GC invocations=9 (full 0):
 garbage-first heap   total 4194304K, used 979968K [0x00000006c0000000, 0x00000006c0204000, 0x00000007c0000000)
  region size 2048K, 102 young (208896K), 7 survivors (14336K)
 Metaspace       used 108444K, capacity 116772K, committed 117248K, reserved 1150976K
  class space    used 13269K, capacity 15769K, committed 15872K, reserved 1048576K
Event: 253.368 GC heap after
Heap after GC invocations=10 (full 0):
 garbage-first heap   total 4194304K, used 784384K [0x00000006c0000000, 0x00000006c0204000, 0x00000007c0000000)
  region size 2048K, 7 young (14336K), 7 survivors (14336K)
 Metaspace       used 108444K, capacity 116772K, committed 117248K, reserved 1150976K
  class space    used 13269K, capacity 15769K, committed 15872K, reserved 1048576K
}
Event: 1187.895 GC heap before
{Heap before GC invocations=10 (full 0):
 garbage-first heap   total 4194304K, used 2910208K [0x00000006c0000000, 0x00000006c0204000, 0x00000007c0000000)
  region size 2048K, 1045 young (2140160K), 7 survivors (14336K)
 Metaspace       used 110687K, capacity 119018K, committed 119296K, reserved 1153024K
  class space    used 13312K, capacity 15818K, committed 15872K, reserved 1048576K
Event: 1187.918 GC heap after
Heap after GC invocations=11 (full 0):
 garbage-first heap   total 4194304K, used 779764K [0x00000006c0000000, 0x00000006c0204000, 0x00000007c0000000)
  region size 2048K, 5 young (10240K), 5 survivors (10240K)
 Metaspace       used 110687K, capacity 119018K, committed 119296K, reserved 1153024K
  class space    used 13312K, capacity 15818K, committed 15872K, reserved 1048576K
}
Event: 2234.170 GC heap before
{Heap before GC invocations=11 (full 0):
 garbage-first heap   total 4194304K, used 3284468K [0x00000006c0000000, 0x00000006c0204000, 0x00000007c0000000)
  region size 2048K, 1228 young (2514944K), 5 survivors (10240K)
 Metaspace       used 111477K, capacity 119682K, committed 120064K, reserved 1153024K
  class space    used 13315K, capacity 15822K, committed 15872K, reserved 1048576K
Event: 2234.198 GC heap after
Heap after GC invocations=12 (full 0):
 garbage-first heap   total 4194304K, used 783799K [0x00000006c0000000, 0x00000006c0204000, 0x00000007c0000000)
  region size 2048K, 7 young (14336K), 7 survivors (14336K)
 Metaspace       used 111477K, capacity 119682K, committed 120064K, reserved 1153024K
  class space    used 13315K, capacity 15822K, committed 15872K, reserved 1048576K
}
Event: 3438.208 GC heap before
{Heap before GC invocations=12 (full 0):
 garbage-first heap   total 4194304K, used 3284407K [0x00000006c0000000, 0x00000006c0204000, 0x00000007c0000000)
  region size 2048K, 1228 young (2514944K), 7 survivors (14336K)
 Metaspace       used 112037K, capacity 120276K, committed 120576K, reserved 1155072K
  class space    used 13326K, capacity 15825K, committed 15872K, reserved 1048576K
Event: 3438.257 GC heap after
Heap after GC invocations=13 (full 0):
 garbage-first heap   total 4194304K, used 789028K [0x00000006c0000000, 0x00000006c0204000, 0x00000007c0000000)
  region size 2048K, 9 young (18432K), 9 survivors (18432K)
 Metaspace       used 112037K, capacity 120276K, committed 120576K, reserved 1155072K
  class space    used 13326K, capacity 15825K, committed 15872K, reserved 1048576K
}

