# JRE version: OpenJDK Runtime Environment (11.0.5+10) (build 11.0.5+10-LTS)
# Java VM: OpenJDK 64-Bit Server VM (11.0.5+10-LTS, mixed mode, sharing, tiered, compressed oops, g1 gc, linux-amd64)
Heap:
 garbage-first heap   total 1933312K, used 1030565K [0x0000000500000000, 0x0000000800000000)
  region size 2048K, 417 young (854016K), 55 survivors (112640K)
 Metaspace       used 147896K, capacity 158479K, committed 159168K, reserved 1189888K
  class space    used 14876K, capacity 18358K, committed 18380K, reserved 1048576K
GC Heap History (20 events):
Event: 11.272 GC heap before
{Heap before GC invocations=9 (full 0):
 garbage-first heap   total 1052672K, used 402222K [0x0000000500000000, 0x0000000800000000)
  region size 2048K, 181 young (370688K), 11 survivors (22528K)
 Metaspace       used 49410K, capacity 54458K, committed 54576K, reserved 1097728K
  class space    used 4891K, capacity 6506K, committed 6528K, reserved 1048576K
}
Event: 11.295 GC heap after
{Heap after GC invocations=10 (full 0):
 garbage-first heap   total 1263616K, used 68516K [0x0000000500000000, 0x0000000800000000)
  region size 2048K, 18 young (36864K), 18 survivors (36864K)
 Metaspace       used 49410K, capacity 54458K, committed 54576K, reserved 1097728K
  class space    used 4891K, capacity 6506K, committed 6528K, reserved 1048576K
}
Event: 11.835 GC heap before
{Heap before GC invocations=10 (full 0):
 garbage-first heap   total 1263616K, used 152484K [0x0000000500000000, 0x0000000800000000)
  region size 2048K, 60 young (122880K), 18 survivors (36864K)
 Metaspace       used 54517K, capacity 60117K, committed 60336K, reserved 1101824K
  class space    used 5504K, capacity 7335K, committed 7424K, reserved 1048576K
}
Event: 11.860 GC heap after
{Heap after GC invocations=11 (full 0):
 garbage-first heap   total 1263616K, used 70197K [0x0000000500000000, 0x0000000800000000)
  region size 2048K, 18 young (36864K), 18 survivors (36864K)
 Metaspace       used 54517K, capacity 60117K, committed 60336K, reserved 1101824K
  class space    used 5504K, capacity 7335K, committed 7424K, reserved 1048576K
}
Event: 14.277 GC heap before
{Heap before GC invocations=12 (full 0):
 garbage-first heap   total 1263616K, used 612917K [0x0000000500000000, 0x0000000800000000)
  region size 2048K, 283 young (579584K), 18 survivors (36864K)
 Metaspace       used 72215K, capacity 79166K, committed 79440K, reserved 1120256K
  class space    used 7143K, capacity 9349K, committed 9472K, reserved 1048576K
}
Event: 14.303 GC heap after
{Heap after GC invocations=13 (full 0):
 garbage-first heap   total 1263616K, used 72403K [0x0000000500000000, 0x0000000800000000)
  region size 2048K, 19 young (38912K), 19 survivors (38912K)
 Metaspace       used 72215K, capacity 79166K, committed 79440K, reserved 1120256K
  class space    used 7143K, capacity 9349K, committed 9472K, reserved 1048576K
}
Event: 17.823 GC heap before
{Heap before GC invocations=14 (full 0):
 garbage-first heap   total 1263616K, used 791251K [0x0000000500000000, 0x0000000800000000)
  region size 2048K, 370 young (757760K), 19 survivors (38912K)
 Metaspace       used 102272K, capacity 111194K, committed 111440K, reserved 1146880K
  class space    used 10449K, capacity 13526K, committed 13568K, reserved 1048576K
}
Event: 17.868 GC heap after
{Heap after GC invocations=15 (full 0):
 garbage-first heap   total 1263616K, used 88986K [0x0000000500000000, 0x0000000800000000)
  region size 2048K, 27 young (55296K), 27 survivors (55296K)
 Metaspace       used 102272K, capacity 111194K, committed 111440K, reserved 1146880K
  class space    used 10449K, capacity 13526K, committed 13568K, reserved 1048576K
}
Event: 19.415 GC heap before
{Heap before GC invocations=15 (full 0):
 garbage-first heap   total 1263616K, used 805786K [0x0000000500000000, 0x0000000800000000)
  region size 2048K, 370 young (757760K), 27 survivors (55296K)
 Metaspace       used 118448K, capacity 128412K, committed 128848K, reserved 1163264K
  class space    used 12174K, capacity 15510K, committed 15616K, reserved 1048576K
}
Event: 19.480 GC heap after
{Heap after GC invocations=16 (full 0):
 garbage-first heap   total 1517568K, used 124950K [0x0000000500000000, 0x0000000800000000)
  region size 2048K, 39 young (79872K), 39 survivors (79872K)
 Metaspace       used 118448K, capacity 128412K, committed 128848K, reserved 1163264K
  class space    used 12174K, capacity 15510K, committed 15616K, reserved 1048576K
}
Event: 19.736 GC heap before
{Heap before GC invocations=16 (full 0):
 garbage-first heap   total 1517568K, used 296982K [0x0000000500000000, 0x0000000800000000)
  region size 2048K, 125 young (256000K), 39 survivors (79872K)
 Metaspace       used 122445K, capacity 132285K, committed 132816K, reserved 1167360K
  class space    used 12314K, capacity 15618K, committed 15744K, reserved 1048576K
}
Event: 19.795 GC heap after
{Heap after GC invocations=17 (full 0):
 garbage-first heap   total 1517568K, used 123176K [0x0000000500000000, 0x0000000800000000)
  region size 2048K, 28 young (57344K), 28 survivors (57344K)
 Metaspace       used 122445K, capacity 132285K, committed 132816K, reserved 1167360K
  class space    used 12314K, capacity 15618K, committed 15744K, reserved 1048576K
}
Event: 21.537 GC heap before
{Heap before GC invocations=18 (full 0):
 garbage-first heap   total 1517568K, used 979240K [0x0000000500000000, 0x0000000800000000)
  region size 2048K, 444 young (909312K), 28 survivors (57344K)
 Metaspace       used 138824K, capacity 149119K, committed 149952K, reserved 1181696K
  class space    used 14103K, capacity 17508K, committed 17612K, reserved 1048576K
}
Event: 21.617 GC heap after
{Heap after GC invocations=19 (full 0):
 garbage-first heap   total 1517568K, used 171304K [0x0000000500000000, 0x0000000800000000)
  region size 2048K, 50 young (102400K), 50 survivors (102400K)
 Metaspace       used 138824K, capacity 149119K, committed 149952K, reserved 1181696K
  class space    used 14103K, capacity 17508K, committed 17612K, reserved 1048576K
}
Event: 22.044 GC heap before
{Heap before GC invocations=20 (full 0):
 garbage-first heap   total 1517568K, used 359720K [0x0000000500000000, 0x0000000800000000)
  region size 2048K, 141 young (288768K), 50 survivors (102400K)
 Metaspace       used 140187K, capacity 150495K, committed 151360K, reserved 1183744K
  class space    used 14190K, capacity 17604K, committed 17740K, reserved 1048576K
}
Event: 22.088 GC heap after
{Heap after GC invocations=21 (full 0):
 garbage-first heap   total 1517568K, used 187813K [0x0000000500000000, 0x0000000800000000)
  region size 2048K, 10 young (20480K), 10 survivors (20480K)
 Metaspace       used 140187K, capacity 150495K, committed 151360K, reserved 1183744K
  class space    used 14190K, capacity 17604K, committed 17740K, reserved 1048576K
}
Event: 22.948 GC heap before
{Heap before GC invocations=21 (full 0):
 garbage-first heap   total 1517568K, used 662949K [0x0000000500000000, 0x0000000800000000)
  region size 2048K, 240 young (491520K), 10 survivors (20480K)
 Metaspace       used 142254K, capacity 152679K, committed 153536K, reserved 1185792K
  class space    used 14382K, capacity 17839K, committed 17868K, reserved 1048576K
}
Event: 22.972 GC heap after
{Heap after GC invocations=22 (full 0):
 garbage-first heap   total 1933312K, used 225701K [0x0000000500000000, 0x0000000800000000)
  region size 2048K, 26 young (53248K), 26 survivors (53248K)
 Metaspace       used 142254K, capacity 152679K, committed 153536K, reserved 1185792K
  class space    used 14382K, capacity 17839K, committed 17868K, reserved 1048576K
}
Event: 26.699 GC heap before
{Heap before GC invocations=22 (full 0):
 garbage-first heap   total 1933312K, used 1343909K [0x0000000500000000, 0x0000000800000000)
  region size 2048K, 505 young (1034240K), 26 survivors (53248K)
 Metaspace       used 143910K, capacity 154395K, committed 155072K, reserved 1185792K
  class space    used 14536K, capacity 18020K, committed 18124K, reserved 1048576K
}
Event: 26.740 GC heap after
{Heap after GC invocations=23 (full 0):
 garbage-first heap   total 1933312K, used 289189K [0x0000000500000000, 0x0000000800000000)
  region size 2048K, 55 young (112640K), 55 survivors (112640K)
 Metaspace       used 143910K, capacity 154395K, committed 155072K, reserved 1185792K
  class space    used 14536K, capacity 18020K, committed 18124K, reserved 1048576K
}

