# JRE version: Java(TM) SE Runtime Environment (8.0_231-b11) (build 1.8.0_231-b11)
# Java VM: Java HotSpot(TM) 64-Bit Server VM (25.231-b11 mixed mode solaris-sparc compressed oops)
Heap:
 garbage-first heap   total 7340032K, used 3910921K [0x00000001c0000000, 0x00000001c0207000, 0x0000000380000000)
  region size 2048K, 1107 young (2267136K), 238 survivors (487424K)
 Metaspace       used 1305540K, capacity 5215120K, committed 5216384K, reserved 7172096K
  class space    used 80188K, capacity 142350K, committed 143232K, reserved 2097152K
GC Heap History (10 events):
Event: 259374.224 GC heap before
{Heap before GC invocations=16200 (full 45):
 garbage-first heap   total 7340032K, used 5831945K [0x00000001c0000000, 0x00000001c0207000, 0x0000000380000000)
  region size 2048K, 2151 young (4405248K), 234 survivors (479232K)
 Metaspace       used 1292345K, capacity 5158148K, committed 5160576K, reserved 7114752K
  class space    used 79462K, capacity 140962K, committed 143232K, reserved 2097152K
Event: 259375.073 GC heap after
Heap after GC invocations=16201 (full 45):
 garbage-first heap   total 7340032K, used 1947913K [0x00000001c0000000, 0x00000001c0207000, 0x0000000380000000)
  region size 2048K, 232 young (475136K), 232 survivors (475136K)
 Metaspace       used 1292345K, capacity 5158148K, committed 5160576K, reserved 7114752K
  class space    used 79462K, capacity 140962K, committed 143232K, reserved 2097152K
}
Event: 259391.376 GC heap before
{Heap before GC invocations=16201 (full 45):
 garbage-first heap   total 7340032K, used 5875977K [0x00000001c0000000, 0x00000001c0207000, 0x0000000380000000)
  region size 2048K, 2150 young (4403200K), 232 survivors (475136K)
 Metaspace       used 1295215K, capacity 5170530K, committed 5172864K, reserved 7127040K
  class space    used 79620K, capacity 141264K, committed 143232K, reserved 2097152K
Event: 259392.215 GC heap after
Heap after GC invocations=16202 (full 45):
 garbage-first heap   total 7340032K, used 1988873K [0x00000001c0000000, 0x00000001c0207000, 0x0000000380000000)
  region size 2048K, 232 young (475136K), 232 survivors (475136K)
 Metaspace       used 1295215K, capacity 5170530K, committed 5172864K, reserved 7127040K
  class space    used 79620K, capacity 141264K, committed 143232K, reserved 2097152K
}
Event: 259410.099 GC heap before
{Heap before GC invocations=16202 (full 45):
 garbage-first heap   total 7340032K, used 5916937K [0x00000001c0000000, 0x00000001c0207000, 0x0000000380000000)
  region size 2048K, 2151 young (4405248K), 232 survivors (475136K)
 Metaspace       used 1298339K, capacity 5184106K, committed 5185920K, reserved 7141376K
  class space    used 79792K, capacity 141592K, committed 143232K, reserved 2097152K
Event: 259410.983 GC heap after
Heap after GC invocations=16203 (full 45):
 garbage-first heap   total 7340032K, used 2044169K [0x00000001c0000000, 0x00000001c0207000, 0x0000000380000000)
  region size 2048K, 238 young (487424K), 238 survivors (487424K)
 Metaspace       used 1298339K, capacity 5184106K, committed 5185920K, reserved 7141376K
  class space    used 79792K, capacity 141592K, committed 143232K, reserved 2097152K
}
Event: 259429.372 GC heap before
{Heap before GC invocations=16203 (full 45):
 garbage-first heap   total 7340032K, used 5959945K [0x00000001c0000000, 0x00000001c0207000, 0x0000000380000000)
  region size 2048K, 2151 young (4405248K), 238 survivors (487424K)
 Metaspace       used 1301590K, capacity 5198128K, committed 5199744K, reserved 7153664K
  class space    used 79971K, capacity 141934K, committed 143232K, reserved 2097152K
Event: 259430.230 GC heap after
Heap after GC invocations=16204 (full 45):
 garbage-first heap   total 7340032K, used 2086153K [0x00000001c0000000, 0x00000001c0207000, 0x0000000380000000)
  region size 2048K, 239 young (489472K), 239 survivors (489472K)
 Metaspace       used 1301590K, capacity 5198128K, committed 5199744K, reserved 7153664K
  class space    used 79971K, capacity 141934K, committed 143232K, reserved 2097152K
}
Event: 259445.688 GC heap before
{Heap before GC invocations=16204 (full 45):
 garbage-first heap   total 7340032K, used 5999881K [0x00000001c0000000, 0x00000001c0207000, 0x0000000380000000)
  region size 2048K, 2150 young (4403200K), 239 survivors (489472K)
 Metaspace       used 1304191K, capacity 5209298K, committed 5210496K, reserved 7165952K
  class space    used 80114K, capacity 142208K, committed 143232K, reserved 2097152K
Event: 259446.565 GC heap after
Heap after GC invocations=16205 (full 45):
 garbage-first heap   total 7340032K, used 2133257K [0x00000001c0000000, 0x00000001c0207000, 0x0000000380000000)
  region size 2048K, 238 young (487424K), 238 survivors (487424K)
 Metaspace       used 1304191K, capacity 5209298K, committed 5210496K, reserved 7165952K
  class space    used 80114K, capacity 142208K, committed 143232K, reserved 2097152K
}

