# JRE version: Java(TM) SE Runtime Environment (8.0_281-b09) (build 1.8.0_281-b09)
# Java VM: Java HotSpot(TM) 64-Bit Server VM (25.281-b09 mixed mode linux-amd64 compressed oops)
Heap:
 PSYoungGen      total 594432K, used 99223K [0x00000000d5580000, 0x0000000100000000, 0x0000000100000000)
  eden space 548352K, 9% used [0x00000000d5580000,0x00000000d89b8028,0x00000000f6d00000)
  from space 46080K, 99% used [0x00000000f6d00000,0x00000000f99adc00,0x00000000f9a00000)
  to   space 76288K, 0% used [0x00000000fb580000,0x00000000fb580000,0x0000000100000000)
 ParOldGen       total 1398272K, used 37520K [0x0000000080000000, 0x00000000d5580000, 0x00000000d5580000)
  object space 1398272K, 2% used [0x0000000080000000,0x00000000824a4368,0x00000000d5580000)
 Metaspace       used 30141K, capacity 30728K, committed 30976K, reserved 1077248K
  class space    used 3390K, capacity 3550K, committed 3584K, reserved 1048576K
GC Heap History (10 events):
Event: 360.019 GC heap before
{Heap before GC invocations=14 (full 1):
 PSYoungGen      total 629248K, used 612439K [0x00000000d5580000, 0x0000000100000000, 0x0000000100000000)
  eden space 567808K, 100% used [0x00000000d5580000,0x00000000f8000000,0x00000000f8000000)
  from space 61440K, 72% used [0x00000000fc400000,0x00000000fef95cd0,0x0000000100000000)
  to   space 65536K, 0% used [0x00000000f8000000,0x00000000f8000000,0x00000000fc000000)
 ParOldGen       total 1398272K, used 37512K [0x0000000080000000, 0x00000000d5580000, 0x00000000d5580000)
  object space 1398272K, 2% used [0x0000000080000000,0x00000000824a2368,0x00000000d5580000)
 Metaspace       used 30140K, capacity 30728K, committed 30976K, reserved 1077248K
  class space    used 3390K, capacity 3550K, committed 3584K, reserved 1048576K
Event: 360.053 GC heap after
Heap after GC invocations=14 (full 1):
 PSYoungGen      total 613888K, used 45786K [0x00000000d5580000, 0x0000000100000000, 0x0000000100000000)
  eden space 567808K, 0% used [0x00000000d5580000,0x00000000d5580000,0x00000000f8000000)
  from space 46080K, 99% used [0x00000000f8000000,0x00000000facb6850,0x00000000fad00000)
  to   space 69632K, 0% used [0x00000000fbc00000,0x00000000fbc00000,0x0000000100000000)
 ParOldGen       total 1398272K, used 37512K [0x0000000080000000, 0x00000000d5580000, 0x00000000d5580000)
  object space 1398272K, 2% used [0x0000000080000000,0x00000000824a2368,0x00000000d5580000)
 Metaspace       used 30140K, capacity 30728K, committed 30976K, reserved 1077248K
  class space    used 3390K, capacity 3550K, committed 3584K, reserved 1048576K
}
Event: 370.989 GC heap before
{Heap before GC invocations=15 (full 1):
 PSYoungGen      total 613888K, used 613594K [0x00000000d5580000, 0x0000000100000000, 0x0000000100000000)
  eden space 567808K, 100% used [0x00000000d5580000,0x00000000f8000000,0x00000000f8000000)
  from space 46080K, 99% used [0x00000000f8000000,0x00000000facb6850,0x00000000fad00000)
  to   space 69632K, 0% used [0x00000000fbc00000,0x00000000fbc00000,0x0000000100000000)
 ParOldGen       total 1398272K, used 37512K [0x0000000080000000, 0x00000000d5580000, 0x00000000d5580000)
  object space 1398272K, 2% used [0x0000000080000000,0x00000000824a2368,0x00000000d5580000)
 Metaspace       used 30140K, capacity 30728K, committed 30976K, reserved 1077248K
  class space    used 3390K, capacity 3550K, committed 3584K, reserved 1048576K
Event: 371.028 GC heap after
Heap after GC invocations=15 (full 1):
 PSYoungGen      total 624128K, used 45783K [0x00000000d5580000, 0x0000000100000000, 0x0000000100000000)
  eden space 554496K, 0% used [0x00000000d5580000,0x00000000d5580000,0x00000000f7300000)
  from space 69632K, 65% used [0x00000000fbc00000,0x00000000fe8b5f10,0x0000000100000000)
  to   space 72192K, 0% used [0x00000000f7300000,0x00000000f7300000,0x00000000fb980000)
 ParOldGen       total 1398272K, used 37520K [0x0000000080000000, 0x00000000d5580000, 0x00000000d5580000)
  object space 1398272K, 2% used [0x0000000080000000,0x00000000824a4368,0x00000000d5580000)
 Metaspace       used 30140K, capacity 30728K, committed 30976K, reserved 1077248K
  class space    used 3390K, capacity 3550K, committed 3584K, reserved 1048576K
}
Event: 383.282 GC heap before
{Heap before GC invocations=16 (full 1):
 PSYoungGen      total 624128K, used 600279K [0x00000000d5580000, 0x0000000100000000, 0x0000000100000000)
  eden space 554496K, 100% used [0x00000000d5580000,0x00000000f7300000,0x00000000f7300000)
  from space 69632K, 65% used [0x00000000fbc00000,0x00000000fe8b5f10,0x0000000100000000)
  to   space 72192K, 0% used [0x00000000f7300000,0x00000000f7300000,0x00000000fb980000)
 ParOldGen       total 1398272K, used 37520K [0x0000000080000000, 0x00000000d5580000, 0x00000000d5580000)
  object space 1398272K, 2% used [0x0000000080000000,0x00000000824a4368,0x00000000d5580000)
 Metaspace       used 30140K, capacity 30728K, committed 30976K, reserved 1077248K
  class space    used 3390K, capacity 3550K, committed 3584K, reserved 1048576K
Event: 383.312 GC heap after
Heap after GC invocations=16 (full 1):
 PSYoungGen      total 600576K, used 45767K [0x00000000d5580000, 0x0000000100000000, 0x0000000100000000)
  eden space 554496K, 0% used [0x00000000d5580000,0x00000000d5580000,0x00000000f7300000)
  from space 46080K, 99% used [0x00000000f7300000,0x00000000f9fb1f00,0x00000000fa000000)
  to   space 74240K, 0% used [0x00000000fb780000,0x00000000fb780000,0x0000000100000000)
 ParOldGen       total 1398272K, used 37520K [0x0000000080000000, 0x00000000d5580000, 0x00000000d5580000)
  object space 1398272K, 2% used [0x0000000080000000,0x00000000824a4368,0x00000000d5580000)
 Metaspace       used 30140K, capacity 30728K, committed 30976K, reserved 1077248K
  class space    used 3390K, capacity 3550K, committed 3584K, reserved 1048576K
}
Event: 397.520 GC heap before
{Heap before GC invocations=17 (full 1):
 PSYoungGen      total 600576K, used 600263K [0x00000000d5580000, 0x0000000100000000, 0x0000000100000000)
  eden space 554496K, 100% used [0x00000000d5580000,0x00000000f7300000,0x00000000f7300000)
  from space 46080K, 99% used [0x00000000f7300000,0x00000000f9fb1f00,0x00000000fa000000)
  to   space 74240K, 0% used [0x00000000fb780000,0x00000000fb780000,0x0000000100000000)
 ParOldGen       total 1398272K, used 37520K [0x0000000080000000, 0x00000000d5580000, 0x00000000d5580000)
  object space 1398272K, 2% used [0x0000000080000000,0x00000000824a4368,0x00000000d5580000)
 Metaspace       used 30141K, capacity 30728K, committed 30976K, reserved 1077248K
  class space    used 3390K, capacity 3550K, committed 3584K, reserved 1048576K
Event: 397.551 GC heap after
Heap after GC invocations=17 (full 1):
 PSYoungGen      total 622592K, used 45751K [0x00000000d5580000, 0x0000000100000000, 0x0000000100000000)
  eden space 548352K, 0% used [0x00000000d5580000,0x00000000d5580000,0x00000000f6d00000)
  from space 74240K, 61% used [0x00000000fb780000,0x00000000fe42df10,0x0000000100000000)
  to   space 75264K, 0% used [0x00000000f6d00000,0x00000000f6d00000,0x00000000fb680000)
 ParOldGen       total 1398272K, used 37520K [0x0000000080000000, 0x00000000d5580000, 0x00000000d5580000)
  object space 1398272K, 2% used [0x0000000080000000,0x00000000824a4368,0x00000000d5580000)
 Metaspace       used 30141K, capacity 30728K, committed 30976K, reserved 1077248K
  class space    used 3390K, capacity 3550K, committed 3584K, reserved 1048576K
}
Event: 411.550 GC heap before
{Heap before GC invocations=18 (full 1):
 PSYoungGen      total 622592K, used 594103K [0x00000000d5580000, 0x0000000100000000, 0x0000000100000000)
  eden space 548352K, 100% used [0x00000000d5580000,0x00000000f6d00000,0x00000000f6d00000)
  from space 74240K, 61% used [0x00000000fb780000,0x00000000fe42df10,0x0000000100000000)
  to   space 75264K, 0% used [0x00000000f6d00000,0x00000000f6d00000,0x00000000fb680000)
 ParOldGen       total 1398272K, used 37520K [0x0000000080000000, 0x00000000d5580000, 0x00000000d5580000)
  object space 1398272K, 2% used [0x0000000080000000,0x00000000824a4368,0x00000000d5580000)
 Metaspace       used 30141K, capacity 30728K, committed 30976K, reserved 1077248K
  class space    used 3390K, capacity 3550K, committed 3584K, reserved 1048576K
Event: 411.583 GC heap after
Heap after GC invocations=18 (full 1):
 PSYoungGen      total 594432K, used 45751K [0x00000000d5580000, 0x0000000100000000, 0x0000000100000000)
  eden space 548352K, 0% used [0x00000000d5580000,0x00000000d5580000,0x00000000f6d00000)
  from space 46080K, 99% used [0x00000000f6d00000,0x00000000f99adc00,0x00000000f9a00000)
  to   space 76288K, 0% used [0x00000000fb580000,0x00000000fb580000,0x0000000100000000)
 ParOldGen       total 1398272K, used 37520K [0x0000000080000000, 0x00000000d5580000, 0x00000000d5580000)
  object space 1398272K, 2% used [0x0000000080000000,0x00000000824a4368,0x00000000d5580000)
 Metaspace       used 30141K, capacity 30728K, committed 30976K, reserved 1077248K
  class space    used 3390K, capacity 3550K, committed 3584K, reserved 1048576K
}

