# JRE version: OpenJDK Runtime Environment (Zulu 8.46.0.52-SA-linux64) (8.0_252-b14) (build 1.8.0_252-b14)
# Java VM: OpenJDK 64-Bit Server VM (25.252-b14 mixed mode linux-amd64 compressed oops)
Heap:
 par new generation   total 947392K, used 396580K [0x00000006f9c00000, 0x000000073bd50000, 0x000000073bd50000)
  eden space 812096K,  46% used [0x00000006f9c00000, 0x0000000710f89f10, 0x000000072b510000)
  from space 135296K,  11% used [0x000000072b510000, 0x000000072c4cf2e0, 0x0000000733930000)
  to   space 135296K,   0% used [0x0000000733930000, 0x0000000733930000, 0x000000073bd50000)
 tenured generation   total 2165440K, used 937560K [0x000000073bd50000, 0x00000007c0000000, 0x00000007c0000000)
   the space 2165440K,  43% used [0x000000073bd50000, 0x00000007750e6118, 0x00000007750e6200, 0x00000007c0000000)
 Metaspace       used 243180K, capacity 261654K, committed 262244K, reserved 1275904K
  class space    used 31112K, capacity 35784K, committed 35940K, reserved 1048576K
GC Heap History (10 events):
Event: 553266.746 GC heap before
{Heap before GC invocations=220719 (full 94):
 par new generation   total 947392K, used 828146K [0x00000006f9c00000, 0x000000073bd50000, 0x000000073bd50000)
  eden space 812096K, 100% used [0x00000006f9c00000, 0x000000072b510000, 0x000000072b510000)
  from space 135296K,  11% used [0x0000000733930000, 0x00000007348dc998, 0x000000073bd50000)
  to   space 135296K,   0% used [0x000000072b510000, 0x000000072b510000, 0x0000000733930000)
 tenured generation   total 2165440K, used 934673K [0x000000073bd50000, 0x00000007c0000000, 0x00000007c0000000)
   the space 2165440K,  43% used [0x000000073bd50000, 0x0000000774e145c0, 0x0000000774e14600, 0x00000007c0000000)
 Metaspace       used 243180K, capacity 261654K, committed 262244K, reserved 1275904K
  class space    used 31112K, capacity 35784K, committed 35940K, reserved 1048576K
Event: 553266.756 GC heap after
Heap after GC invocations=220720 (full 94):
 par new generation   total 947392K, used 14065K [0x00000006f9c00000, 0x000000073bd50000, 0x000000073bd50000)
  eden space 812096K,   0% used [0x00000006f9c00000, 0x00000006f9c00000, 0x000000072b510000)
  from space 135296K,  10% used [0x000000072b510000, 0x000000072c2cc610, 0x0000000733930000)
  to   space 135296K,   0% used [0x0000000733930000, 0x0000000733930000, 0x000000073bd50000)
 tenured generation   total 2165440K, used 935793K [0x000000073bd50000, 0x00000007c0000000, 0x00000007c0000000)
   the space 2165440K,  43% used [0x000000073bd50000, 0x0000000774f2c6a8, 0x0000000774f2c800, 0x00000007c0000000)
 Metaspace       used 243180K, capacity 261654K, committed 262244K, reserved 1275904K
  class space    used 31112K, capacity 35784K, committed 35940K, reserved 1048576K
}
Event: 553272.696 GC heap before
{Heap before GC invocations=220720 (full 94):
 par new generation   total 947392K, used 826161K [0x00000006f9c00000, 0x000000073bd50000, 0x000000073bd50000)
  eden space 812096K, 100% used [0x00000006f9c00000, 0x000000072b510000, 0x000000072b510000)
  from space 135296K,  10% used [0x000000072b510000, 0x000000072c2cc610, 0x0000000733930000)
  to   space 135296K,   0% used [0x0000000733930000, 0x0000000733930000, 0x000000073bd50000)
 tenured generation   total 2165440K, used 935793K [0x000000073bd50000, 0x00000007c0000000, 0x00000007c0000000)
   the space 2165440K,  43% used [0x000000073bd50000, 0x0000000774f2c6a8, 0x0000000774f2c800, 0x00000007c0000000)
 Metaspace       used 243180K, capacity 261654K, committed 262244K, reserved 1275904K
  class space    used 31112K, capacity 35784K, committed 35940K, reserved 1048576K
Event: 553272.710 GC heap after
Heap after GC invocations=220721 (full 94):
 par new generation   total 947392K, used 16686K [0x00000006f9c00000, 0x000000073bd50000, 0x000000073bd50000)
  eden space 812096K,   0% used [0x00000006f9c00000, 0x00000006f9c00000, 0x000000072b510000)
  from space 135296K,  12% used [0x0000000733930000, 0x000000073497b828, 0x000000073bd50000)
  to   space 135296K,   0% used [0x000000072b510000, 0x000000072b510000, 0x0000000733930000)
 tenured generation   total 2165440K, used 936499K [0x000000073bd50000, 0x00000007c0000000, 0x00000007c0000000)
   the space 2165440K,  43% used [0x000000073bd50000, 0x0000000774fdcde8, 0x0000000774fdce00, 0x00000007c0000000)
 Metaspace       used 243180K, capacity 261654K, committed 262244K, reserved 1275904K
  class space    used 31112K, capacity 35784K, committed 35940K, reserved 1048576K
}
Event: 553273.388 GC heap before
{Heap before GC invocations=220721 (full 94):
 par new generation   total 947392K, used 828782K [0x00000006f9c00000, 0x000000073bd50000, 0x000000073bd50000)
  eden space 812096K, 100% used [0x00000006f9c00000, 0x000000072b510000, 0x000000072b510000)
  from space 135296K,  12% used [0x0000000733930000, 0x000000073497b828, 0x000000073bd50000)
  to   space 135296K,   0% used [0x000000072b510000, 0x000000072b510000, 0x0000000733930000)
 tenured generation   total 2165440K, used 936499K [0x000000073bd50000, 0x00000007c0000000, 0x00000007c0000000)
   the space 2165440K,  43% used [0x000000073bd50000, 0x0000000774fdcde8, 0x0000000774fdce00, 0x00000007c0000000)
 Metaspace       used 243180K, capacity 261654K, committed 262244K, reserved 1275904K
  class space    used 31112K, capacity 35784K, committed 35940K, reserved 1048576K
Event: 553273.397 GC heap after
Heap after GC invocations=220722 (full 94):
 par new generation   total 947392K, used 15809K [0x00000006f9c00000, 0x000000073bd50000, 0x000000073bd50000)
  eden space 812096K,   0% used [0x00000006f9c00000, 0x00000006f9c00000, 0x000000072b510000)
  from space 135296K,  11% used [0x000000072b510000, 0x000000072c4806d8, 0x0000000733930000)
  to   space 135296K,   0% used [0x0000000733930000, 0x0000000733930000, 0x000000073bd50000)
 tenured generation   total 2165440K, used 937028K [0x000000073bd50000, 0x00000007c0000000, 0x00000007c0000000)
   the space 2165440K,  43% used [0x000000073bd50000, 0x0000000775061108, 0x0000000775061200, 0x00000007c0000000)
 Metaspace       used 243180K, capacity 261654K, committed 262244K, reserved 1275904K
  class space    used 31112K, capacity 35784K, committed 35940K, reserved 1048576K
}
Event: 553274.054 GC heap before
{Heap before GC invocations=220722 (full 94):
 par new generation   total 947392K, used 827905K [0x00000006f9c00000, 0x000000073bd50000, 0x000000073bd50000)
  eden space 812096K, 100% used [0x00000006f9c00000, 0x000000072b510000, 0x000000072b510000)
  from space 135296K,  11% used [0x000000072b510000, 0x000000072c4806d8, 0x0000000733930000)
  to   space 135296K,   0% used [0x0000000733930000, 0x0000000733930000, 0x000000073bd50000)
 tenured generation   total 2165440K, used 937028K [0x000000073bd50000, 0x00000007c0000000, 0x00000007c0000000)
   the space 2165440K,  43% used [0x000000073bd50000, 0x0000000775061108, 0x0000000775061200, 0x00000007c0000000)
 Metaspace       used 243180K, capacity 261654K, committed 262244K, reserved 1275904K
  class space    used 31112K, capacity 35784K, committed 35940K, reserved 1048576K
Event: 553274.063 GC heap after
Heap after GC invocations=220723 (full 94):
 par new generation   total 947392K, used 15584K [0x00000006f9c00000, 0x000000073bd50000, 0x000000073bd50000)
  eden space 812096K,   0% used [0x00000006f9c00000, 0x00000006f9c00000, 0x000000072b510000)
  from space 135296K,  11% used [0x0000000733930000, 0x00000007348682e8, 0x000000073bd50000)
  to   space 135296K,   0% used [0x000000072b510000, 0x000000072b510000, 0x0000000733930000)
 tenured generation   total 2165440K, used 937500K [0x000000073bd50000, 0x00000007c0000000, 0x00000007c0000000)
   the space 2165440K,  43% used [0x000000073bd50000, 0x00000007750d7018, 0x00000007750d7200, 0x00000007c0000000)
 Metaspace       used 243180K, capacity 261654K, committed 262244K, reserved 1275904K
  class space    used 31112K, capacity 35784K, committed 35940K, reserved 1048576K
}
Event: 553279.819 GC heap before
{Heap before GC invocations=220723 (full 94):
 par new generation   total 947392K, used 827680K [0x00000006f9c00000, 0x000000073bd50000, 0x000000073bd50000)
  eden space 812096K, 100% used [0x00000006f9c00000, 0x000000072b510000, 0x000000072b510000)
  from space 135296K,  11% used [0x0000000733930000, 0x00000007348682e8, 0x000000073bd50000)
  to   space 135296K,   0% used [0x000000072b510000, 0x000000072b510000, 0x0000000733930000)
 tenured generation   total 2165440K, used 937500K [0x000000073bd50000, 0x00000007c0000000, 0x00000007c0000000)
   the space 2165440K,  43% used [0x000000073bd50000, 0x00000007750d7018, 0x00000007750d7200, 0x00000007c0000000)
 Metaspace       used 243180K, capacity 261654K, committed 262244K, reserved 1275904K
  class space    used 31112K, capacity 35784K, committed 35940K, reserved 1048576K
Event: 553279.831 GC heap after
Heap after GC invocations=220724 (full 94):
 par new generation   total 947392K, used 16124K [0x00000006f9c00000, 0x000000073bd50000, 0x000000073bd50000)
  eden space 812096K,   0% used [0x00000006f9c00000, 0x00000006f9c00000, 0x000000072b510000)
  from space 135296K,  11% used [0x000000072b510000, 0x000000072c4cf2e0, 0x0000000733930000)
  to   space 135296K,   0% used [0x0000000733930000, 0x0000000733930000, 0x000000073bd50000)
 tenured generation   total 2165440K, used 937560K [0x000000073bd50000, 0x00000007c0000000, 0x00000007c0000000)
   the space 2165440K,  43% used [0x000000073bd50000, 0x00000007750e6118, 0x00000007750e6200, 0x00000007c0000000)
 Metaspace       used 243180K, capacity 261654K, committed 262244K, reserved 1275904K
  class space    used 31112K, capacity 35784K, committed 35940K, reserved 1048576K
}


