GC Heap History (10 events):
Event: 112587.023 GC heap before
{Heap before GC invocations=208 (full 0):
 garbage-first heap   total 15728640K, used 2720924K [0x0000000300000000, 0x0000000300407800, 0x00000006c0000000)
  region size 4096K, 310 young (1269760K), 22 survivors (90112K)
 Metaspace       used 3536565K, capacity 3564495K, committed 3608448K, reserved 4446208K
  class space    used 1248877K, capacity 1255708K, committed 1260672K, reserved 2097152K
Event: 112587.565 GC heap after
Heap after GC invocations=209 (full 0):
 garbage-first heap   total 15728640K, used 1361655K [0x0000000300000000, 0x0000000300407800, 0x00000006c0000000)
  region size 4096K, 25 young (102400K), 25 survivors (102400K)
 Metaspace       used 3536565K, capacity 3564495K, committed 3608448K, reserved 4446208K
  class space    used 1248877K, capacity 1255708K, committed 1260672K, reserved 2097152K
***REMOVED***
Event: 113499.849 GC heap before
{Heap before GC invocations=209 (full 0):
 garbage-first heap   total 15728640K, used 4028151K [0x0000000300000000, 0x0000000300407800, 0x00000006c0000000)
  region size 4096K, 676 young (2768896K), 25 survivors (102400K)
 Metaspace       used 3558708K, capacity 3587017K, committed 3628544K, reserved 4458496K
  class space    used 1256524K, capacity 1263494K, committed 1268224K, reserved 2097152K
Event: 113500.632 GC heap after
Heap after GC invocations=210 (full 0):
 garbage-first heap   total 15728640K, used 1412855K [0x0000000300000000, 0x0000000300407800, 0x00000006c0000000)
  region size 4096K, 38 young (155648K), 38 survivors (155648K)
 Metaspace       used 3558708K, capacity 3587017K, committed 3628544K, reserved 4458496K
  class space    used 1256524K, capacity 1263494K, committed 1268224K, reserved 2097152K
***REMOVED***
Event: 114932.604 GC heap before
{Heap before GC invocations=210 (full 0):
 garbage-first heap   total 15728640K, used 4970234K [0x0000000300000000, 0x0000000300407800, 0x00000006c0000000)
  region size 4096K, 884 young (3620864K), 38 survivors (155648K)
 Metaspace       used 3565749K, capacity 3594187K, committed 3632896K, reserved 4460544K
  class space    used 1258310K, capacity 1265424K, committed 1269760K, reserved 2097152K
Event: 114933.460 GC heap after
Heap after GC invocations=211 (full 0):
 garbage-first heap   total 15728640K, used 1404412K [0x0000000300000000, 0x0000000300407800, 0x00000006c0000000)
  region size 4096K, 35 young (143360K), 35 survivors (143360K)
 Metaspace       used 3565749K, capacity 3594187K, committed 3632896K, reserved 4460544K
  class space    used 1258310K, capacity 1265424K, committed 1269760K, reserved 2097152K
***REMOVED***
Event: 116634.044 GC heap before
{Heap before GC invocations=211 (full 0):
 garbage-first heap   total 15728640K, used 5335612K [0x0000000300000000, 0x0000000300407800, 0x00000006c0000000)
  region size 4096K, 971 young (3977216K), 35 survivors (143360K)
 Metaspace       used 3571890K, capacity 3600617K, committed 3636992K, reserved 4464640K
  class space    used 1259912K, capacity 1267159K, committed 1271296K, reserved 2097152K
Event: 116634.850 GC heap after
Heap after GC invocations=212 (full 0):
 garbage-first heap   total 15728640K, used 1412787K [0x0000000300000000, 0x0000000300407800, 0x00000006c0000000)
  region size 4096K, 34 young (139264K), 34 survivors (139264K)
 Metaspace       used 3571890K, capacity 3600617K, committed 3636992K, reserved 4464640K
  class space    used 1259912K, capacity 1267159K, committed 1271296K, reserved 2097152K
***REMOVED***
Event: 118842.965 GC heap before
{Heap before GC invocations=212 (full 0):
 garbage-first heap   total 15728640K, used 6999731K [0x0000000300000000, 0x0000000300407800, 0x00000006c0000000)
  region size 4096K, 1398 young (5726208K), 34 survivors (139264K)
 Metaspace       used 3572594K, capacity 3601485K, committed 3637248K, reserved 4464640K
  class space    used 1259952K, capacity 1267235K, committed 1271296K, reserved 2097152K
Event: 118843.650 GC heap after
Heap after GC invocations=213 (full 0):
 garbage-first heap   total 15728640K, used 1394898K [0x0000000300000000, 0x0000000300407800, 0x00000006c0000000)
  region size 4096K, 29 young (118784K), 29 survivors (118784K)
 Metaspace       used 3572594K, capacity 3601485K, committed 3637248K, reserved 4464640K
  class space    used 1259952K, capacity 1267235K, committed 1271296K, reserved 2097152K
***REMOVED***

