GC Heap History (20 events):
Event: 49243.575 GC heap before
{Heap before GC invocations=945 (full 0):
 garbage-first heap   total 8388608K, used 7273714K [0x0000000600000000, 0x0000000800000000)
  region size 4096K, 908 young (3719168K), 37 survivors (151552K)
 Metaspace       used 637717K, capacity 666916K, committed 667080K, reserved 1630208K
  class space    used 78338K, capacity 87817K, committed 87920K, reserved 1048576K
***REMOVED***
Event: 49243.656 GC heap after
{Heap after GC invocations=946 (full 0):
 garbage-first heap   total 8388608K, used 3725107K [0x0000000600000000, 0x0000000800000000)
  region size 4096K, 42 young (172032K), 42 survivors (172032K)
 Metaspace       used 637717K, capacity 666916K, committed 667080K, reserved 1630208K
  class space    used 78338K, capacity 87817K, committed 87920K, reserved 1048576K
***REMOVED***
Event: 49248.689 GC heap before
{Heap before GC invocations=946 (full 0):
 garbage-first heap   total 8388608K, used 7268147K [0x0000000600000000, 0x0000000800000000)
  region size 4096K, 907 young (3715072K), 42 survivors (172032K)
 Metaspace       used 637718K, capacity 666916K, committed 667080K, reserved 1630208K
  class space    used 78338K, capacity 87817K, committed 87920K, reserved 1048576K
***REMOVED***
Event: 49248.746 GC heap after
{Heap after GC invocations=947 (full 0):
 garbage-first heap   total 8388608K, used 3694720K [0x0000000600000000, 0x0000000800000000)
  region size 4096K, 34 young (139264K), 34 survivors (139264K)
 Metaspace       used 637718K, capacity 666916K, committed 667080K, reserved 1630208K
  class space    used 78338K, capacity 87817K, committed 87920K, reserved 1048576K
***REMOVED***
Event: 49258.392 GC heap before
{Heap before GC invocations=947 (full 0):
 garbage-first heap   total 8388608K, used 7282816K [0x0000000600000000, 0x0000000800000000)
  region size 4096K, 910 young (3727360K), 34 survivors (139264K)
 Metaspace       used 637720K, capacity 666917K, committed 667080K, reserved 1630208K
  class space    used 78338K, capacity 87817K, committed 87920K, reserved 1048576K
***REMOVED***
Event: 49258.454 GC heap after
{Heap after GC invocations=948 (full 0):
 garbage-first heap   total 8388608K, used 3703567K [0x0000000600000000, 0x0000000800000000)
  region size 4096K, 36 young (147456K), 36 survivors (147456K)
 Metaspace       used 637720K, capacity 666917K, committed 667080K, reserved 1630208K
  class space    used 78338K, capacity 87817K, committed 87920K, reserved 1048576K
***REMOVED***
Event: 49269.526 GC heap before
{Heap before GC invocations=948 (full 0):
 garbage-first heap   total 8388608K, used 7283471K [0x0000000600000000, 0x0000000800000000)
  region size 4096K, 910 young (3727360K), 36 survivors (147456K)
 Metaspace       used 637730K, capacity 666917K, committed 667080K, reserved 1630208K
  class space    used 78338K, capacity 87817K, committed 87920K, reserved 1048576K
***REMOVED***
Event: 49269.596 GC heap after
{Heap after GC invocations=949 (full 0):
 garbage-first heap   total 8388608K, used 3710421K [0x0000000600000000, 0x0000000800000000)
  region size 4096K, 38 young (155648K), 38 survivors (155648K)
 Metaspace       used 637730K, capacity 666917K, committed 667080K, reserved 1630208K
  class space    used 78338K, capacity 87817K, committed 87920K, reserved 1048576K
***REMOVED***
Event: 49275.673 GC heap before
{Heap before GC invocations=949 (full 0):
 garbage-first heap   total 8388608K, used 7470549K [0x0000000600000000, 0x0000000800000000)
  region size 4096K, 909 young (3723264K), 38 survivors (155648K)
 Metaspace       used 637733K, capacity 666917K, committed 667080K, reserved 1630208K
  class space    used 78338K, capacity 87817K, committed 87920K, reserved 1048576K
***REMOVED***
Event: 49275.756 GC heap after
{Heap after GC invocations=950 (full 0):
 garbage-first heap   total 8388608K, used 3741593K [0x0000000600000000, 0x0000000800000000)
  region size 4096K, 41 young (167936K), 41 survivors (167936K)
 Metaspace       used 637733K, capacity 666917K, committed 667080K, reserved 1630208K
  class space    used 78338K, capacity 87817K, committed 87920K, reserved 1048576K
***REMOVED***
Event: 49285.401 GC heap before
{Heap before GC invocations=950 (full 0):
 garbage-first heap   total 8388608K, used 7264153K [0x0000000600000000, 0x0000000800000000)
  region size 4096K, 902 young (3694592K), 41 survivors (167936K)
 Metaspace       used 637733K, capacity 666917K, committed 667080K, reserved 1630208K
  class space    used 78338K, capacity 87817K, committed 87920K, reserved 1048576K
***REMOVED***
Event: 49285.473 GC heap after
{Heap after GC invocations=951 (full 0):
 garbage-first heap   total 8388608K, used 3717681K [0x0000000600000000, 0x0000000800000000)
  region size 4096K, 39 young (159744K), 39 survivors (159744K)
 Metaspace       used 637733K, capacity 666917K, committed 667080K, reserved 1630208K
  class space    used 78338K, capacity 87817K, committed 87920K, reserved 1048576K
***REMOVED***
Event: 49293.840 GC heap before
{Heap before GC invocations=951 (full 0):
 garbage-first heap   total 8388608K, used 7268913K [0x0000000600000000, 0x0000000800000000)
  region size 4096K, 906 young (3710976K), 39 survivors (159744K)
 Metaspace       used 637736K, capacity 666917K, committed 667080K, reserved 1630208K
  class space    used 78338K, capacity 87817K, committed 87920K, reserved 1048576K
***REMOVED***
Event: 49293.906 GC heap after
{Heap after GC invocations=952 (full 0):
 garbage-first heap   total 8388608K, used 3712992K [0x0000000600000000, 0x0000000800000000)
  region size 4096K, 38 young (155648K), 38 survivors (155648K)
 Metaspace       used 637736K, capacity 666917K, committed 667080K, reserved 1630208K
  class space    used 78338K, capacity 87817K, committed 87920K, reserved 1048576K
***REMOVED***
Event: 49302.185 GC heap before
{Heap before GC invocations=952 (full 0):
 garbage-first heap   total 8388608K, used 7268320K [0x0000000600000000, 0x0000000800000000)
  region size 4096K, 906 young (3710976K), 38 survivors (155648K)
 Metaspace       used 637779K, capacity 667061K, committed 667336K, reserved 1630208K
  class space    used 78340K, capacity 87820K, committed 87920K, reserved 1048576K
***REMOVED***
Event: 49302.282 GC heap after
{Heap after GC invocations=953 (full 0):
 garbage-first heap   total 8388608K, used 3747087K [0x0000000600000000, 0x0000000800000000)
  region size 4096K, 46 young (188416K), 46 survivors (188416K)
 Metaspace       used 637779K, capacity 667061K, committed 667336K, reserved 1630208K
  class space    used 78340K, capacity 87820K, committed 87920K, reserved 1048576K
***REMOVED***
Event: 49314.956 GC heap before
{Heap before GC invocations=953 (full 0):
 garbage-first heap   total 8388608K, used 7245071K [0x0000000600000000, 0x0000000800000000)
  region size 4096K, 900 young (3686400K), 46 survivors (188416K)
 Metaspace       used 637779K, capacity 667061K, committed 667336K, reserved 1630208K
  class space    used 78340K, capacity 87820K, committed 87920K, reserved 1048576K
***REMOVED***
Event: 49315.010 GC heap after
{Heap after GC invocations=954 (full 0):
 garbage-first heap   total 8388608K, used 3702784K [0x0000000600000000, 0x0000000800000000)
  region size 4096K, 34 young (139264K), 34 survivors (139264K)
 Metaspace       used 637779K, capacity 667061K, committed 667336K, reserved 1630208K
  class space    used 78340K, capacity 87820K, committed 87920K, reserved 1048576K
***REMOVED***
Event: 49329.810 GC heap before
{Heap before GC invocations=954 (full 0):
 garbage-first heap   total 8388608K, used 7409664K [0x0000000600000000, 0x0000000800000000)
  region size 4096K, 888 young (3637248K), 34 survivors (139264K)
 Metaspace       used 637780K, capacity 667061K, committed 667336K, reserved 1630208K
  class space    used 78340K, capacity 87820K, committed 87920K, reserved 1048576K
***REMOVED***
Event: 49329.864 GC heap after
{Heap after GC invocations=955 (full 0):
 garbage-first heap   total 8388608K, used 3753254K [0x0000000600000000, 0x0000000800000000)
  region size 4096K, 32 young (131072K), 32 survivors (131072K)
 Metaspace       used 637780K, capacity 667061K, committed 667336K, reserved 1630208K
  class space    used 78340K, capacity 87820K, committed 87920K, reserved 1048576K
***REMOVED***

