# JRE version: OpenJDK Runtime Environment (8.0_262-b10) (build 1.8.0_262-b10)
# Java VM: OpenJDK 64-Bit Server VM (25.262-b10 mixed mode linux-amd64 compressed oops)
Heap:
 PSYoungGen      total 244736K, used 103751K [0x00000000eab00000, 0x0000000100000000, 0x0000000100000000)
  eden space 141312K, 24% used [0x00000000eab00000,0x00000000ecc7aef8,0x00000000f3500000)
  from space 103424K, 67% used [0x00000000f9b00000,0x00000000fded6e68,0x0000000100000000)
  to   space 103936K, 0% used [0x00000000f3500000,0x00000000f3500000,0x00000000f9a80000)
 ParOldGen       total 699392K, used 91187K [0x00000000c0000000, 0x00000000eab00000, 0x00000000eab00000)
  object space 699392K, 13% used [0x00000000c0000000,0x00000000c590cc08,0x00000000eab00000)
 Metaspace       used 139716K, capacity 155778K, committed 155992K, reserved 1183744K
  class space    used 16686K, capacity 21027K, committed 21080K, reserved 1048576K
GC Heap History (48 events):
Event: 1.905 GC heap before
{Heap before GC invocations=1 (full 0):
 PSYoungGen      total 153088K, used 116252K [0x00000000eab00000, 0x00000000f5580000, 0x0000000100000000)
  eden space 131584K, 88% used [0x00000000eab00000,0x00000000f1c87328,0x00000000f2b80000)
  from space 21504K, 0% used [0x00000000f4080000,0x00000000f4080000,0x00000000f5580000)
  to   space 21504K, 0% used [0x00000000f2b80000,0x00000000f2b80000,0x00000000f4080000)
 ParOldGen       total 349696K, used 0K [0x00000000c0000000, 0x00000000d5580000, 0x00000000eab00000)
  object space 349696K, 0% used [0x00000000c0000000,0x00000000c0000000,0x00000000d5580000)
 Metaspace       used 19510K, capacity 21116K, committed 21248K, reserved 1069056K
  class space    used 1971K, capacity 2479K, committed 2560K, reserved 1048576K
Event: 1.941 GC heap after
Heap after GC invocations=1 (full 0):
 PSYoungGen      total 153088K, used 21493K [0x00000000eab00000, 0x00000000fd600000, 0x0000000100000000)
  eden space 131584K, 0% used [0x00000000eab00000,0x00000000eab00000,0x00000000f2b80000)
  from space 21504K, 99% used [0x00000000f2b80000,0x00000000f407d4c0,0x00000000f4080000)
  to   space 21504K, 0% used [0x00000000fc100000,0x00000000fc100000,0x00000000fd600000)
 ParOldGen       total 349696K, used 6340K [0x00000000c0000000, 0x00000000d5580000, 0x00000000eab00000)
  object space 349696K, 1% used [0x00000000c0000000,0x00000000c06311f0,0x00000000d5580000)
 Metaspace       used 19510K, capacity 21116K, committed 21248K, reserved 1069056K
  class space    used 1971K, capacity 2479K, committed 2560K, reserved 1048576K
}
Event: 1.941 GC heap before
{Heap before GC invocations=2 (full 1):
 PSYoungGen      total 153088K, used 21493K [0x00000000eab00000, 0x00000000fd600000, 0x0000000100000000)
  eden space 131584K, 0% used [0x00000000eab00000,0x00000000eab00000,0x00000000f2b80000)
  from space 21504K, 99% used [0x00000000f2b80000,0x00000000f407d4c0,0x00000000f4080000)
  to   space 21504K, 0% used [0x00000000fc100000,0x00000000fc100000,0x00000000fd600000)
 ParOldGen       total 349696K, used 6340K [0x00000000c0000000, 0x00000000d5580000, 0x00000000eab00000)
  object space 349696K, 1% used [0x00000000c0000000,0x00000000c06311f0,0x00000000d5580000)
 Metaspace       used 19510K, capacity 21116K, committed 21248K, reserved 1069056K
  class space    used 1971K, capacity 2479K, committed 2560K, reserved 1048576K
Event: 2.064 GC heap after
Heap after GC invocations=2 (full 1):
 PSYoungGen      total 153088K, used 0K [0x00000000eab00000, 0x00000000fd600000, 0x0000000100000000)
  eden space 131584K, 0% used [0x00000000eab00000,0x00000000eab00000,0x00000000f2b80000)
  from space 21504K, 0% used [0x00000000f2b80000,0x00000000f2b80000,0x00000000f4080000)
  to   space 21504K, 0% used [0x00000000fc100000,0x00000000fc100000,0x00000000fd600000)
 ParOldGen       total 349696K, used 27374K [0x00000000c0000000, 0x00000000d5580000, 0x00000000eab00000)
  object space 349696K, 7% used [0x00000000c0000000,0x00000000c1abbb08,0x00000000d5580000)
 Metaspace       used 19510K, capacity 21116K, committed 21248K, reserved 1069056K
  class space    used 1971K, capacity 2479K, committed 2560K, reserved 1048576K
}
Event: 4.142 GC heap before
{Heap before GC invocations=3 (full 1):
 PSYoungGen      total 153088K, used 74742K [0x00000000eab00000, 0x00000000fd600000, 0x0000000100000000)
  eden space 131584K, 56% used [0x00000000eab00000,0x00000000ef3fd858,0x00000000f2b80000)
  from space 21504K, 0% used [0x00000000f2b80000,0x00000000f2b80000,0x00000000f4080000)
  to   space 21504K, 0% used [0x00000000fc100000,0x00000000fc100000,0x00000000fd600000)
 ParOldGen       total 349696K, used 27374K [0x00000000c0000000, 0x00000000d5580000, 0x00000000eab00000)
  object space 349696K, 7% used [0x00000000c0000000,0x00000000c1abbb08,0x00000000d5580000)
 Metaspace       used 31886K, capacity 35354K, committed 35416K, reserved 1079296K
  class space    used 3630K, capacity 4651K, committed 4696K, reserved 1048576K
Event: 4.169 GC heap after
Heap after GC invocations=3 (full 1):
 PSYoungGen      total 179200K, used 20977K [0x00000000eab00000, 0x00000000fd580000, 0x0000000100000000)
  eden space 158208K, 0% used [0x00000000eab00000,0x00000000eab00000,0x00000000f4580000)
  from space 20992K, 99% used [0x00000000fc100000,0x00000000fd57c738,0x00000000fd580000)
  to   space 21504K, 0% used [0x00000000fab80000,0x00000000fab80000,0x00000000fc080000)
 ParOldGen       total 349696K, used 27382K [0x00000000c0000000, 0x00000000d5580000, 0x00000000eab00000)
  object space 349696K, 7% used [0x00000000c0000000,0x00000000c1abdb08,0x00000000d5580000)
 Metaspace       used 31886K, capacity 35354K, committed 35416K, reserved 1079296K
  class space    used 3630K, capacity 4651K, committed 4696K, reserved 1048576K
}
Event: 4.169 GC heap before
{Heap before GC invocations=4 (full 2):
 PSYoungGen      total 179200K, used 20977K [0x00000000eab00000, 0x00000000fd580000, 0x0000000100000000)
  eden space 158208K, 0% used [0x00000000eab00000,0x00000000eab00000,0x00000000f4580000)
  from space 20992K, 99% used [0x00000000fc100000,0x00000000fd57c738,0x00000000fd580000)
  to   space 21504K, 0% used [0x00000000fab80000,0x00000000fab80000,0x00000000fc080000)
 ParOldGen       total 349696K, used 27382K [0x00000000c0000000, 0x00000000d5580000, 0x00000000eab00000)
  object space 349696K, 7% used [0x00000000c0000000,0x00000000c1abdb08,0x00000000d5580000)
 Metaspace       used 31886K, capacity 35354K, committed 35416K, reserved 1079296K
  class space    used 3630K, capacity 4651K, committed 4696K, reserved 1048576K
Event: 4.341 GC heap after
Heap after GC invocations=4 (full 2):
 PSYoungGen      total 179200K, used 0K [0x00000000eab00000, 0x00000000fd580000, 0x0000000100000000)
  eden space 158208K, 0% used [0x00000000eab00000,0x00000000eab00000,0x00000000f4580000)
  from space 20992K, 0% used [0x00000000fc100000,0x00000000fc100000,0x00000000fd580000)
  to   space 21504K, 0% used [0x00000000fab80000,0x00000000fab80000,0x00000000fc080000)
 ParOldGen       total 471552K, used 40218K [0x00000000c0000000, 0x00000000dcc80000, 0x00000000eab00000)
  object space 471552K, 8% used [0x00000000c0000000,0x00000000c2746978,0x00000000dcc80000)
 Metaspace       used 31886K, capacity 35354K, committed 35416K, reserved 1079296K
  class space    used 3630K, capacity 4651K, committed 4696K, reserved 1048576K
}
Event: 7.163 GC heap before
{Heap before GC invocations=5 (full 2):
 PSYoungGen      total 179200K, used 158208K [0x00000000eab00000, 0x00000000fd580000, 0x0000000100000000)
  eden space 158208K, 100% used [0x00000000eab00000,0x00000000f4580000,0x00000000f4580000)
  from space 20992K, 0% used [0x00000000fc100000,0x00000000fc100000,0x00000000fd580000)
  to   space 21504K, 0% used [0x00000000fab80000,0x00000000fab80000,0x00000000fc080000)
 ParOldGen       total 471552K, used 40218K [0x00000000c0000000, 0x00000000dcc80000, 0x00000000eab00000)
  object space 471552K, 8% used [0x00000000c0000000,0x00000000c2746978,0x00000000dcc80000)
 Metaspace       used 52512K, capacity 58254K, committed 58328K, reserved 1099776K
  class space    used 5934K, capacity 7620K, committed 7640K, reserved 1048576K
Event: 7.195 GC heap after
Heap after GC invocations=5 (full 2):
 PSYoungGen      total 206336K, used 21478K [0x00000000eab00000, 0x00000000fc180000, 0x0000000100000000)
  eden space 184832K, 0% used [0x00000000eab00000,0x00000000eab00000,0x00000000f5f80000)
  from space 21504K, 99% used [0x00000000fab80000,0x00000000fc079b08,0x00000000fc080000)
  to   space 1024K, 0% used [0x00000000fc080000,0x00000000fc080000,0x00000000fc180000)
 ParOldGen       total 471552K, used 51324K [0x00000000c0000000, 0x00000000dcc80000, 0x00000000eab00000)
  object space 471552K, 10% used [0x00000000c0000000,0x00000000c321f2e8,0x00000000dcc80000)
 Metaspace       used 52512K, capacity 58254K, committed 58328K, reserved 1099776K
  class space    used 5934K, capacity 7620K, committed 7640K, reserved 1048576K
}
Event: 7.256 GC heap before
{Heap before GC invocations=6 (full 2):
 PSYoungGen      total 206336K, used 26506K [0x00000000eab00000, 0x00000000fc180000, 0x0000000100000000)
  eden space 184832K, 2% used [0x00000000eab00000,0x00000000eafe8e28,0x00000000f5f80000)
  from space 21504K, 99% used [0x00000000fab80000,0x00000000fc079b08,0x00000000fc080000)
  to   space 1024K, 0% used [0x00000000fc080000,0x00000000fc080000,0x00000000fc180000)
 ParOldGen       total 471552K, used 51324K [0x00000000c0000000, 0x00000000dcc80000, 0x00000000eab00000)
  object space 471552K, 10% used [0x00000000c0000000,0x00000000c321f2e8,0x00000000dcc80000)
 Metaspace       used 53042K, capacity 58850K, committed 58968K, reserved 1099776K
  class space    used 6029K, capacity 7666K, committed 7768K, reserved 1048576K
Event: 7.280 GC heap after
Heap after GC invocations=6 (full 2):
 PSYoungGen      total 263680K, used 1024K [0x00000000eab00000, 0x00000000feb80000, 0x0000000100000000)
  eden space 262656K, 0% used [0x00000000eab00000,0x00000000eab00000,0x00000000fab80000)
  from space 1024K, 100% used [0x00000000fc080000,0x00000000fc180000,0x00000000fc180000)
  to   space 21504K, 0% used [0x00000000fab80000,0x00000000fab80000,0x00000000fc080000)
 ParOldGen       total 471552K, used 69258K [0x00000000c0000000, 0x00000000dcc80000, 0x00000000eab00000)
  object space 471552K, 14% used [0x00000000c0000000,0x00000000c43a2850,0x00000000dcc80000)
 Metaspace       used 53042K, capacity 58850K, committed 58968K, reserved 1099776K
  class space    used 6029K, capacity 7666K, committed 7768K, reserved 1048576K
}
Event: 7.280 GC heap before
{Heap before GC invocations=7 (full 3):
 PSYoungGen      total 263680K, used 1024K [0x00000000eab00000, 0x00000000feb80000, 0x0000000100000000)
  eden space 262656K, 0% used [0x00000000eab00000,0x00000000eab00000,0x00000000fab80000)
  from space 1024K, 100% used [0x00000000fc080000,0x00000000fc180000,0x00000000fc180000)
  to   space 21504K, 0% used [0x00000000fab80000,0x00000000fab80000,0x00000000fc080000)
 ParOldGen       total 471552K, used 69258K [0x00000000c0000000, 0x00000000dcc80000, 0x00000000eab00000)
  object space 471552K, 14% used [0x00000000c0000000,0x00000000c43a2850,0x00000000dcc80000)
 Metaspace       used 53042K, capacity 58850K, committed 58968K, reserved 1099776K
  class space    used 6029K, capacity 7666K, committed 7768K, reserved 1048576K
Event: 7.597 GC heap after
Heap after GC invocations=7 (full 3):
 PSYoungGen      total 263680K, used 0K [0x00000000eab00000, 0x00000000feb80000, 0x0000000100000000)
  eden space 262656K, 0% used [0x00000000eab00000,0x00000000eab00000,0x00000000fab80000)
  from space 1024K, 0% used [0x00000000fc080000,0x00000000fc080000,0x00000000fc180000)
  to   space 21504K, 0% used [0x00000000fab80000,0x00000000fab80000,0x00000000fc080000)
 ParOldGen       total 620544K, used 50113K [0x00000000c0000000, 0x00000000e5e00000, 0x00000000eab00000)
  object space 620544K, 8% used [0x00000000c0000000,0x00000000c30f0500,0x00000000e5e00000)
 Metaspace       used 53042K, capacity 58850K, committed 58968K, reserved 1099776K
  class space    used 6029K, capacity 7666K, committed 7768K, reserved 1048576K
}
Event: 11.324 GC heap before
{Heap before GC invocations=8 (full 3):
 PSYoungGen      total 263680K, used 262656K [0x00000000eab00000, 0x00000000feb80000, 0x0000000100000000)
  eden space 262656K, 100% used [0x00000000eab00000,0x00000000fab80000,0x00000000fab80000)
  from space 1024K, 0% used [0x00000000fc080000,0x00000000fc080000,0x00000000fc180000)
  to   space 21504K, 0% used [0x00000000fab80000,0x00000000fab80000,0x00000000fc080000)
 ParOldGen       total 620544K, used 50113K [0x00000000c0000000, 0x00000000e5e00000, 0x00000000eab00000)
  object space 620544K, 8% used [0x00000000c0000000,0x00000000c30f0500,0x00000000e5e00000)
 Metaspace       used 86503K, capacity 94982K, committed 95192K, reserved 1132544K
  class space    used 10467K, capacity 12712K, committed 12760K, reserved 1048576K
Event: 11.358 GC heap after
Heap after GC invocations=8 (full 3):
 PSYoungGen      total 284160K, used 21493K [0x00000000eab00000, 0x0000000100000000, 0x0000000100000000)
  eden space 262656K, 0% used [0x00000000eab00000,0x00000000eab00000,0x00000000fab80000)
  from space 21504K, 99% used [0x00000000fab80000,0x00000000fc07d6a8,0x00000000fc080000)
  to   space 51200K, 0% used [0x00000000fce00000,0x00000000fce00000,0x0000000100000000)
 ParOldGen       total 620544K, used 78498K [0x00000000c0000000, 0x00000000e5e00000, 0x00000000eab00000)
  object space 620544K, 12% used [0x00000000c0000000,0x00000000c4ca88b0,0x00000000e5e00000)
 Metaspace       used 86503K, capacity 94982K, committed 95192K, reserved 1132544K
  class space    used 10467K, capacity 12712K, committed 12760K, reserved 1048576K
}
Event: 11.940 GC heap before
{Heap before GC invocations=9 (full 3):
 PSYoungGen      total 284160K, used 65556K [0x00000000eab00000, 0x0000000100000000, 0x0000000100000000)
  eden space 262656K, 16% used [0x00000000eab00000,0x00000000ed607b60,0x00000000fab80000)
  from space 21504K, 99% used [0x00000000fab80000,0x00000000fc07d6a8,0x00000000fc080000)
  to   space 51200K, 0% used [0x00000000fce00000,0x00000000fce00000,0x0000000100000000)
 ParOldGen       total 620544K, used 78498K [0x00000000c0000000, 0x00000000e5e00000, 0x00000000eab00000)
  object space 620544K, 12% used [0x00000000c0000000,0x00000000c4ca88b0,0x00000000e5e00000)
 Metaspace       used 89297K, capacity 98248K, committed 98264K, reserved 1134592K
  class space    used 10692K, capacity 13006K, committed 13016K, reserved 1048576K
Event: 11.970 GC heap after
Heap after GC invocations=9 (full 3):
 PSYoungGen      total 300032K, used 24514K [0x00000000eab00000, 0x0000000100000000, 0x0000000100000000)
  eden space 248832K, 0% used [0x00000000eab00000,0x00000000eab00000,0x00000000f9e00000)
  from space 51200K, 47% used [0x00000000fce00000,0x00000000fe5f08a8,0x0000000100000000)
  to   space 49152K, 0% used [0x00000000f9e00000,0x00000000f9e00000,0x00000000fce00000)
 ParOldGen       total 620544K, used 78506K [0x00000000c0000000, 0x00000000e5e00000, 0x00000000eab00000)
  object space 620544K, 12% used [0x00000000c0000000,0x00000000c4caa8b0,0x00000000e5e00000)
 Metaspace       used 89297K, capacity 98248K, committed 98264K, reserved 1134592K
  class space    used 10692K, capacity 13006K, committed 13016K, reserved 1048576K
}
Event: 11.970 GC heap before
{Heap before GC invocations=10 (full 4):
 PSYoungGen      total 300032K, used 24514K [0x00000000eab00000, 0x0000000100000000, 0x0000000100000000)
  eden space 248832K, 0% used [0x00000000eab00000,0x00000000eab00000,0x00000000f9e00000)
  from space 51200K, 47% used [0x00000000fce00000,0x00000000fe5f08a8,0x0000000100000000)
  to   space 49152K, 0% used [0x00000000f9e00000,0x00000000f9e00000,0x00000000fce00000)
 ParOldGen       total 620544K, used 78506K [0x00000000c0000000, 0x00000000e5e00000, 0x00000000eab00000)
  object space 620544K, 12% used [0x00000000c0000000,0x00000000c4caa8b0,0x00000000e5e00000)
 Metaspace       used 89297K, capacity 98248K, committed 98264K, reserved 1134592K
  class space    used 10692K, capacity 13006K, committed 13016K, reserved 1048576K
Event: 12.110 GC heap after
Heap after GC invocations=10 (full 4):
 PSYoungGen      total 300032K, used 0K [0x00000000eab00000, 0x0000000100000000, 0x0000000100000000)
  eden space 248832K, 0% used [0x00000000eab00000,0x00000000eab00000,0x00000000f9e00000)
  from space 51200K, 0% used [0x00000000fce00000,0x00000000fce00000,0x0000000100000000)
  to   space 49152K, 0% used [0x00000000f9e00000,0x00000000f9e00000,0x00000000fce00000)
 ParOldGen       total 699392K, used 74282K [0x00000000c0000000, 0x00000000eab00000, 0x00000000eab00000)
  object space 699392K, 10% used [0x00000000c0000000,0x00000000c488a940,0x00000000eab00000)
 Metaspace       used 89297K, capacity 98248K, committed 98264K, reserved 1134592K
  class space    used 10692K, capacity 13006K, committed 13016K, reserved 1048576K
}
Event: 14.496 GC heap before
{Heap before GC invocations=11 (full 4):
 PSYoungGen      total 300032K, used 248832K [0x00000000eab00000, 0x0000000100000000, 0x0000000100000000)
  eden space 248832K, 100% used [0x00000000eab00000,0x00000000f9e00000,0x00000000f9e00000)
  from space 51200K, 0% used [0x00000000fce00000,0x00000000fce00000,0x0000000100000000)
  to   space 49152K, 0% used [0x00000000f9e00000,0x00000000f9e00000,0x00000000fce00000)
 ParOldGen       total 699392K, used 74282K [0x00000000c0000000, 0x00000000eab00000, 0x00000000eab00000)
  object space 699392K, 10% used [0x00000000c0000000,0x00000000c488a940,0x00000000eab00000)
 Metaspace       used 106681K, capacity 118192K, committed 118232K, reserved 1150976K
  class space    used 12891K, capacity 16057K, committed 16088K, reserved 1048576K
Event: 14.545 GC heap after
Heap after GC invocations=11 (full 4):
 PSYoungGen      total 281600K, used 32270K [0x00000000eab00000, 0x00000000ffc00000, 0x0000000100000000)
  eden space 248832K, 0% used [0x00000000eab00000,0x00000000eab00000,0x00000000f9e00000)
  from space 32768K, 98% used [0x00000000f9e00000,0x00000000fbd83808,0x00000000fbe00000)
  to   space 48128K, 0% used [0x00000000fcd00000,0x00000000fcd00000,0x00000000ffc00000)
 ParOldGen       total 699392K, used 74298K [0x00000000c0000000, 0x00000000eab00000, 0x00000000eab00000)
  object space 699392K, 10% used [0x00000000c0000000,0x00000000c488e940,0x00000000eab00000)
 Metaspace       used 106681K, capacity 118192K, committed 118232K, reserved 1150976K
  class space    used 12891K, capacity 16057K, committed 16088K, reserved 1048576K
}
Event: 18.398 GC heap before
{Heap before GC invocations=12 (full 4):
 PSYoungGen      total 281600K, used 281102K [0x00000000eab00000, 0x00000000ffc00000, 0x0000000100000000)
  eden space 248832K, 100% used [0x00000000eab00000,0x00000000f9e00000,0x00000000f9e00000)
  from space 32768K, 98% used [0x00000000f9e00000,0x00000000fbd83808,0x00000000fbe00000)
  to   space 48128K, 0% used [0x00000000fcd00000,0x00000000fcd00000,0x00000000ffc00000)
 ParOldGen       total 699392K, used 74298K [0x00000000c0000000, 0x00000000eab00000, 0x00000000eab00000)
  object space 699392K, 10% used [0x00000000c0000000,0x00000000c488e940,0x00000000eab00000)
 Metaspace       used 122072K, capacity 135812K, committed 135896K, reserved 1167360K
  class space    used 14808K, capacity 18615K, committed 18648K, reserved 1048576K
Event: 18.436 GC heap after
Heap after GC invocations=12 (full 4):
 PSYoungGen      total 294912K, used 39151K [0x00000000eab00000, 0x0000000100000000, 0x0000000100000000)
  eden space 246784K, 0% used [0x00000000eab00000,0x00000000eab00000,0x00000000f9c00000)
  from space 48128K, 81% used [0x00000000fcd00000,0x00000000ff33bf58,0x00000000ffc00000)
  to   space 50176K, 0% used [0x00000000f9c00000,0x00000000f9c00000,0x00000000fcd00000)
 ParOldGen       total 699392K, used 74306K [0x00000000c0000000, 0x00000000eab00000, 0x00000000eab00000)
  object space 699392K, 10% used [0x00000000c0000000,0x00000000c4890940,0x00000000eab00000)
 Metaspace       used 122072K, capacity 135812K, committed 135896K, reserved 1167360K
  class space    used 14808K, capacity 18615K, committed 18648K, reserved 1048576K
}
Event: 34.164 GC heap before
{Heap before GC invocations=13 (full 4):
 PSYoungGen      total 294912K, used 285935K [0x00000000eab00000, 0x0000000100000000, 0x0000000100000000)
  eden space 246784K, 100% used [0x00000000eab00000,0x00000000f9c00000,0x00000000f9c00000)
  from space 48128K, 81% used [0x00000000fcd00000,0x00000000ff33bf58,0x00000000ffc00000)
  to   space 50176K, 0% used [0x00000000f9c00000,0x00000000f9c00000,0x00000000fcd00000)
 ParOldGen       total 699392K, used 74306K [0x00000000c0000000, 0x00000000eab00000, 0x00000000eab00000)
  object space 699392K, 10% used [0x00000000c0000000,0x00000000c4890940,0x00000000eab00000)
 Metaspace       used 128290K, capacity 143026K, committed 143320K, reserved 1173504K
  class space    used 15580K, capacity 19615K, committed 19672K, reserved 1048576K
Event: 34.197 GC heap after
Heap after GC invocations=13 (full 4):
 PSYoungGen      total 290304K, used 43426K [0x00000000eab00000, 0x0000000100000000, 0x0000000100000000)
  eden space 246784K, 0% used [0x00000000eab00000,0x00000000eab00000,0x00000000f9c00000)
  from space 43520K, 99% used [0x00000000f9c00000,0x00000000fc668a00,0x00000000fc680000)
  to   space 53248K, 0% used [0x00000000fcc00000,0x00000000fcc00000,0x0000000100000000)
 ParOldGen       total 699392K, used 74314K [0x00000000c0000000, 0x00000000eab00000, 0x00000000eab00000)
  object space 699392K, 10% used [0x00000000c0000000,0x00000000c4892940,0x00000000eab00000)
 Metaspace       used 128290K, capacity 143026K, committed 143320K, reserved 1173504K
  class space    used 15580K, capacity 19615K, committed 19672K, reserved 1048576K
}
Event: 38.069 GC heap before
{Heap before GC invocations=14 (full 4):
 PSYoungGen      total 290304K, used 290210K [0x00000000eab00000, 0x0000000100000000, 0x0000000100000000)
  eden space 246784K, 100% used [0x00000000eab00000,0x00000000f9c00000,0x00000000f9c00000)
  from space 43520K, 99% used [0x00000000f9c00000,0x00000000fc668a00,0x00000000fc680000)
  to   space 53248K, 0% used [0x00000000fcc00000,0x00000000fcc00000,0x0000000100000000)
 ParOldGen       total 699392K, used 74314K [0x00000000c0000000, 0x00000000eab00000, 0x00000000eab00000)
  object space 699392K, 10% used [0x00000000c0000000,0x00000000c4892940,0x00000000eab00000)
 Metaspace       used 129045K, capacity 143778K, committed 143960K, reserved 1173504K
  class space    used 15669K, capacity 19711K, committed 19800K, reserved 1048576K
Event: 38.117 GC heap after
Heap after GC invocations=14 (full 4):
 PSYoungGen      total 283648K, used 53230K [0x00000000eab00000, 0x0000000100000000, 0x0000000100000000)
  eden space 230400K, 0% used [0x00000000eab00000,0x00000000eab00000,0x00000000f8c00000)
  from space 53248K, 99% used [0x00000000fcc00000,0x00000000ffffb8c8,0x0000000100000000)
  to   space 59392K, 0% used [0x00000000f8c00000,0x00000000f8c00000,0x00000000fc600000)
 ParOldGen       total 699392K, used 76255K [0x00000000c0000000, 0x00000000eab00000, 0x00000000eab00000)
  object space 699392K, 10% used [0x00000000c0000000,0x00000000c4a77e38,0x00000000eab00000)
 Metaspace       used 129045K, capacity 143778K, committed 143960K, reserved 1173504K
  class space    used 15669K, capacity 19711K, committed 19800K, reserved 1048576K
}
Event: 98.819 GC heap before
{Heap before GC invocations=15 (full 4):
 PSYoungGen      total 283648K, used 283079K [0x00000000eab00000, 0x0000000100000000, 0x0000000100000000)
  eden space 230400K, 99% used [0x00000000eab00000,0x00000000f8b76358,0x00000000f8c00000)
  from space 53248K, 99% used [0x00000000fcc00000,0x00000000ffffb8c8,0x0000000100000000)
  to   space 59392K, 0% used [0x00000000f8c00000,0x00000000f8c00000,0x00000000fc600000)
 ParOldGen       total 699392K, used 76255K [0x00000000c0000000, 0x00000000eab00000, 0x00000000eab00000)
  object space 699392K, 10% used [0x00000000c0000000,0x00000000c4a77e38,0x00000000eab00000)
 Metaspace       used 129927K, capacity 144834K, committed 144984K, reserved 1175552K
  class space    used 15700K, capacity 19764K, committed 19800K, reserved 1048576K
Event: 98.861 GC heap after
Heap after GC invocations=15 (full 4):
 PSYoungGen      total 287744K, used 56902K [0x00000000eab00000, 0x0000000100000000, 0x0000000100000000)
  eden space 230400K, 0% used [0x00000000eab00000,0x00000000eab00000,0x00000000f8c00000)
  from space 57344K, 99% used [0x00000000f8c00000,0x00000000fc391a40,0x00000000fc400000)
  to   space 61440K, 0% used [0x00000000fc400000,0x00000000fc400000,0x0000000100000000)
 ParOldGen       total 699392K, used 76263K [0x00000000c0000000, 0x00000000eab00000, 0x00000000eab00000)
  object space 699392K, 10% used [0x00000000c0000000,0x00000000c4a79e38,0x00000000eab00000)
 Metaspace       used 129927K, capacity 144834K, committed 144984K, reserved 1175552K
  class space    used 15700K, capacity 19764K, committed 19800K, reserved 1048576K
}
Event: 120.986 GC heap before
{Heap before GC invocations=16 (full 4):
 PSYoungGen      total 287744K, used 287302K [0x00000000eab00000, 0x0000000100000000, 0x0000000100000000)
  eden space 230400K, 100% used [0x00000000eab00000,0x00000000f8c00000,0x00000000f8c00000)
  from space 57344K, 99% used [0x00000000f8c00000,0x00000000fc391a40,0x00000000fc400000)
  to   space 61440K, 0% used [0x00000000fc400000,0x00000000fc400000,0x0000000100000000)
 ParOldGen       total 699392K, used 76263K [0x00000000c0000000, 0x00000000eab00000, 0x00000000eab00000)
  object space 699392K, 10% used [0x00000000c0000000,0x00000000c4a79e38,0x00000000eab00000)
 Metaspace       used 132881K, capacity 147896K, committed 148056K, reserved 1177600K
  class space    used 15937K, capacity 20010K, committed 20056K, reserved 1048576K
Event: 121.028 GC heap after
Heap after GC invocations=16 (full 4):
 PSYoungGen      total 266240K, used 61428K [0x00000000eab00000, 0x0000000100000000, 0x0000000100000000)
  eden space 204800K, 0% used [0x00000000eab00000,0x00000000eab00000,0x00000000f7300000)
  from space 61440K, 99% used [0x00000000fc400000,0x00000000ffffd3b8,0x0000000100000000)
  to   space 72192K, 0% used [0x00000000f7300000,0x00000000f7300000,0x00000000fb980000)
 ParOldGen       total 699392K, used 77648K [0x00000000c0000000, 0x00000000eab00000, 0x00000000eab00000)
  object space 699392K, 11% used [0x00000000c0000000,0x00000000c4bd4338,0x00000000eab00000)
 Metaspace       used 132881K, capacity 147896K, committed 148056K, reserved 1177600K
  class space    used 15937K, capacity 20010K, committed 20056K, reserved 1048576K
}
Event: 144.826 GC heap before
{Heap before GC invocations=17 (full 4):
 PSYoungGen      total 266240K, used 265819K [0x00000000eab00000, 0x0000000100000000, 0x0000000100000000)
  eden space 204800K, 99% used [0x00000000eab00000,0x00000000f7299b38,0x00000000f7300000)
  from space 61440K, 99% used [0x00000000fc400000,0x00000000ffffd3b8,0x0000000100000000)
  to   space 72192K, 0% used [0x00000000f7300000,0x00000000f7300000,0x00000000fb980000)
 ParOldGen       total 699392K, used 77648K [0x00000000c0000000, 0x00000000eab00000, 0x00000000eab00000)
  object space 699392K, 11% used [0x00000000c0000000,0x00000000c4bd4338,0x00000000eab00000)
 Metaspace       used 133725K, capacity 148964K, committed 149208K, reserved 1177600K
  class space    used 16002K, capacity 20106K, committed 20184K, reserved 1048576K
Event: 144.884 GC heap after
Heap after GC invocations=17 (full 4):
 PSYoungGen      total 270336K, used 65487K [0x00000000eab00000, 0x0000000100000000, 0x0000000100000000)
  eden space 204800K, 0% used [0x00000000eab00000,0x00000000eab00000,0x00000000f7300000)
  from space 65536K, 99% used [0x00000000f7300000,0x00000000fb2f3c30,0x00000000fb300000)
  to   space 78336K, 0% used [0x00000000fb380000,0x00000000fb380000,0x0000000100000000)
 ParOldGen       total 699392K, used 77656K [0x00000000c0000000, 0x00000000eab00000, 0x00000000eab00000)
  object space 699392K, 11% used [0x00000000c0000000,0x00000000c4bd6338,0x00000000eab00000)
 Metaspace       used 133725K, capacity 148964K, committed 149208K, reserved 1177600K
  class space    used 16002K, capacity 20106K, committed 20184K, reserved 1048576K
}
Event: 5692.208 GC heap before
{Heap before GC invocations=18 (full 4):
 PSYoungGen      total 270336K, used 270287K [0x00000000eab00000, 0x0000000100000000, 0x0000000100000000)
  eden space 204800K, 100% used [0x00000000eab00000,0x00000000f7300000,0x00000000f7300000)
  from space 65536K, 99% used [0x00000000f7300000,0x00000000fb2f3c30,0x00000000fb300000)
  to   space 78336K, 0% used [0x00000000fb380000,0x00000000fb380000,0x0000000100000000)
 ParOldGen       total 699392K, used 77656K [0x00000000c0000000, 0x00000000eab00000, 0x00000000eab00000)
  object space 699392K, 11% used [0x00000000c0000000,0x00000000c4bd6338,0x00000000eab00000)
 Metaspace       used 138101K, capacity 154134K, committed 154328K, reserved 1183744K
  class space    used 16510K, capacity 20870K, committed 20952K, reserved 1048576K
Event: 5692.278 GC heap after
Heap after GC invocations=18 (full 4):
 PSYoungGen      total 241152K, used 78323K [0x00000000eab00000, 0x0000000100000000, 0x0000000100000000)
  eden space 162816K, 0% used [0x00000000eab00000,0x00000000eab00000,0x00000000f4a00000)
  from space 78336K, 99% used [0x00000000fb380000,0x00000000ffffce48,0x0000000100000000)
  to   space 93184K, 0% used [0x00000000f4a00000,0x00000000f4a00000,0x00000000fa500000)
 ParOldGen       total 699392K, used 91155K [0x00000000c0000000, 0x00000000eab00000, 0x00000000eab00000)
  object space 699392K, 13% used [0x00000000c0000000,0x00000000c5904c08,0x00000000eab00000)
 Metaspace       used 138101K, capacity 154134K, committed 154328K, reserved 1183744K
  class space    used 16510K, capacity 20870K, committed 20952K, reserved 1048576K
}
Event: 5718.067 GC heap before
{Heap before GC invocations=19 (full 4):
 PSYoungGen      total 241152K, used 241139K [0x00000000eab00000, 0x0000000100000000, 0x0000000100000000)
  eden space 162816K, 100% used [0x00000000eab00000,0x00000000f4a00000,0x00000000f4a00000)
  from space 78336K, 99% used [0x00000000fb380000,0x00000000ffffce48,0x0000000100000000)
  to   space 93184K, 0% used [0x00000000f4a00000,0x00000000f4a00000,0x00000000fa500000)
 ParOldGen       total 699392K, used 91155K [0x00000000c0000000, 0x00000000eab00000, 0x00000000eab00000)
  object space 699392K, 13% used [0x00000000c0000000,0x00000000c5904c08,0x00000000eab00000)
 Metaspace       used 138767K, capacity 154696K, committed 154968K, reserved 1183744K
  class space    used 16599K, capacity 20959K, committed 21080K, reserved 1048576K
Event: 5718.116 GC heap after
Heap after GC invocations=19 (full 4):
 PSYoungGen      total 231424K, used 69720K [0x00000000eab00000, 0x0000000100000000, 0x0000000100000000)
  eden space 161280K, 0% used [0x00000000eab00000,0x00000000eab00000,0x00000000f4880000)
  from space 70144K, 99% used [0x00000000f4a00000,0x00000000f8e162b8,0x00000000f8e80000)
  to   space 97280K, 0% used [0x00000000fa100000,0x00000000fa100000,0x0000000100000000)
 ParOldGen       total 699392K, used 91163K [0x00000000c0000000, 0x00000000eab00000, 0x00000000eab00000)
  object space 699392K, 13% used [0x00000000c0000000,0x00000000c5906c08,0x00000000eab00000)
 Metaspace       used 138767K, capacity 154696K, committed 154968K, reserved 1183744K
  class space    used 16599K, capacity 20959K, committed 21080K, reserved 1048576K
}
Event: 6195.474 GC heap before
{Heap before GC invocations=20 (full 4):
 PSYoungGen      total 231424K, used 231000K [0x00000000eab00000, 0x0000000100000000, 0x0000000100000000)
  eden space 161280K, 100% used [0x00000000eab00000,0x00000000f4880000,0x00000000f4880000)
  from space 70144K, 99% used [0x00000000f4a00000,0x00000000f8e162b8,0x00000000f8e80000)
  to   space 97280K, 0% used [0x00000000fa100000,0x00000000fa100000,0x0000000100000000)
 ParOldGen       total 699392K, used 91163K [0x00000000c0000000, 0x00000000eab00000, 0x00000000eab00000)
  object space 699392K, 13% used [0x00000000c0000000,0x00000000c5906c08,0x00000000eab00000)
 Metaspace       used 139078K, capacity 155032K, committed 155224K, reserved 1183744K
  class space    used 16628K, capacity 20973K, committed 21080K, reserved 1048576K
Event: 6195.521 GC heap after
Heap after GC invocations=20 (full 4):
 PSYoungGen      total 246784K, used 69582K [0x00000000eab00000, 0x0000000100000000, 0x0000000100000000)
  eden space 149504K, 0% used [0x00000000eab00000,0x00000000eab00000,0x00000000f3d00000)
  from space 97280K, 71% used [0x00000000fa100000,0x00000000fe4f3810,0x0000000100000000)
  to   space 99840K, 0% used [0x00000000f3d00000,0x00000000f3d00000,0x00000000f9e80000)
 ParOldGen       total 699392K, used 91171K [0x00000000c0000000, 0x00000000eab00000, 0x00000000eab00000)
  object space 699392K, 13% used [0x00000000c0000000,0x00000000c5908c08,0x00000000eab00000)
 Metaspace       used 139078K, capacity 155032K, committed 155224K, reserved 1183744K
  class space    used 16628K, capacity 20973K, committed 21080K, reserved 1048576K
}
Event: 6242.490 GC heap before
{Heap before GC invocations=21 (full 4):
 PSYoungGen      total 246784K, used 219086K [0x00000000eab00000, 0x0000000100000000, 0x0000000100000000)
  eden space 149504K, 100% used [0x00000000eab00000,0x00000000f3d00000,0x00000000f3d00000)
  from space 97280K, 71% used [0x00000000fa100000,0x00000000fe4f3810,0x0000000100000000)
  to   space 99840K, 0% used [0x00000000f3d00000,0x00000000f3d00000,0x00000000f9e80000)
 ParOldGen       total 699392K, used 91171K [0x00000000c0000000, 0x00000000eab00000, 0x00000000eab00000)
  object space 699392K, 13% used [0x00000000c0000000,0x00000000c5908c08,0x00000000eab00000)
 Metaspace       used 139149K, capacity 155164K, committed 155480K, reserved 1183744K
  class space    used 16628K, capacity 20973K, committed 21080K, reserved 1048576K
Event: 6242.535 GC heap after
Heap after GC invocations=21 (full 4):
 PSYoungGen      total 217600K, used 68863K [0x00000000eab00000, 0x0000000100000000, 0x0000000100000000)
  eden space 148480K, 0% used [0x00000000eab00000,0x00000000eab00000,0x00000000f3c00000)
  from space 69120K, 99% used [0x00000000f3d00000,0x00000000f803fce8,0x00000000f8080000)
  to   space 101888K, 0% used [0x00000000f9c80000,0x00000000f9c80000,0x0000000100000000)
 ParOldGen       total 699392K, used 91171K [0x00000000c0000000, 0x00000000eab00000, 0x00000000eab00000)
  object space 699392K, 13% used [0x00000000c0000000,0x00000000c5908c08,0x00000000eab00000)
 Metaspace       used 139149K, capacity 155164K, committed 155480K, reserved 1183744K
  class space    used 16628K, capacity 20973K, committed 21080K, reserved 1048576K
}
Event: 6305.596 GC heap before
{Heap before GC invocations=22 (full 4):
 PSYoungGen      total 217600K, used 217343K [0x00000000eab00000, 0x0000000100000000, 0x0000000100000000)
  eden space 148480K, 100% used [0x00000000eab00000,0x00000000f3c00000,0x00000000f3c00000)
  from space 69120K, 99% used [0x00000000f3d00000,0x00000000f803fce8,0x00000000f8080000)
  to   space 101888K, 0% used [0x00000000f9c80000,0x00000000f9c80000,0x0000000100000000)
 ParOldGen       total 699392K, used 91171K [0x00000000c0000000, 0x00000000eab00000, 0x00000000eab00000)
  object space 699392K, 13% used [0x00000000c0000000,0x00000000c5908c08,0x00000000eab00000)
 Metaspace       used 139231K, capacity 155228K, committed 155480K, reserved 1183744K
  class space    used 16630K, capacity 20973K, committed 21080K, reserved 1048576K
Event: 6305.650 GC heap after
Heap after GC invocations=22 (full 4):
 PSYoungGen      total 246272K, used 68696K [0x00000000eab00000, 0x0000000100000000, 0x0000000100000000)
  eden space 144384K, 0% used [0x00000000eab00000,0x00000000eab00000,0x00000000f3800000)
  from space 101888K, 67% used [0x00000000f9c80000,0x00000000fdf962c8,0x0000000100000000)
  to   space 102400K, 0% used [0x00000000f3800000,0x00000000f3800000,0x00000000f9c00000)
 ParOldGen       total 699392K, used 91179K [0x00000000c0000000, 0x00000000eab00000, 0x00000000eab00000)
  object space 699392K, 13% used [0x00000000c0000000,0x00000000c590ac08,0x00000000eab00000)
 Metaspace       used 139231K, capacity 155228K, committed 155480K, reserved 1183744K
  class space    used 16630K, capacity 20973K, committed 21080K, reserved 1048576K
}
Event: 6450.421 GC heap before
{Heap before GC invocations=23 (full 4):
 PSYoungGen      total 246272K, used 213080K [0x00000000eab00000, 0x0000000100000000, 0x0000000100000000)
  eden space 144384K, 100% used [0x00000000eab00000,0x00000000f3800000,0x00000000f3800000)
  from space 101888K, 67% used [0x00000000f9c80000,0x00000000fdf962c8,0x0000000100000000)
  to   space 102400K, 0% used [0x00000000f3800000,0x00000000f3800000,0x00000000f9c00000)
 ParOldGen       total 699392K, used 91179K [0x00000000c0000000, 0x00000000eab00000, 0x00000000eab00000)
  object space 699392K, 13% used [0x00000000c0000000,0x00000000c590ac08,0x00000000eab00000)
 Metaspace       used 139515K, capacity 155498K, committed 155736K, reserved 1183744K
  class space    used 16666K, capacity 21023K, committed 21080K, reserved 1048576K
Event: 6450.467 GC heap after
Heap after GC invocations=23 (full 4):
 PSYoungGen      total 214016K, used 70237K [0x00000000eab00000, 0x0000000100000000, 0x0000000100000000)
  eden space 143360K, 0% used [0x00000000eab00000,0x00000000eab00000,0x00000000f3700000)
  from space 70656K, 99% used [0x00000000f3800000,0x00000000f7c97750,0x00000000f7d00000)
  to   space 103424K, 0% used [0x00000000f9b00000,0x00000000f9b00000,0x0000000100000000)
 ParOldGen       total 699392K, used 91187K [0x00000000c0000000, 0x00000000eab00000, 0x00000000eab00000)
  object space 699392K, 13% used [0x00000000c0000000,0x00000000c590cc08,0x00000000eab00000)
 Metaspace       used 139515K, capacity 155498K, committed 155736K, reserved 1183744K
  class space    used 16666K, capacity 21023K, committed 21080K, reserved 1048576K
}
Event: 6669.413 GC heap before
{Heap before GC invocations=24 (full 4):
 PSYoungGen      total 214016K, used 213597K [0x00000000eab00000, 0x0000000100000000, 0x0000000100000000)
  eden space 143360K, 100% used [0x00000000eab00000,0x00000000f3700000,0x00000000f3700000)
  from space 70656K, 99% used [0x00000000f3800000,0x00000000f7c97750,0x00000000f7d00000)
  to   space 103424K, 0% used [0x00000000f9b00000,0x00000000f9b00000,0x0000000100000000)
 ParOldGen       total 699392K, used 91187K [0x00000000c0000000, 0x00000000eab00000, 0x00000000eab00000)
  object space 699392K, 13% used [0x00000000c0000000,0x00000000c590cc08,0x00000000eab00000)
 Metaspace       used 139564K, capacity 155498K, committed 155736K, reserved 1183744K
  class space    used 16666K, capacity 21023K, committed 21080K, reserved 1048576K
Event: 6669.456 GC heap after
Heap after GC invocations=24 (full 4):
 PSYoungGen      total 244736K, used 69467K [0x00000000eab00000, 0x0000000100000000, 0x0000000100000000)
  eden space 141312K, 0% used [0x00000000eab00000,0x00000000eab00000,0x00000000f3500000)
  from space 103424K, 67% used [0x00000000f9b00000,0x00000000fded6e68,0x0000000100000000)
  to   space 103936K, 0% used [0x00000000f3500000,0x00000000f3500000,0x00000000f9a80000)
 ParOldGen       total 699392K, used 91187K [0x00000000c0000000, 0x00000000eab00000, 0x00000000eab00000)
  object space 699392K, 13% used [0x00000000c0000000,0x00000000c590cc08,0x00000000eab00000)
 Metaspace       used 139564K, capacity 155498K, committed 155736K, reserved 1183744K
  class space    used 16666K, capacity 21023K, committed 21080K, reserved 1048576K
}

