GC Heap History (10 events):
Event: 977874.608 GC heap after
Heap after GC invocations=816 (full 13):
 PSYoungGen      total 4650496K, used 489536K [0x0000000672b00000, 0x00000007c0000000, 0x00000007c0000000)
  eden space 3805184K, 0% used [0x0000000672b00000,0x0000000672b00000,0x000000075af00000)
  from space 845312K, 57% used [0x000000078c680000,0x00000007aa490368,0x00000007c0000000)
  to   space 810496K, 0% used [0x000000075af00000,0x000000075af00000,0x000000078c680000)
 ParOldGen       total 6235648K, used 3534515K [0x00000003d8000000, 0x0000000554980000, 0x0000000672b00000)
  object space 6235648K, 56% used [0x00000003d8000000,0x00000004afbaccd0,0x0000000554980000)
 Metaspace       used 101071K, capacity 112982K, committed 113368K, reserved 1148928K
  class space    used 11675K, capacity 14777K, committed 14848K, reserved 1048576K
***REMOVED***
Event: 978021.494 GC heap before
{Heap before GC invocations=817 (full 13):
 PSYoungGen      total 4650496K, used 4294720K [0x0000000672b00000, 0x00000007c0000000, 0x00000007c0000000)
  eden space 3805184K, 100% used [0x0000000672b00000,0x000000075af00000,0x000000075af00000)
  from space 845312K, 57% used [0x000000078c680000,0x00000007aa490368,0x00000007c0000000)
  to   space 810496K, 0% used [0x000000075af00000,0x000000075af00000,0x000000078c680000)
 ParOldGen       total 6235648K, used 3534515K [0x00000003d8000000, 0x0000000554980000, 0x0000000672b00000)
  object space 6235648K, 56% used [0x00000003d8000000,0x00000004afbaccd0,0x0000000554980000)
 Metaspace       used 101077K, capacity 112994K, committed 113368K, reserved 1148928K
  class space    used 11676K, capacity 14779K, committed 14848K, reserved 1048576K
Event: 978049.142 GC heap after
Heap after GC invocations=817 (full 13):
 PSYoungGen      total 4615680K, used 584097K [0x0000000672b00000, 0x00000007be500000, 0x00000007c0000000)
  eden space 3805184K, 0% used [0x0000000672b00000,0x0000000672b00000,0x000000075af00000)
  from space 810496K, 72% used [0x000000075af00000,0x000000077e968710,0x000000078c680000)
  to   space 814080K, 0% used [0x000000078ca00000,0x000000078ca00000,0x00000007be500000)
 ParOldGen       total 6235648K, used 4025683K [0x00000003d8000000, 0x0000000554980000, 0x0000000672b00000)
  object space 6235648K, 64% used [0x00000003d8000000,0x00000004cdb54cd0,0x0000000554980000)
 Metaspace       used 101077K, capacity 112994K, committed 113368K, reserved 1148928K
  class space    used 11676K, capacity 14779K, committed 14848K, reserved 1048576K
***REMOVED***
Event: 978056.952 GC heap before
{Heap before GC invocations=818 (full 13):
 PSYoungGen      total 4615680K, used 4389281K [0x0000000672b00000, 0x00000007be500000, 0x00000007c0000000)
  eden space 3805184K, 100% used [0x0000000672b00000,0x000000075af00000,0x000000075af00000)
  from space 810496K, 72% used [0x000000075af00000,0x000000077e968710,0x000000078c680000)
  to   space 814080K, 0% used [0x000000078ca00000,0x000000078ca00000,0x00000007be500000)
 ParOldGen       total 6235648K, used 4025683K [0x00000003d8000000, 0x0000000554980000, 0x0000000672b00000)
  object space 6235648K, 64% used [0x00000003d8000000,0x00000004cdb54cd0,0x0000000554980000)
 Metaspace       used 101077K, capacity 112994K, committed 113368K, reserved 1148928K
  class space    used 11676K, capacity 14779K, committed 14848K, reserved 1048576K
Event: 978072.835 GC heap after
Heap after GC invocations=818 (full 13):
 PSYoungGen      total 4614144K, used 596722K [0x0000000672b00000, 0x00000007c0000000, 0x00000007c0000000)
  eden space 3800064K, 0% used [0x0000000672b00000,0x0000000672b00000,0x000000075aa00000)
  from space 814080K, 73% used [0x000000078ca00000,0x00000007b10bca78,0x00000007be500000)
  to   space 819200K, 0% used [0x000000075aa00000,0x000000075aa00000,0x000000078ca00000)
 ParOldGen       total 6235648K, used 4436428K [0x00000003d8000000, 0x0000000554980000, 0x0000000672b00000)
  object space 6235648K, 71% used [0x00000003d8000000,0x00000004e6c733f8,0x0000000554980000)
 Metaspace       used 101077K, capacity 112994K, committed 113368K, reserved 1148928K
  class space    used 11676K, capacity 14779K, committed 14848K, reserved 1048576K
***REMOVED***
Event: 978080.253 GC heap before
{Heap before GC invocations=819 (full 13):
 PSYoungGen      total 4614144K, used 4396786K [0x0000000672b00000, 0x00000007c0000000, 0x00000007c0000000)
  eden space 3800064K, 100% used [0x0000000672b00000,0x000000075aa00000,0x000000075aa00000)
  from space 814080K, 73% used [0x000000078ca00000,0x00000007b10bca78,0x00000007be500000)
  to   space 819200K, 0% used [0x000000075aa00000,0x000000075aa00000,0x000000078ca00000)
 ParOldGen       total 6235648K, used 4436428K [0x00000003d8000000, 0x0000000554980000, 0x0000000672b00000)
  object space 6235648K, 71% used [0x00000003d8000000,0x00000004e6c733f8,0x0000000554980000)
 Metaspace       used 101077K, capacity 112994K, committed 113368K, reserved 1148928K
  class space    used 11676K, capacity 14779K, committed 14848K, reserved 1048576K
Event: 978096.579 GC heap after
Heap after GC invocations=819 (full 13):
 PSYoungGen      total 4619264K, used 595595K [0x0000000672b00000, 0x00000007c0000000, 0x00000007c0000000)
  eden space 3800064K, 0% used [0x0000000672b00000,0x0000000672b00000,0x000000075aa00000)
  from space 819200K, 72% used [0x000000075aa00000,0x000000077efa2ec8,0x000000078ca00000)
  to   space 820736K, 0% used [0x000000078de80000,0x000000078de80000,0x00000007c0000000)
 ParOldGen       total 6235648K, used 4892625K [0x00000003d8000000, 0x0000000554980000, 0x0000000672b00000)
  object space 6235648K, 78% used [0x00000003d8000000,0x00000005029f44a0,0x0000000554980000)
 Metaspace       used 101077K, capacity 112994K, committed 113368K, reserved 1148928K
  class space    used 11676K, capacity 14779K, committed 14848K, reserved 1048576K
***REMOVED***
Event: 978101.984 GC heap before
{Heap before GC invocations=820 (full 13):
 PSYoungGen      total 4619264K, used 4395659K [0x0000000672b00000, 0x00000007c0000000, 0x00000007c0000000)
  eden space 3800064K, 100% used [0x0000000672b00000,0x000000075aa00000,0x000000075aa00000)
  from space 819200K, 72% used [0x000000075aa00000,0x000000077efa2ec8,0x000000078ca00000)
  to   space 820736K, 0% used [0x000000078de80000,0x000000078de80000,0x00000007c0000000)
 ParOldGen       total 6235648K, used 4892625K [0x00000003d8000000, 0x0000000554980000, 0x0000000672b00000)
  object space 6235648K, 78% used [0x00000003d8000000,0x00000005029f44a0,0x0000000554980000)
 Metaspace       used 101077K, capacity 112994K, committed 113368K, reserved 1148928K
  class space    used 11676K, capacity 14779K, committed 14848K, reserved 1048576K
Event: 978110.873 GC heap after
Heap after GC invocations=820 (full 13):
 PSYoungGen      total 4590080K, used 493824K [0x0000000672b00000, 0x00000007bcd80000, 0x00000007c0000000)
  eden space 3821056K, 0% used [0x0000000672b00000,0x0000000672b00000,0x000000075be80000)
  from space 769024K, 64% used [0x000000078de80000,0x00000007ac0c0368,0x00000007bcd80000)
  to   space 794112K, 0% used [0x000000075be80000,0x000000075be80000,0x000000078c600000)
 ParOldGen       total 6235648K, used 5484864K [0x00000003d8000000, 0x0000000554980000, 0x0000000672b00000)
  object space 6235648K, 87% used [0x00000003d8000000,0x0000000526c50300,0x0000000554980000)
 Metaspace       used 101077K, capacity 112994K, committed 113368K, reserved 1148928K
  class space    used 11676K, capacity 14779K, committed 14848K, reserved 1048576K
***REMOVED***
Event: 978110.875 GC heap before
{Heap before GC invocations=821 (full 14):
 PSYoungGen      total 4590080K, used 493824K [0x0000000672b00000, 0x00000007bcd80000, 0x00000007c0000000)
  eden space 3821056K, 0% used [0x0000000672b00000,0x0000000672b00000,0x000000075be80000)
  from space 769024K, 64% used [0x000000078de80000,0x00000007ac0c0368,0x00000007bcd80000)
  to   space 794112K, 0% used [0x000000075be80000,0x000000075be80000,0x000000078c600000)
 ParOldGen       total 6235648K, used 5484864K [0x00000003d8000000, 0x0000000554980000, 0x0000000672b00000)
  object space 6235648K, 87% used [0x00000003d8000000,0x0000000526c50300,0x0000000554980000)
 Metaspace       used 101077K, capacity 112994K, committed 113368K, reserved 1148928K
  class space    used 11676K, capacity 14779K, committed 14848K, reserved 1048576K

