GC Heap History (10 events):
Event: 125.361 GC heap before
{Heap before GC invocations=22 (full 5):
 PSYoungGen      total 2663936K, used 1587095K [0x00000006eab00000, 0x00000007b8480000, 0x00000007c0000000)
  eden space 1926656K, 69% used [0x00000006eab00000,0x000000073bef55d0,0x0000000760480000)
  from space 737280K, 34% used [0x000000078b480000,0x000000079ae70a18,0x00000007b8480000)
  to   space 704512K, 0% used [0x0000000760480000,0x0000000760480000,0x000000078b480000)
 ParOldGen       total 6346752K, used 635386K [0x0000000540000000, 0x00000006c3600000, 0x00000006eab00000)
  object space 6346752K, 10% used [0x0000000540000000,0x0000000566c7e8b8,0x00000006c3600000)
 Metaspace       used 256874K, capacity 273238K, committed 273280K, reserved 1282048K
  class space    used 36087K, capacity 40664K, committed 40704K, reserved 1048576K
Event: 125.673 GC heap after
Heap after GC invocations=22 (full 5):
 PSYoungGen      total 2631168K, used 180786K [0x00000006eab00000, 0x00000007bae00000, 0x00000007c0000000)
  eden space 1926656K, 0% used [0x00000006eab00000,0x00000006eab00000,0x0000000760480000)
  from space 704512K, 25% used [0x0000000760480000,0x000000076b50c820,0x000000078b480000)
  to   space 678912K, 0% used [0x0000000791700000,0x0000000791700000,0x00000007bae00000)
 ParOldGen       total 6346752K, used 650764K [0x0000000540000000, 0x00000006c3600000, 0x00000006eab00000)
  object space 6346752K, 10% used [0x0000000540000000,0x0000000567b83018,0x00000006c3600000)
 Metaspace       used 256874K, capacity 273238K, committed 273280K, reserved 1282048K
  class space    used 36087K, capacity 40664K, committed 40704K, reserved 1048576K
***REMOVED***
Event: 125.673 GC heap before
{Heap before GC invocations=23 (full 6):
 PSYoungGen      total 2631168K, used 180786K [0x00000006eab00000, 0x00000007bae00000, 0x00000007c0000000)
  eden space 1926656K, 0% used [0x00000006eab00000,0x00000006eab00000,0x0000000760480000)
  from space 704512K, 25% used [0x0000000760480000,0x000000076b50c820,0x000000078b480000)
  to   space 678912K, 0% used [0x0000000791700000,0x0000000791700000,0x00000007bae00000)
 ParOldGen       total 6346752K, used 650764K [0x0000000540000000, 0x00000006c3600000, 0x00000006eab00000)
  object space 6346752K, 10% used [0x0000000540000000,0x0000000567b83018,0x00000006c3600000)
 Metaspace       used 256874K, capacity 273238K, committed 273280K, reserved 1282048K
  class space    used 36087K, capacity 40664K, committed 40704K, reserved 1048576K
Event: 126.965 GC heap after
Heap after GC invocations=23 (full 6):
 PSYoungGen      total 2631168K, used 0K [0x00000006eab00000, 0x00000007bae00000, 0x00000007c0000000)
  eden space 1926656K, 0% used [0x00000006eab00000,0x00000006eab00000,0x0000000760480000)
  from space 704512K, 0% used [0x0000000760480000,0x0000000760480000,0x000000078b480000)
  to   space 678912K, 0% used [0x0000000791700000,0x0000000791700000,0x00000007bae00000)
 ParOldGen       total 6990848K, used 617842K [0x0000000540000000, 0x00000006eab00000, 0x00000006eab00000)
  object space 6990848K, 8% used [0x0000000540000000,0x0000000565b5c950,0x00000006eab00000)
 Metaspace       used 256811K, capacity 273040K, committed 273280K, reserved 1282048K
  class space    used 36068K, capacity 40631K, committed 40704K, reserved 1048576K
***REMOVED***
Event: 140.200 GC heap before
{Heap before GC invocations=24 (full 6):
 PSYoungGen      total 2631168K, used 1926656K [0x00000006eab00000, 0x00000007bae00000, 0x00000007c0000000)
  eden space 1926656K, 100% used [0x00000006eab00000,0x0000000760480000,0x0000000760480000)
  from space 704512K, 0% used [0x0000000760480000,0x0000000760480000,0x000000078b480000)
  to   space 678912K, 0% used [0x0000000791700000,0x0000000791700000,0x00000007bae00000)
 ParOldGen       total 6990848K, used 617842K [0x0000000540000000, 0x00000006eab00000, 0x00000006eab00000)
  object space 6990848K, 8% used [0x0000000540000000,0x0000000565b5c950,0x00000006eab00000)
 Metaspace       used 330388K, capacity 349452K, committed 349696K, reserved 1347584K
  class space    used 46423K, capacity 51409K, committed 51456K, reserved 1048576K
Event: 140.442 GC heap after
Heap after GC invocations=24 (full 6):
 PSYoungGen      total 2756096K, used 232766K [0x00000006eab00000, 0x00000007ba400000, 0x00000007c0000000)
  eden space 2087424K, 0% used [0x00000006eab00000,0x00000006eab00000,0x000000076a180000)
  from space 668672K, 34% used [0x0000000791700000,0x000000079fa4f970,0x00000007ba400000)
  to   space 644608K, 0% used [0x000000076a180000,0x000000076a180000,0x0000000791700000)
 ParOldGen       total 6990848K, used 617850K [0x0000000540000000, 0x00000006eab00000, 0x00000006eab00000)
  object space 6990848K, 8% used [0x0000000540000000,0x0000000565b5e950,0x00000006eab00000)
 Metaspace       used 330388K, capacity 349452K, committed 349696K, reserved 1347584K
  class space    used 46423K, capacity 51409K, committed 51456K, reserved 1048576K
***REMOVED***
Event: 149.387 GC heap before
{Heap before GC invocations=25 (full 6):
 PSYoungGen      total 2756096K, used 2320190K [0x00000006eab00000, 0x00000007ba400000, 0x00000007c0000000)
  eden space 2087424K, 100% used [0x00000006eab00000,0x000000076a180000,0x000000076a180000)
  from space 668672K, 34% used [0x0000000791700000,0x000000079fa4f970,0x00000007ba400000)
  to   space 644608K, 0% used [0x000000076a180000,0x000000076a180000,0x0000000791700000)
 ParOldGen       total 6990848K, used 617850K [0x0000000540000000, 0x00000006eab00000, 0x00000006eab00000)
  object space 6990848K, 8% used [0x0000000540000000,0x0000000565b5e950,0x00000006eab00000)
 Metaspace       used 355647K, capacity 376288K, committed 376576K, reserved 1370112K
  class space    used 49833K, capacity 55005K, committed 55040K, reserved 1048576K
Event: 149.821 GC heap after
Heap after GC invocations=25 (full 6):
 PSYoungGen      total 2732032K, used 514373K [0x00000006eab00000, 0x00000007ba400000, 0x00000007c0000000)
  eden space 2087424K, 0% used [0x00000006eab00000,0x00000006eab00000,0x000000076a180000)
  from space 644608K, 79% used [0x000000076a180000,0x00000007897d15e8,0x0000000791700000)
  to   space 668672K, 0% used [0x0000000791700000,0x0000000791700000,0x00000007ba400000)
 ParOldGen       total 6990848K, used 678063K [0x0000000540000000, 0x00000006eab00000, 0x00000006eab00000)
  object space 6990848K, 9% used [0x0000000540000000,0x000000056962bfc8,0x00000006eab00000)
 Metaspace       used 355647K, capacity 376288K, committed 376576K, reserved 1370112K
  class space    used 49833K, capacity 55005K, committed 55040K, reserved 1048576K
***REMOVED***
Event: 157.662 GC heap before
{Heap before GC invocations=26 (full 6):
 PSYoungGen      total 2732032K, used 2601797K [0x00000006eab00000, 0x00000007ba400000, 0x00000007c0000000)
  eden space 2087424K, 100% used [0x00000006eab00000,0x000000076a180000,0x000000076a180000)
  from space 644608K, 79% used [0x000000076a180000,0x00000007897d15e8,0x0000000791700000)
  to   space 668672K, 0% used [0x0000000791700000,0x0000000791700000,0x00000007ba400000)
 ParOldGen       total 6990848K, used 678063K [0x0000000540000000, 0x00000006eab00000, 0x00000006eab00000)
  object space 6990848K, 9% used [0x0000000540000000,0x000000056962bfc8,0x00000006eab00000)
 Metaspace       used 361682K, capacity 385091K, committed 385280K, reserved 1380352K
  class space    used 50358K, capacity 55953K, committed 56064K, reserved 1048576K
Event: 157.959 GC heap after
Heap after GC invocations=26 (full 6):
 PSYoungGen      total 2756096K, used 349985K [0x00000006eab00000, 0x00000007ba400000, 0x00000007c0000000)
  eden space 2087424K, 0% used [0x00000006eab00000,0x00000006eab00000,0x000000076a180000)
  from space 668672K, 52% used [0x0000000791700000,0x00000007a6cc85b0,0x00000007ba400000)
  to   space 644608K, 0% used [0x000000076a180000,0x000000076a180000,0x0000000791700000)
 ParOldGen       total 6990848K, used 728328K [0x0000000540000000, 0x00000006eab00000, 0x00000006eab00000)
  object space 6990848K, 10% used [0x0000000540000000,0x000000056c742308,0x00000006eab00000)
 Metaspace       used 361682K, capacity 385091K, committed 385280K, reserved 1380352K
  class space    used 50358K, capacity 55953K, committed 56064K, reserved 1048576K
***REMOVED***

