# JRE version: Java(TM) SE Runtime Environment (8.0_192-b26) (build 1.8.0_192-b26)
# Java VM: Java HotSpot(TM) 64-Bit Server VM (25.192-b26 mixed mode linux-amd64 compressed oops)
Heap:
 PSYoungGen      total 1310208K, used 642970K [0x000000076ab00000, 0x00000007c0000000, 0x00000007c0000000)
  eden space 1222656K, 45% used [0x000000076ab00000,0x000000078cc55930,0x00000007b5500000)
  from space 87552K, 96% used [0x00000007baa80000,0x00000007bfd11070,0x00000007c0000000)
  to   space 87552K, 0% used [0x00000007b5500000,0x00000007b5500000,0x00000007baa80000)
 ParOldGen       total 2796544K, used 1808537K [0x00000006c0000000, 0x000000076ab00000, 0x000000076ab00000)
  object space 2796544K, 64% used [0x00000006c0000000,0x000000072e6264e8,0x000000076ab00000)
 Metaspace       used 195302K, capacity 208992K, committed 210368K, reserved 1232896K
  class space    used 23488K, capacity 27113K, committed 27328K, reserved 1048576K
GC Heap History (10 events):
Event: 113345.075 GC heap before
{Heap before GC invocations=1296 (full 6):
 PSYoungGen      total 1309696K, used 1306041K [0x000000076ab00000, 0x00000007c0000000, 0x00000007c0000000)
  eden space 1221632K, 100% used [0x000000076ab00000,0x00000007b5400000,0x00000007b5400000)
  from space 88064K, 95% used [0x00000007b5400000,0x00000007ba66e588,0x00000007baa00000)
  to   space 87552K, 0% used [0x00000007baa80000,0x00000007baa80000,0x00000007c0000000)
 ParOldGen       total 2796544K, used 1796161K [0x00000006c0000000, 0x000000076ab00000, 0x000000076ab00000)
  object space 2796544K, 64% used [0x00000006c0000000,0x000000072da104a8,0x000000076ab00000)
 Metaspace       used 195282K, capacity 208988K, committed 210368K, reserved 1232896K
  class space    used 23488K, capacity 27113K, committed 27328K, reserved 1048576K
Event: 113345.157 GC heap after
Heap after GC invocations=1296 (full 6):
 PSYoungGen      total 1310208K, used 83751K [0x000000076ab00000, 0x00000007c0000000, 0x00000007c0000000)
  eden space 1222656K, 0% used [0x000000076ab00000,0x000000076ab00000,0x00000007b5500000)
  from space 87552K, 95% used [0x00000007baa80000,0x00000007bfc49fe0,0x00000007c0000000)
  to   space 87552K, 0% used [0x00000007b5500000,0x00000007b5500000,0x00000007baa80000)
 ParOldGen       total 2796544K, used 1798409K [0x00000006c0000000, 0x000000076ab00000, 0x000000076ab00000)
  object space 2796544K, 64% used [0x00000006c0000000,0x000000072dc424a8,0x000000076ab00000)
 Metaspace       used 195282K, capacity 208988K, committed 210368K, reserved 1232896K
  class space    used 23488K, capacity 27113K, committed 27328K, reserved 1048576K
}
Event: 113362.236 GC heap before
{Heap before GC invocations=1297 (full 6):
 PSYoungGen      total 1310208K, used 1306407K [0x000000076ab00000, 0x00000007c0000000, 0x00000007c0000000)
  eden space 1222656K, 100% used [0x000000076ab00000,0x00000007b5500000,0x00000007b5500000)
  from space 87552K, 95% used [0x00000007baa80000,0x00000007bfc49fe0,0x00000007c0000000)
  to   space 87552K, 0% used [0x00000007b5500000,0x00000007b5500000,0x00000007baa80000)
 ParOldGen       total 2796544K, used 1798409K [0x00000006c0000000, 0x000000076ab00000, 0x000000076ab00000)
  object space 2796544K, 64% used [0x00000006c0000000,0x000000072dc424a8,0x000000076ab00000)
 Metaspace       used 195283K, capacity 208992K, committed 210368K, reserved 1232896K
  class space    used 23488K, capacity 27113K, committed 27328K, reserved 1048576K
Event: 113362.315 GC heap after
Heap after GC invocations=1297 (full 6):
 PSYoungGen      total 1310208K, used 80496K [0x000000076ab00000, 0x00000007c0000000, 0x00000007c0000000)
  eden space 1222656K, 0% used [0x000000076ab00000,0x000000076ab00000,0x00000007b5500000)
  from space 87552K, 91% used [0x00000007b5500000,0x00000007ba39c110,0x00000007baa80000)
  to   space 87552K, 0% used [0x00000007baa80000,0x00000007baa80000,0x00000007c0000000)
 ParOldGen       total 2796544K, used 1800849K [0x00000006c0000000, 0x000000076ab00000, 0x000000076ab00000)
  object space 2796544K, 64% used [0x00000006c0000000,0x000000072dea44a8,0x000000076ab00000)
 Metaspace       used 195283K, capacity 208992K, committed 210368K, reserved 1232896K
  class space    used 23488K, capacity 27113K, committed 27328K, reserved 1048576K
}
Event: 113378.576 GC heap before
{Heap before GC invocations=1298 (full 6):
 PSYoungGen      total 1310208K, used 1303152K [0x000000076ab00000, 0x00000007c0000000, 0x00000007c0000000)
  eden space 1222656K, 100% used [0x000000076ab00000,0x00000007b5500000,0x00000007b5500000)
  from space 87552K, 91% used [0x00000007b5500000,0x00000007ba39c110,0x00000007baa80000)
  to   space 87552K, 0% used [0x00000007baa80000,0x00000007baa80000,0x00000007c0000000)
 ParOldGen       total 2796544K, used 1800849K [0x00000006c0000000, 0x000000076ab00000, 0x000000076ab00000)
  object space 2796544K, 64% used [0x00000006c0000000,0x000000072dea44a8,0x000000076ab00000)
 Metaspace       used 195283K, capacity 208992K, committed 210368K, reserved 1232896K
  class space    used 23488K, capacity 27113K, committed 27328K, reserved 1048576K
Event: 113378.662 GC heap after
Heap after GC invocations=1298 (full 6):
 PSYoungGen      total 1309184K, used 85479K [0x000000076ab00000, 0x00000007c0000000, 0x00000007c0000000)
  eden space 1221632K, 0% used [0x000000076ab00000,0x000000076ab00000,0x00000007b5400000)
  from space 87552K, 97% used [0x00000007baa80000,0x00000007bfdf9fe0,0x00000007c0000000)
  to   space 88064K, 0% used [0x00000007b5400000,0x00000007b5400000,0x00000007baa00000)
 ParOldGen       total 2796544K, used 1803521K [0x00000006c0000000, 0x000000076ab00000, 0x000000076ab00000)
  object space 2796544K, 64% used [0x00000006c0000000,0x000000072e1404a8,0x000000076ab00000)
 Metaspace       used 195283K, capacity 208992K, committed 210368K, reserved 1232896K
  class space    used 23488K, capacity 27113K, committed 27328K, reserved 1048576K
}
Event: 113396.055 GC heap before
{Heap before GC invocations=1299 (full 6):
 PSYoungGen      total 1309184K, used 1307111K [0x000000076ab00000, 0x00000007c0000000, 0x00000007c0000000)
  eden space 1221632K, 100% used [0x000000076ab00000,0x00000007b5400000,0x00000007b5400000)
  from space 87552K, 97% used [0x00000007baa80000,0x00000007bfdf9fe0,0x00000007c0000000)
  to   space 88064K, 0% used [0x00000007b5400000,0x00000007b5400000,0x00000007baa00000)
 ParOldGen       total 2796544K, used 1803521K [0x00000006c0000000, 0x000000076ab00000, 0x000000076ab00000)
  object space 2796544K, 64% used [0x00000006c0000000,0x000000072e1404a8,0x000000076ab00000)
 Metaspace       used 195283K, capacity 208992K, committed 210368K, reserved 1232896K
  class space    used 23488K, capacity 27113K, committed 27328K, reserved 1048576K
Event: 113396.145 GC heap after
Heap after GC invocations=1299 (full 6):
 PSYoungGen      total 1309696K, used 83124K [0x000000076ab00000, 0x00000007c0000000, 0x00000007c0000000)
  eden space 1221632K, 0% used [0x000000076ab00000,0x000000076ab00000,0x00000007b5400000)
  from space 88064K, 94% used [0x00000007b5400000,0x00000007ba52d2f0,0x00000007baa00000)
  to   space 87552K, 0% used [0x00000007baa80000,0x00000007baa80000,0x00000007c0000000)
 ParOldGen       total 2796544K, used 1806065K [0x00000006c0000000, 0x000000076ab00000, 0x000000076ab00000)
  object space 2796544K, 64% used [0x00000006c0000000,0x000000072e3bc4d8,0x000000076ab00000)
 Metaspace       used 195283K, capacity 208992K, committed 210368K, reserved 1232896K
  class space    used 23488K, capacity 27113K, committed 27328K, reserved 1048576K
}
Event: 113411.566 GC heap before
{Heap before GC invocations=1300 (full 6):
 PSYoungGen      total 1309696K, used 1304756K [0x000000076ab00000, 0x00000007c0000000, 0x00000007c0000000)
  eden space 1221632K, 100% used [0x000000076ab00000,0x00000007b5400000,0x00000007b5400000)
  from space 88064K, 94% used [0x00000007b5400000,0x00000007ba52d2f0,0x00000007baa00000)
  to   space 87552K, 0% used [0x00000007baa80000,0x00000007baa80000,0x00000007c0000000)
 ParOldGen       total 2796544K, used 1806065K [0x00000006c0000000, 0x000000076ab00000, 0x000000076ab00000)
  object space 2796544K, 64% used [0x00000006c0000000,0x000000072e3bc4d8,0x000000076ab00000)
 Metaspace       used 195299K, capacity 208992K, committed 210368K, reserved 1232896K
  class space    used 23488K, capacity 27113K, committed 27328K, reserved 1048576K
Event: 113411.645 GC heap after
Heap after GC invocations=1300 (full 6):
 PSYoungGen      total 1310208K, used 84548K [0x000000076ab00000, 0x00000007c0000000, 0x00000007c0000000)
  eden space 1222656K, 0% used [0x000000076ab00000,0x000000076ab00000,0x00000007b5500000)
  from space 87552K, 96% used [0x00000007baa80000,0x00000007bfd11070,0x00000007c0000000)
  to   space 87552K, 0% used [0x00000007b5500000,0x00000007b5500000,0x00000007baa80000)
 ParOldGen       total 2796544K, used 1808537K [0x00000006c0000000, 0x000000076ab00000, 0x000000076ab00000)
  object space 2796544K, 64% used [0x00000006c0000000,0x000000072e6264e8,0x000000076ab00000)
 Metaspace       used 195299K, capacity 208992K, committed 210368K, reserved 1232896K
  class space    used 23488K, capacity 27113K, committed 27328K, reserved 1048576K
}


